<?xml version="1.0" encoding="UTF-8"?>
<testsuites name="Android Test Suite" time="857" tests="7" failures="3" errors="0">
   <testsuite name="Android Test Suite" tests="7" failures="3" errors="0" time="857" timestamp="2018-11-20 14:30:14" hostname="buenaanda - 192.168.254.106" id="Test Suites/android/Android Test Suite">
      <properties>
         <property name="deviceName" value="emulator-5554 (Android SDK built for x86 - Android 9)"/>
         <property name="devicePlatform" value=""/>
         <property name="logFolder" value="/Users/buenaanda/Katalon Studio/mobile-automation-katalon/Reports/android/Android Test Suite/20181120_143012"/>
         <property name="logFiles" value="/Users/buenaanda/Katalon Studio/mobile-automation-katalon/Reports/android/Android Test Suite/20181120_143012/execution0.log, /Users/buenaanda/Katalon Studio/mobile-automation-katalon/Reports/android/Android Test Suite/20181120_143012/appium.log"/>
         <property name="attachments" value="/Users/buenaanda/Katalon Studio/mobile-automation-katalon/Reports/android/Android Test Suite/20181120_143012/1542695485586.png, /Users/buenaanda/Katalon Studio/mobile-automation-katalon/Reports/android/Android Test Suite/20181120_143012/1542695561970.png, /Users/buenaanda/Katalon Studio/mobile-automation-katalon/Reports/android/Android Test Suite/20181120_143012/1542695562928.png, /Users/buenaanda/Katalon Studio/mobile-automation-katalon/Reports/android/Android Test Suite/20181120_143012/1542696269817.png"/>
         <property name="hostName" value="buenaanda - 192.168.254.106"/>
         <property name="os" value="Mac OS X 64bit"/>
         <property name="katalonVersion" value="4.1.0.2"/>
         <property name="deviceOS" value="Android"/>
         <property name="appiumVersion" value="1.8.1"/>
         <property name="deviceModel" value="Android SDK built for x86"/>
         <property name="hostAddress" value="192.168.254.106"/>
         <property name="deviceManufacturer" value="Google"/>
         <property name="deviceId" value="emulator-5554"/>
         <property name="deviceName" value="emulator-5554 (Android SDK built for x86 - Android 9)"/>
         <property name="deviceOSVersion" value="9"/>
      </properties>
      <testcase name="Test Cases/android/Login/LOG_06" classname="Test Cases/android/Login/LOG_06" status="PASSED">
         <system-out><![CDATA[2018-11-20 14:30:14 - [TEST_CASE][PASSED] - Test Cases/android/Login/LOG_06: Test Cases/android/Login/LOG_06

2018-11-20 14:30:14 - [TEST_STEP][PASSED] - startApplication: Started app at: '/Users/buenaanda/Katalon Studio/mobile-automation-katalon/Data Files/base.apk'

2018-11-20 14:30:32 - [MESSAGE][PASSED] - Started app at: '/Users/buenaanda/Katalon Studio/mobile-automation-katalon/Data Files/base.apk'

2018-11-20 14:30:32 - [TEST_STEP][PASSED] - android.initial_screen.tapLogin: android.initial_screen.tapLogin is PASSED

2018-11-20 14:30:34 - [MESSAGE][PASSED] - Tapped on element 'Object Repository/android/Initial screen/Login button'

2018-11-20 14:30:34 - [MESSAGE][PASSED] - android.initial_screen.tapLogin is PASSED

2018-11-20 14:30:34 - [TEST_STEP][PASSED] - android.login_screen.enterUsername: android.login_screen.enterUsername is PASSED

2018-11-20 14:30:36 - [MESSAGE][PASSED] - Text '1nvalid' has been set to element 'Object Repository/android/Login screen/Username field'

2018-11-20 14:30:36 - [MESSAGE][PASSED] - android.login_screen.enterUsername is PASSED

2018-11-20 14:30:36 - [TEST_STEP][PASSED] - android.login_screen.enterPassword: android.login_screen.enterPassword is PASSED

2018-11-20 14:30:38 - [MESSAGE][PASSED] - Text 'Hello!23' has been set to element 'Object Repository/android/Login screen/Password field'

2018-11-20 14:30:38 - [MESSAGE][PASSED] - android.login_screen.enterPassword is PASSED

2018-11-20 14:30:38 - [TEST_STEP][PASSED] - android.login_screen.tapLogin: android.login_screen.tapLogin is PASSED

2018-11-20 14:30:41 - [MESSAGE][PASSED] - Tapped on element 'Object Repository/android/Login screen/Login button'

2018-11-20 14:30:44 - [MESSAGE][PASSED] - Delayed 3 second(s)

2018-11-20 14:30:44 - [MESSAGE][PASSED] - android.login_screen.tapLogin is PASSED

2018-11-20 14:30:44 - [TEST_STEP][PASSED] - global.verify_element.notExist: global.verify_element.notExist is PASSED

2018-11-20 14:30:49 - [MESSAGE][PASSED] - Element 'Object Repository/android/OTP Verification screen/OTP Verification screen' not found

2018-11-20 14:30:49 - [MESSAGE][PASSED] - global.verify_element.notExist is PASSED]]></system-out>
         <system-err><![CDATA[]]></system-err>
      </testcase>
      <testcase name="Test Cases/android/Login/LOG_07" classname="Test Cases/android/Login/LOG_07" status="PASSED">
         <system-out><![CDATA[2018-11-20 14:30:49 - [TEST_CASE][PASSED] - Test Cases/android/Login/LOG_07: Test Cases/android/Login/LOG_07

2018-11-20 14:30:49 - [TEST_STEP][PASSED] - android.login_screen.enterUsername: android.login_screen.enterUsername is PASSED

2018-11-20 14:30:51 - [MESSAGE][PASSED] - Text '' has been set to element 'Object Repository/android/Login screen/Username field'

2018-11-20 14:30:51 - [MESSAGE][PASSED] - android.login_screen.enterUsername is PASSED

2018-11-20 14:30:51 - [TEST_STEP][PASSED] - global.verify_element.disabled: global.verify_element.disabled is PASSED

2018-11-20 14:30:51 - [MESSAGE][PASSED] - Element 'Object Repository/android/Login screen/Login button' has attribute 'enabled' is 'false'

2018-11-20 14:30:51 - [MESSAGE][PASSED] - Actual object 'false' and expected object 'false' are equal

2018-11-20 14:30:51 - [MESSAGE][PASSED] - global.verify_element.disabled is PASSED]]></system-out>
         <system-err><![CDATA[]]></system-err>
      </testcase>
      <testcase name="Test Cases/android/Login/LOG_08" classname="Test Cases/android/Login/LOG_08" status="PASSED">
         <system-out><![CDATA[2018-11-20 14:30:51 - [TEST_CASE][PASSED] - Test Cases/android/Login/LOG_08: Test Cases/android/Login/LOG_08

2018-11-20 14:30:51 - [TEST_STEP][PASSED] - android.login_screen.enterUsername: android.login_screen.enterUsername is PASSED

2018-11-20 14:30:53 - [MESSAGE][PASSED] - Text 'allen_15' has been set to element 'Object Repository/android/Login screen/Username field'

2018-11-20 14:30:53 - [MESSAGE][PASSED] - android.login_screen.enterUsername is PASSED

2018-11-20 14:30:53 - [TEST_STEP][PASSED] - android.login_screen.enterPassword: android.login_screen.enterPassword is PASSED

2018-11-20 14:30:55 - [MESSAGE][PASSED] - Text '1ncorrect' has been set to element 'Object Repository/android/Login screen/Password field'

2018-11-20 14:30:55 - [MESSAGE][PASSED] - android.login_screen.enterPassword is PASSED

2018-11-20 14:30:55 - [TEST_STEP][PASSED] - android.login_screen.tapLogin: android.login_screen.tapLogin is PASSED

2018-11-20 14:30:59 - [MESSAGE][PASSED] - Tapped on element 'Object Repository/android/Login screen/Login button'

2018-11-20 14:31:02 - [MESSAGE][PASSED] - Delayed 3 second(s)

2018-11-20 14:31:02 - [MESSAGE][PASSED] - android.login_screen.tapLogin is PASSED

2018-11-20 14:31:02 - [TEST_STEP][PASSED] - global.verify_element.notExist: global.verify_element.notExist is PASSED

2018-11-20 14:31:07 - [MESSAGE][PASSED] - Element 'Object Repository/android/OTP Verification screen/OTP Verification screen' not found

2018-11-20 14:31:07 - [MESSAGE][PASSED] - global.verify_element.notExist is PASSED]]></system-out>
         <system-err><![CDATA[]]></system-err>
      </testcase>
      <testcase name="Test Cases/android/Login/LOG_09" classname="Test Cases/android/Login/LOG_09" status="PASSED">
         <system-out><![CDATA[2018-11-20 14:31:07 - [TEST_CASE][PASSED] - Test Cases/android/Login/LOG_09: Test Cases/android/Login/LOG_09

2018-11-20 14:31:07 - [TEST_STEP][PASSED] - android.login_screen.enterPassword: android.login_screen.enterPassword is PASSED

2018-11-20 14:31:08 - [MESSAGE][PASSED] - Text '' has been set to element 'Object Repository/android/Login screen/Password field'

2018-11-20 14:31:08 - [MESSAGE][PASSED] - android.login_screen.enterPassword is PASSED

2018-11-20 14:31:08 - [TEST_STEP][PASSED] - global.verify_element.disabled: global.verify_element.disabled is PASSED

2018-11-20 14:31:09 - [MESSAGE][PASSED] - Element 'Object Repository/android/Login screen/Login button' has attribute 'enabled' is 'false'

2018-11-20 14:31:09 - [MESSAGE][PASSED] - Actual object 'false' and expected object 'false' are equal

2018-11-20 14:31:09 - [MESSAGE][PASSED] - global.verify_element.disabled is PASSED]]></system-out>
         <system-err><![CDATA[]]></system-err>
      </testcase>
      <testcase name="Test Cases/android/Login/LOG_10" classname="Test Cases/android/Login/LOG_10" status="FAILED">
         <failure type="FAILED" message="(Stack trace: com.kms.katalon.core.exception.StepFailedException: Element 'Object Repository/android/Navigation menu/My Account Menu' is exist
	at com.kms.katalon.core.keyword.internal.KeywordMain.stepFailed(KeywordMain.groovy:32)
	at com.kms.katalon.core.mobile.keyword.internal.MobileKeywordMain.stepFailed(MobileKeywordMain.groovy:40)
	at com.kms.katalon.core.mobile.keyword.builtin.VerifyElementNotExistKeyword$_verifyElementNotExist_closure1.doCall(VerifyElementNotExistKeyword.groovy:74)
	at com.kms.katalon.core.mobile.keyword.builtin.VerifyElementNotExistKeyword$_verifyElementNotExist_closure1.call(VerifyElementNotExistKeyword.groovy)
	at com.kms.katalon.core.mobile.keyword.internal.MobileKeywordMain.runKeyword(MobileKeywordMain.groovy:21)
	at com.kms.katalon.core.mobile.keyword.builtin.VerifyElementNotExistKeyword.verifyElementNotExist(VerifyElementNotExistKeyword.groovy:80)
	at com.kms.katalon.core.mobile.keyword.builtin.VerifyElementNotExistKeyword.execute(VerifyElementNotExistKeyword.groovy:64)
	at com.kms.katalon.core.keyword.internal.KeywordExecutor.executeKeywordForPlatform(KeywordExecutor.groovy:53)
	at com.kms.katalon.core.mobile.keyword.MobileBuiltInKeywords.verifyElementNotExist(MobileBuiltInKeywords.groovy:638)
	at com.kms.katalon.core.mobile.keyword.MobileBuiltInKeywords$verifyElementNotExist$2.call(Unknown Source)
	at global.verify_element.notExist(verify_element.groovy:43)
	at sun.reflect.NativeMethodAccessorImpl.invoke0(Native Method)
	at sun.reflect.NativeMethodAccessorImpl.invoke(NativeMethodAccessorImpl.java:62)
	at sun.reflect.DelegatingMethodAccessorImpl.invoke(DelegatingMethodAccessorImpl.java:43)
	at java.lang.reflect.Method.invoke(Method.java:498)
	at org.codehaus.groovy.reflection.CachedMethod.invoke(CachedMethod.java:93)
	at groovy.lang.MetaMethod.doMethodInvoke(MetaMethod.java:325)
	at groovy.lang.MetaClassImpl.invokeMethod(MetaClassImpl.java:1215)
	at groovy.lang.MetaClassImpl.invokeMethod(MetaClassImpl.java:1024)
	at groovy.lang.MetaClassImpl.invokeMethod(MetaClassImpl.java:812)
	at groovy.lang.DelegatingMetaClass.invokeMethod(DelegatingMetaClass.java:144)
	at global.verify_element.invokeMethod(verify_element.groovy)
	at com.kms.katalon.core.main.CustomKeywordDelegatingMetaClass.invokeStaticMethod(CustomKeywordDelegatingMetaClass.java:46)
	at org.codehaus.groovy.runtime.callsite.StaticMetaClassSite.call(StaticMetaClassSite.java:53)
	at org.codehaus.groovy.runtime.callsite.CallSiteArray.defaultCall(CallSiteArray.java:48)
	at org.codehaus.groovy.runtime.callsite.AbstractCallSite.call(AbstractCallSite.java:113)
	at org.codehaus.groovy.runtime.callsite.AbstractCallSite.call(AbstractCallSite.java:125)
	at Script1542614523706.run(Script1542614523706.groovy:17)
	at com.kms.katalon.core.main.ScriptEngine.run(ScriptEngine.java:183)
	at com.kms.katalon.core.main.ScriptEngine.runScriptAsRawText(ScriptEngine.java:108)
	at com.kms.katalon.core.main.TestCaseExecutor.runScript(TestCaseExecutor.java:294)
	at com.kms.katalon.core.main.TestCaseExecutor.doExecute(TestCaseExecutor.java:285)
	at com.kms.katalon.core.main.TestCaseExecutor.processExecutionPhase(TestCaseExecutor.java:264)
	at com.kms.katalon.core.main.TestCaseExecutor.accessMainPhase(TestCaseExecutor.java:256)
	at com.kms.katalon.core.main.TestCaseExecutor.execute(TestCaseExecutor.java:200)
	at com.kms.katalon.core.main.TestSuiteExecutor.accessTestCaseMainPhase(TestSuiteExecutor.java:129)
	at com.kms.katalon.core.main.TestSuiteExecutor.accessTestSuiteMainPhase(TestSuiteExecutor.java:112)
	at com.kms.katalon.core.main.TestSuiteExecutor.execute(TestSuiteExecutor.java:81)
	at com.kms.katalon.core.main.TestCaseMain.startTestSuite(TestCaseMain.java:142)
	at com.kms.katalon.core.main.TestCaseMain$startTestSuite$0.call(Unknown Source)
	at org.codehaus.groovy.runtime.callsite.CallSiteArray.defaultCall(CallSiteArray.java:48)
	at org.codehaus.groovy.runtime.callsite.AbstractCallSite.call(AbstractCallSite.java:113)
	at org.codehaus.groovy.runtime.callsite.AbstractCallSite.call(AbstractCallSite.java:141)
	at TempTestSuite1542695412167.run(TempTestSuite1542695412167.groovy:36)
	at groovy.lang.GroovyShell.runScriptOrMainOrTestOrRunnable(GroovyShell.java:263)
	at groovy.lang.GroovyShell.run(GroovyShell.java:518)
	at groovy.lang.GroovyShell.run(GroovyShell.java:507)
	at groovy.ui.GroovyMain.processOnce(GroovyMain.java:653)
	at groovy.ui.GroovyMain.run(GroovyMain.java:384)
	at groovy.ui.GroovyMain.process(GroovyMain.java:370)
	at groovy.ui.GroovyMain.processArgs(GroovyMain.java:129)
	at groovy.ui.GroovyMain.main(GroovyMain.java:109)
	at sun.reflect.NativeMethodAccessorImpl.invoke0(Native Method)
	at sun.reflect.NativeMethodAccessorImpl.invoke(NativeMethodAccessorImpl.java:62)
	at sun.reflect.DelegatingMethodAccessorImpl.invoke(DelegatingMethodAccessorImpl.java:43)
	at java.lang.reflect.Method.invoke(Method.java:498)
	at org.codehaus.groovy.tools.GroovyStarter.rootLoader(GroovyStarter.java:109)
	at org.codehaus.groovy.tools.GroovyStarter.main(GroovyStarter.java:131)
)"/>
         <system-out><![CDATA[2018-11-20 14:31:09 - [TEST_CASE][FAILED] - Test Cases/android/Login/LOG_10: Test Cases/android/Login/LOG_10 FAILED because (of) (Stack trace: com.kms.katalon.core.exception.StepFailedException: Element 'Object Repository/android/Navigation menu/My Account Menu' is exist
	at com.kms.katalon.core.keyword.internal.KeywordMain.stepFailed(KeywordMain.groovy:32)
	at com.kms.katalon.core.mobile.keyword.internal.MobileKeywordMain.stepFailed(MobileKeywordMain.groovy:40)
	at com.kms.katalon.core.mobile.keyword.builtin.VerifyElementNotExistKeyword$_verifyElementNotExist_closure1.doCall(VerifyElementNotExistKeyword.groovy:74)
	at com.kms.katalon.core.mobile.keyword.builtin.VerifyElementNotExistKeyword$_verifyElementNotExist_closure1.call(VerifyElementNotExistKeyword.groovy)
	at com.kms.katalon.core.mobile.keyword.internal.MobileKeywordMain.runKeyword(MobileKeywordMain.groovy:21)
	at com.kms.katalon.core.mobile.keyword.builtin.VerifyElementNotExistKeyword.verifyElementNotExist(VerifyElementNotExistKeyword.groovy:80)
	at com.kms.katalon.core.mobile.keyword.builtin.VerifyElementNotExistKeyword.execute(VerifyElementNotExistKeyword.groovy:64)
	at com.kms.katalon.core.keyword.internal.KeywordExecutor.executeKeywordForPlatform(KeywordExecutor.groovy:53)
	at com.kms.katalon.core.mobile.keyword.MobileBuiltInKeywords.verifyElementNotExist(MobileBuiltInKeywords.groovy:638)
	at com.kms.katalon.core.mobile.keyword.MobileBuiltInKeywords$verifyElementNotExist$2.call(Unknown Source)
	at global.verify_element.notExist(verify_element.groovy:43)
	at sun.reflect.NativeMethodAccessorImpl.invoke0(Native Method)
	at sun.reflect.NativeMethodAccessorImpl.invoke(NativeMethodAccessorImpl.java:62)
	at sun.reflect.DelegatingMethodAccessorImpl.invoke(DelegatingMethodAccessorImpl.java:43)
	at java.lang.reflect.Method.invoke(Method.java:498)
	at org.codehaus.groovy.reflection.CachedMethod.invoke(CachedMethod.java:93)
	at groovy.lang.MetaMethod.doMethodInvoke(MetaMethod.java:325)
	at groovy.lang.MetaClassImpl.invokeMethod(MetaClassImpl.java:1215)
	at groovy.lang.MetaClassImpl.invokeMethod(MetaClassImpl.java:1024)
	at groovy.lang.MetaClassImpl.invokeMethod(MetaClassImpl.java:812)
	at groovy.lang.DelegatingMetaClass.invokeMethod(DelegatingMetaClass.java:144)
	at global.verify_element.invokeMethod(verify_element.groovy)
	at com.kms.katalon.core.main.CustomKeywordDelegatingMetaClass.invokeStaticMethod(CustomKeywordDelegatingMetaClass.java:46)
	at org.codehaus.groovy.runtime.callsite.StaticMetaClassSite.call(StaticMetaClassSite.java:53)
	at org.codehaus.groovy.runtime.callsite.CallSiteArray.defaultCall(CallSiteArray.java:48)
	at org.codehaus.groovy.runtime.callsite.AbstractCallSite.call(AbstractCallSite.java:113)
	at org.codehaus.groovy.runtime.callsite.AbstractCallSite.call(AbstractCallSite.java:125)
	at Script1542614523706.run(Script1542614523706.groovy:17)
	at com.kms.katalon.core.main.ScriptEngine.run(ScriptEngine.java:183)
	at com.kms.katalon.core.main.ScriptEngine.runScriptAsRawText(ScriptEngine.java:108)
	at com.kms.katalon.core.main.TestCaseExecutor.runScript(TestCaseExecutor.java:294)
	at com.kms.katalon.core.main.TestCaseExecutor.doExecute(TestCaseExecutor.java:285)
	at com.kms.katalon.core.main.TestCaseExecutor.processExecutionPhase(TestCaseExecutor.java:264)
	at com.kms.katalon.core.main.TestCaseExecutor.accessMainPhase(TestCaseExecutor.java:256)
	at com.kms.katalon.core.main.TestCaseExecutor.execute(TestCaseExecutor.java:200)
	at com.kms.katalon.core.main.TestSuiteExecutor.accessTestCaseMainPhase(TestSuiteExecutor.java:129)
	at com.kms.katalon.core.main.TestSuiteExecutor.accessTestSuiteMainPhase(TestSuiteExecutor.java:112)
	at com.kms.katalon.core.main.TestSuiteExecutor.execute(TestSuiteExecutor.java:81)
	at com.kms.katalon.core.main.TestCaseMain.startTestSuite(TestCaseMain.java:142)
	at com.kms.katalon.core.main.TestCaseMain$startTestSuite$0.call(Unknown Source)
	at org.codehaus.groovy.runtime.callsite.CallSiteArray.defaultCall(CallSiteArray.java:48)
	at org.codehaus.groovy.runtime.callsite.AbstractCallSite.call(AbstractCallSite.java:113)
	at org.codehaus.groovy.runtime.callsite.AbstractCallSite.call(AbstractCallSite.java:141)
	at TempTestSuite1542695412167.run(TempTestSuite1542695412167.groovy:36)
	at groovy.lang.GroovyShell.runScriptOrMainOrTestOrRunnable(GroovyShell.java:263)
	at groovy.lang.GroovyShell.run(GroovyShell.java:518)
	at groovy.lang.GroovyShell.run(GroovyShell.java:507)
	at groovy.ui.GroovyMain.processOnce(GroovyMain.java:653)
	at groovy.ui.GroovyMain.run(GroovyMain.java:384)
	at groovy.ui.GroovyMain.process(GroovyMain.java:370)
	at groovy.ui.GroovyMain.processArgs(GroovyMain.java:129)
	at groovy.ui.GroovyMain.main(GroovyMain.java:109)
	at sun.reflect.NativeMethodAccessorImpl.invoke0(Native Method)
	at sun.reflect.NativeMethodAccessorImpl.invoke(NativeMethodAccessorImpl.java:62)
	at sun.reflect.DelegatingMethodAccessorImpl.invoke(DelegatingMethodAccessorImpl.java:43)
	at java.lang.reflect.Method.invoke(Method.java:498)
	at org.codehaus.groovy.tools.GroovyStarter.rootLoader(GroovyStarter.java:109)
	at org.codehaus.groovy.tools.GroovyStarter.main(GroovyStarter.java:131)
)

2018-11-20 14:31:09 - [TEST_STEP][PASSED] - android.login_screen.enterUsername: android.login_screen.enterUsername is PASSED

2018-11-20 14:31:10 - [MESSAGE][PASSED] - Text 'allen_15' has been set to element 'Object Repository/android/Login screen/Username field'

2018-11-20 14:31:10 - [MESSAGE][PASSED] - android.login_screen.enterUsername is PASSED

2018-11-20 14:31:10 - [TEST_STEP][PASSED] - android.login_screen.enterPassword: android.login_screen.enterPassword is PASSED

2018-11-20 14:31:12 - [MESSAGE][PASSED] - Text 'Hello!23' has been set to element 'Object Repository/android/Login screen/Password field'

2018-11-20 14:31:12 - [MESSAGE][PASSED] - android.login_screen.enterPassword is PASSED

2018-11-20 14:31:12 - [TEST_STEP][PASSED] - android.login_screen.tapLogin: android.login_screen.tapLogin is PASSED

2018-11-20 14:31:16 - [MESSAGE][PASSED] - Tapped on element 'Object Repository/android/Login screen/Login button'

2018-11-20 14:31:19 - [MESSAGE][PASSED] - Delayed 3 second(s)

2018-11-20 14:31:19 - [MESSAGE][PASSED] - android.login_screen.tapLogin is PASSED

2018-11-20 14:31:19 - [TEST_STEP][PASSED] - android.otp_verification_screen.enterOTP: android.otp_verification_screen.enterOTP is PASSED

2018-11-20 14:31:19 - [MESSAGE][PASSED] - Element 'Object Repository/android/OTP Verification screen/OTP Verification screen' is present

2018-11-20 14:31:20 - [MESSAGE][PASSED] - android.otp_verification_screen.enterOTP is PASSED

2018-11-20 14:31:20 - [TEST_STEP][FAILED] - global.verify_element.notExist: Element 'Object Repository/android/Navigation menu/My Account Menu' is exist

2018-11-20 14:31:26 - [MESSAGE][FAILED] - Element 'Object Repository/android/Navigation menu/My Account Menu' is exist
[[ATTACHMENT|/Users/buenaanda/Katalon Studio/mobile-automation-katalon/Reports/android/Android Test Suite/20181120_143012/1542695485586.png]]

2018-11-20 14:31:26 - [MESSAGE][FAILED] - Element 'Object Repository/android/Navigation menu/My Account Menu' is exist]]></system-out>
         <system-err><![CDATA[2018-11-20 14:31:09 - [TEST_CASE][FAILED] - Test Cases/android/Login/LOG_10: Test Cases/android/Login/LOG_10 FAILED because (of) (Stack trace: com.kms.katalon.core.exception.StepFailedException: Element 'Object Repository/android/Navigation menu/My Account Menu' is exist
	at com.kms.katalon.core.keyword.internal.KeywordMain.stepFailed(KeywordMain.groovy:32)
	at com.kms.katalon.core.mobile.keyword.internal.MobileKeywordMain.stepFailed(MobileKeywordMain.groovy:40)
	at com.kms.katalon.core.mobile.keyword.builtin.VerifyElementNotExistKeyword$_verifyElementNotExist_closure1.doCall(VerifyElementNotExistKeyword.groovy:74)
	at com.kms.katalon.core.mobile.keyword.builtin.VerifyElementNotExistKeyword$_verifyElementNotExist_closure1.call(VerifyElementNotExistKeyword.groovy)
	at com.kms.katalon.core.mobile.keyword.internal.MobileKeywordMain.runKeyword(MobileKeywordMain.groovy:21)
	at com.kms.katalon.core.mobile.keyword.builtin.VerifyElementNotExistKeyword.verifyElementNotExist(VerifyElementNotExistKeyword.groovy:80)
	at com.kms.katalon.core.mobile.keyword.builtin.VerifyElementNotExistKeyword.execute(VerifyElementNotExistKeyword.groovy:64)
	at com.kms.katalon.core.keyword.internal.KeywordExecutor.executeKeywordForPlatform(KeywordExecutor.groovy:53)
	at com.kms.katalon.core.mobile.keyword.MobileBuiltInKeywords.verifyElementNotExist(MobileBuiltInKeywords.groovy:638)
	at com.kms.katalon.core.mobile.keyword.MobileBuiltInKeywords$verifyElementNotExist$2.call(Unknown Source)
	at global.verify_element.notExist(verify_element.groovy:43)
	at sun.reflect.NativeMethodAccessorImpl.invoke0(Native Method)
	at sun.reflect.NativeMethodAccessorImpl.invoke(NativeMethodAccessorImpl.java:62)
	at sun.reflect.DelegatingMethodAccessorImpl.invoke(DelegatingMethodAccessorImpl.java:43)
	at java.lang.reflect.Method.invoke(Method.java:498)
	at org.codehaus.groovy.reflection.CachedMethod.invoke(CachedMethod.java:93)
	at groovy.lang.MetaMethod.doMethodInvoke(MetaMethod.java:325)
	at groovy.lang.MetaClassImpl.invokeMethod(MetaClassImpl.java:1215)
	at groovy.lang.MetaClassImpl.invokeMethod(MetaClassImpl.java:1024)
	at groovy.lang.MetaClassImpl.invokeMethod(MetaClassImpl.java:812)
	at groovy.lang.DelegatingMetaClass.invokeMethod(DelegatingMetaClass.java:144)
	at global.verify_element.invokeMethod(verify_element.groovy)
	at com.kms.katalon.core.main.CustomKeywordDelegatingMetaClass.invokeStaticMethod(CustomKeywordDelegatingMetaClass.java:46)
	at org.codehaus.groovy.runtime.callsite.StaticMetaClassSite.call(StaticMetaClassSite.java:53)
	at org.codehaus.groovy.runtime.callsite.CallSiteArray.defaultCall(CallSiteArray.java:48)
	at org.codehaus.groovy.runtime.callsite.AbstractCallSite.call(AbstractCallSite.java:113)
	at org.codehaus.groovy.runtime.callsite.AbstractCallSite.call(AbstractCallSite.java:125)
	at Script1542614523706.run(Script1542614523706.groovy:17)
	at com.kms.katalon.core.main.ScriptEngine.run(ScriptEngine.java:183)
	at com.kms.katalon.core.main.ScriptEngine.runScriptAsRawText(ScriptEngine.java:108)
	at com.kms.katalon.core.main.TestCaseExecutor.runScript(TestCaseExecutor.java:294)
	at com.kms.katalon.core.main.TestCaseExecutor.doExecute(TestCaseExecutor.java:285)
	at com.kms.katalon.core.main.TestCaseExecutor.processExecutionPhase(TestCaseExecutor.java:264)
	at com.kms.katalon.core.main.TestCaseExecutor.accessMainPhase(TestCaseExecutor.java:256)
	at com.kms.katalon.core.main.TestCaseExecutor.execute(TestCaseExecutor.java:200)
	at com.kms.katalon.core.main.TestSuiteExecutor.accessTestCaseMainPhase(TestSuiteExecutor.java:129)
	at com.kms.katalon.core.main.TestSuiteExecutor.accessTestSuiteMainPhase(TestSuiteExecutor.java:112)
	at com.kms.katalon.core.main.TestSuiteExecutor.execute(TestSuiteExecutor.java:81)
	at com.kms.katalon.core.main.TestCaseMain.startTestSuite(TestCaseMain.java:142)
	at com.kms.katalon.core.main.TestCaseMain$startTestSuite$0.call(Unknown Source)
	at org.codehaus.groovy.runtime.callsite.CallSiteArray.defaultCall(CallSiteArray.java:48)
	at org.codehaus.groovy.runtime.callsite.AbstractCallSite.call(AbstractCallSite.java:113)
	at org.codehaus.groovy.runtime.callsite.AbstractCallSite.call(AbstractCallSite.java:141)
	at TempTestSuite1542695412167.run(TempTestSuite1542695412167.groovy:36)
	at groovy.lang.GroovyShell.runScriptOrMainOrTestOrRunnable(GroovyShell.java:263)
	at groovy.lang.GroovyShell.run(GroovyShell.java:518)
	at groovy.lang.GroovyShell.run(GroovyShell.java:507)
	at groovy.ui.GroovyMain.processOnce(GroovyMain.java:653)
	at groovy.ui.GroovyMain.run(GroovyMain.java:384)
	at groovy.ui.GroovyMain.process(GroovyMain.java:370)
	at groovy.ui.GroovyMain.processArgs(GroovyMain.java:129)
	at groovy.ui.GroovyMain.main(GroovyMain.java:109)
	at sun.reflect.NativeMethodAccessorImpl.invoke0(Native Method)
	at sun.reflect.NativeMethodAccessorImpl.invoke(NativeMethodAccessorImpl.java:62)
	at sun.reflect.DelegatingMethodAccessorImpl.invoke(DelegatingMethodAccessorImpl.java:43)
	at java.lang.reflect.Method.invoke(Method.java:498)
	at org.codehaus.groovy.tools.GroovyStarter.rootLoader(GroovyStarter.java:109)
	at org.codehaus.groovy.tools.GroovyStarter.main(GroovyStarter.java:131)
)]]></system-err>
      </testcase>
      <testcase name="Test Cases/android/Login/LOG_11" classname="Test Cases/android/Login/LOG_11" status="FAILED">
         <failure type="FAILED" message="(Stack trace: com.kms.katalon.core.exception.StepFailedException: Failed to tap on element 'Object Repository/android/OTP Verification screen/Resend button' (Root cause: Object Object Repository/android/OTP Verification screen/Resend button not found)
	at com.kms.katalon.core.keyword.internal.KeywordMain.stepFailed(KeywordMain.groovy:36)
	at com.kms.katalon.core.mobile.keyword.internal.MobileKeywordMain.stepFailed(MobileKeywordMain.groovy:40)
	at com.kms.katalon.core.mobile.keyword.internal.MobileKeywordMain.runKeyword(MobileKeywordMain.groovy:23)
	at com.kms.katalon.core.mobile.keyword.builtin.TapKeyword.tap(TapKeyword.groovy:83)
	at com.kms.katalon.core.mobile.keyword.builtin.TapKeyword.execute(TapKeyword.groovy:66)
	at com.kms.katalon.core.keyword.internal.KeywordExecutor.executeKeywordForPlatform(KeywordExecutor.groovy:53)
	at com.kms.katalon.core.mobile.keyword.MobileBuiltInKeywords.tap(MobileBuiltInKeywords.groovy:471)
	at com.kms.katalon.core.mobile.keyword.MobileBuiltInKeywords$tap$0.call(Unknown Source)
	at org.codehaus.groovy.runtime.callsite.CallSiteArray.defaultCall(CallSiteArray.java:48)
	at org.codehaus.groovy.runtime.callsite.AbstractCallSite.call(AbstractCallSite.java:113)
	at org.codehaus.groovy.runtime.callsite.AbstractCallSite.call(AbstractCallSite.java:141)
	at android.otp_verification_screen.tapResend(otp_verification_screen.groovy:23)
	at sun.reflect.NativeMethodAccessorImpl.invoke0(Native Method)
	at sun.reflect.NativeMethodAccessorImpl.invoke(NativeMethodAccessorImpl.java:62)
	at sun.reflect.DelegatingMethodAccessorImpl.invoke(DelegatingMethodAccessorImpl.java:43)
	at java.lang.reflect.Method.invoke(Method.java:498)
	at org.codehaus.groovy.reflection.CachedMethod.invoke(CachedMethod.java:93)
	at groovy.lang.MetaMethod.doMethodInvoke(MetaMethod.java:325)
	at groovy.lang.MetaClassImpl.invokeMethod(MetaClassImpl.java:1215)
	at groovy.lang.MetaClassImpl.invokeMethod(MetaClassImpl.java:1024)
	at groovy.lang.MetaClassImpl.invokeMethod(MetaClassImpl.java:812)
	at groovy.lang.DelegatingMetaClass.invokeMethod(DelegatingMetaClass.java:144)
	at android.otp_verification_screen.invokeMethod(otp_verification_screen.groovy)
	at com.kms.katalon.core.main.CustomKeywordDelegatingMetaClass.invokeStaticMethod(CustomKeywordDelegatingMetaClass.java:46)
	at org.codehaus.groovy.runtime.callsite.StaticMetaClassSite.call(StaticMetaClassSite.java:53)
	at org.codehaus.groovy.runtime.callsite.CallSiteArray.defaultCall(CallSiteArray.java:48)
	at org.codehaus.groovy.runtime.callsite.AbstractCallSite.call(AbstractCallSite.java:113)
	at org.codehaus.groovy.runtime.callsite.AbstractCallSite.call(AbstractCallSite.java:117)
	at Script1542614618443.run(Script1542614618443.groovy:9)
	at com.kms.katalon.core.main.ScriptEngine.run(ScriptEngine.java:183)
	at com.kms.katalon.core.main.ScriptEngine.runScriptAsRawText(ScriptEngine.java:108)
	at com.kms.katalon.core.main.TestCaseExecutor.runScript(TestCaseExecutor.java:294)
	at com.kms.katalon.core.main.TestCaseExecutor.doExecute(TestCaseExecutor.java:285)
	at com.kms.katalon.core.main.TestCaseExecutor.processExecutionPhase(TestCaseExecutor.java:264)
	at com.kms.katalon.core.main.TestCaseExecutor.accessMainPhase(TestCaseExecutor.java:256)
	at com.kms.katalon.core.main.TestCaseExecutor.execute(TestCaseExecutor.java:200)
	at com.kms.katalon.core.main.TestSuiteExecutor.accessTestCaseMainPhase(TestSuiteExecutor.java:129)
	at com.kms.katalon.core.main.TestSuiteExecutor.accessTestSuiteMainPhase(TestSuiteExecutor.java:112)
	at com.kms.katalon.core.main.TestSuiteExecutor.execute(TestSuiteExecutor.java:81)
	at com.kms.katalon.core.main.TestCaseMain.startTestSuite(TestCaseMain.java:142)
	at com.kms.katalon.core.main.TestCaseMain$startTestSuite$0.call(Unknown Source)
	at org.codehaus.groovy.runtime.callsite.CallSiteArray.defaultCall(CallSiteArray.java:48)
	at org.codehaus.groovy.runtime.callsite.AbstractCallSite.call(AbstractCallSite.java:113)
	at org.codehaus.groovy.runtime.callsite.AbstractCallSite.call(AbstractCallSite.java:141)
	at TempTestSuite1542695412167.run(TempTestSuite1542695412167.groovy:36)
	at groovy.lang.GroovyShell.runScriptOrMainOrTestOrRunnable(GroovyShell.java:263)
	at groovy.lang.GroovyShell.run(GroovyShell.java:518)
	at groovy.lang.GroovyShell.run(GroovyShell.java:507)
	at groovy.ui.GroovyMain.processOnce(GroovyMain.java:653)
	at groovy.ui.GroovyMain.run(GroovyMain.java:384)
	at groovy.ui.GroovyMain.process(GroovyMain.java:370)
	at groovy.ui.GroovyMain.processArgs(GroovyMain.java:129)
	at groovy.ui.GroovyMain.main(GroovyMain.java:109)
	at sun.reflect.NativeMethodAccessorImpl.invoke0(Native Method)
	at sun.reflect.NativeMethodAccessorImpl.invoke(NativeMethodAccessorImpl.java:62)
	at sun.reflect.DelegatingMethodAccessorImpl.invoke(DelegatingMethodAccessorImpl.java:43)
	at java.lang.reflect.Method.invoke(Method.java:498)
	at org.codehaus.groovy.tools.GroovyStarter.rootLoader(GroovyStarter.java:109)
	at org.codehaus.groovy.tools.GroovyStarter.main(GroovyStarter.java:131)
)"/>
         <system-out><![CDATA[2018-11-20 14:31:26 - [TEST_CASE][FAILED] - Test Cases/android/Login/LOG_11: Test Cases/android/Login/LOG_11 FAILED because (of) (Stack trace: com.kms.katalon.core.exception.StepFailedException: Failed to tap on element 'Object Repository/android/OTP Verification screen/Resend button' (Root cause: Object Object Repository/android/OTP Verification screen/Resend button not found)
	at com.kms.katalon.core.keyword.internal.KeywordMain.stepFailed(KeywordMain.groovy:36)
	at com.kms.katalon.core.mobile.keyword.internal.MobileKeywordMain.stepFailed(MobileKeywordMain.groovy:40)
	at com.kms.katalon.core.mobile.keyword.internal.MobileKeywordMain.runKeyword(MobileKeywordMain.groovy:23)
	at com.kms.katalon.core.mobile.keyword.builtin.TapKeyword.tap(TapKeyword.groovy:83)
	at com.kms.katalon.core.mobile.keyword.builtin.TapKeyword.execute(TapKeyword.groovy:66)
	at com.kms.katalon.core.keyword.internal.KeywordExecutor.executeKeywordForPlatform(KeywordExecutor.groovy:53)
	at com.kms.katalon.core.mobile.keyword.MobileBuiltInKeywords.tap(MobileBuiltInKeywords.groovy:471)
	at com.kms.katalon.core.mobile.keyword.MobileBuiltInKeywords$tap$0.call(Unknown Source)
	at org.codehaus.groovy.runtime.callsite.CallSiteArray.defaultCall(CallSiteArray.java:48)
	at org.codehaus.groovy.runtime.callsite.AbstractCallSite.call(AbstractCallSite.java:113)
	at org.codehaus.groovy.runtime.callsite.AbstractCallSite.call(AbstractCallSite.java:141)
	at android.otp_verification_screen.tapResend(otp_verification_screen.groovy:23)
	at sun.reflect.NativeMethodAccessorImpl.invoke0(Native Method)
	at sun.reflect.NativeMethodAccessorImpl.invoke(NativeMethodAccessorImpl.java:62)
	at sun.reflect.DelegatingMethodAccessorImpl.invoke(DelegatingMethodAccessorImpl.java:43)
	at java.lang.reflect.Method.invoke(Method.java:498)
	at org.codehaus.groovy.reflection.CachedMethod.invoke(CachedMethod.java:93)
	at groovy.lang.MetaMethod.doMethodInvoke(MetaMethod.java:325)
	at groovy.lang.MetaClassImpl.invokeMethod(MetaClassImpl.java:1215)
	at groovy.lang.MetaClassImpl.invokeMethod(MetaClassImpl.java:1024)
	at groovy.lang.MetaClassImpl.invokeMethod(MetaClassImpl.java:812)
	at groovy.lang.DelegatingMetaClass.invokeMethod(DelegatingMetaClass.java:144)
	at android.otp_verification_screen.invokeMethod(otp_verification_screen.groovy)
	at com.kms.katalon.core.main.CustomKeywordDelegatingMetaClass.invokeStaticMethod(CustomKeywordDelegatingMetaClass.java:46)
	at org.codehaus.groovy.runtime.callsite.StaticMetaClassSite.call(StaticMetaClassSite.java:53)
	at org.codehaus.groovy.runtime.callsite.CallSiteArray.defaultCall(CallSiteArray.java:48)
	at org.codehaus.groovy.runtime.callsite.AbstractCallSite.call(AbstractCallSite.java:113)
	at org.codehaus.groovy.runtime.callsite.AbstractCallSite.call(AbstractCallSite.java:117)
	at Script1542614618443.run(Script1542614618443.groovy:9)
	at com.kms.katalon.core.main.ScriptEngine.run(ScriptEngine.java:183)
	at com.kms.katalon.core.main.ScriptEngine.runScriptAsRawText(ScriptEngine.java:108)
	at com.kms.katalon.core.main.TestCaseExecutor.runScript(TestCaseExecutor.java:294)
	at com.kms.katalon.core.main.TestCaseExecutor.doExecute(TestCaseExecutor.java:285)
	at com.kms.katalon.core.main.TestCaseExecutor.processExecutionPhase(TestCaseExecutor.java:264)
	at com.kms.katalon.core.main.TestCaseExecutor.accessMainPhase(TestCaseExecutor.java:256)
	at com.kms.katalon.core.main.TestCaseExecutor.execute(TestCaseExecutor.java:200)
	at com.kms.katalon.core.main.TestSuiteExecutor.accessTestCaseMainPhase(TestSuiteExecutor.java:129)
	at com.kms.katalon.core.main.TestSuiteExecutor.accessTestSuiteMainPhase(TestSuiteExecutor.java:112)
	at com.kms.katalon.core.main.TestSuiteExecutor.execute(TestSuiteExecutor.java:81)
	at com.kms.katalon.core.main.TestCaseMain.startTestSuite(TestCaseMain.java:142)
	at com.kms.katalon.core.main.TestCaseMain$startTestSuite$0.call(Unknown Source)
	at org.codehaus.groovy.runtime.callsite.CallSiteArray.defaultCall(CallSiteArray.java:48)
	at org.codehaus.groovy.runtime.callsite.AbstractCallSite.call(AbstractCallSite.java:113)
	at org.codehaus.groovy.runtime.callsite.AbstractCallSite.call(AbstractCallSite.java:141)
	at TempTestSuite1542695412167.run(TempTestSuite1542695412167.groovy:36)
	at groovy.lang.GroovyShell.runScriptOrMainOrTestOrRunnable(GroovyShell.java:263)
	at groovy.lang.GroovyShell.run(GroovyShell.java:518)
	at groovy.lang.GroovyShell.run(GroovyShell.java:507)
	at groovy.ui.GroovyMain.processOnce(GroovyMain.java:653)
	at groovy.ui.GroovyMain.run(GroovyMain.java:384)
	at groovy.ui.GroovyMain.process(GroovyMain.java:370)
	at groovy.ui.GroovyMain.processArgs(GroovyMain.java:129)
	at groovy.ui.GroovyMain.main(GroovyMain.java:109)
	at sun.reflect.NativeMethodAccessorImpl.invoke0(Native Method)
	at sun.reflect.NativeMethodAccessorImpl.invoke(NativeMethodAccessorImpl.java:62)
	at sun.reflect.DelegatingMethodAccessorImpl.invoke(DelegatingMethodAccessorImpl.java:43)
	at java.lang.reflect.Method.invoke(Method.java:498)
	at org.codehaus.groovy.tools.GroovyStarter.rootLoader(GroovyStarter.java:109)
	at org.codehaus.groovy.tools.GroovyStarter.main(GroovyStarter.java:131)
)

2018-11-20 14:31:26 - [TEST_STEP][PASSED] - delay: Delayed 60 second(s)

2018-11-20 14:32:26 - [MESSAGE][PASSED] - Delayed 60 second(s)

2018-11-20 14:32:26 - [TEST_STEP][FAILED] - android.otp_verification_screen.tapResend: Failed to tap on element 'Object Repository/android/OTP Verification screen/Resend button' (Root cause: Object Object Repository/android/OTP Verification screen/Resend button not found)

2018-11-20 14:32:26 - [MESSAGE][WARNING] - Timeout '0' is invalid. Using default page load timeout: '15'

2018-11-20 14:32:42 - [MESSAGE][FAILED] - Object Object Repository/android/OTP Verification screen/Resend button not found
[[ATTACHMENT|/Users/buenaanda/Katalon Studio/mobile-automation-katalon/Reports/android/Android Test Suite/20181120_143012/1542695561970.png]]

2018-11-20 14:32:43 - [MESSAGE][FAILED] - Failed to tap on element 'Object Repository/android/OTP Verification screen/Resend button' (Root cause: Object Object Repository/android/OTP Verification screen/Resend button not found)
[[ATTACHMENT|/Users/buenaanda/Katalon Studio/mobile-automation-katalon/Reports/android/Android Test Suite/20181120_143012/1542695562928.png]]

2018-11-20 14:32:43 - [MESSAGE][FAILED] - Failed to tap on element 'Object Repository/android/OTP Verification screen/Resend button' (Root cause: Object Object Repository/android/OTP Verification screen/Resend button not found)]]></system-out>
         <system-err><![CDATA[2018-11-20 14:31:26 - [TEST_CASE][FAILED] - Test Cases/android/Login/LOG_11: Test Cases/android/Login/LOG_11 FAILED because (of) (Stack trace: com.kms.katalon.core.exception.StepFailedException: Failed to tap on element 'Object Repository/android/OTP Verification screen/Resend button' (Root cause: Object Object Repository/android/OTP Verification screen/Resend button not found)
	at com.kms.katalon.core.keyword.internal.KeywordMain.stepFailed(KeywordMain.groovy:36)
	at com.kms.katalon.core.mobile.keyword.internal.MobileKeywordMain.stepFailed(MobileKeywordMain.groovy:40)
	at com.kms.katalon.core.mobile.keyword.internal.MobileKeywordMain.runKeyword(MobileKeywordMain.groovy:23)
	at com.kms.katalon.core.mobile.keyword.builtin.TapKeyword.tap(TapKeyword.groovy:83)
	at com.kms.katalon.core.mobile.keyword.builtin.TapKeyword.execute(TapKeyword.groovy:66)
	at com.kms.katalon.core.keyword.internal.KeywordExecutor.executeKeywordForPlatform(KeywordExecutor.groovy:53)
	at com.kms.katalon.core.mobile.keyword.MobileBuiltInKeywords.tap(MobileBuiltInKeywords.groovy:471)
	at com.kms.katalon.core.mobile.keyword.MobileBuiltInKeywords$tap$0.call(Unknown Source)
	at org.codehaus.groovy.runtime.callsite.CallSiteArray.defaultCall(CallSiteArray.java:48)
	at org.codehaus.groovy.runtime.callsite.AbstractCallSite.call(AbstractCallSite.java:113)
	at org.codehaus.groovy.runtime.callsite.AbstractCallSite.call(AbstractCallSite.java:141)
	at android.otp_verification_screen.tapResend(otp_verification_screen.groovy:23)
	at sun.reflect.NativeMethodAccessorImpl.invoke0(Native Method)
	at sun.reflect.NativeMethodAccessorImpl.invoke(NativeMethodAccessorImpl.java:62)
	at sun.reflect.DelegatingMethodAccessorImpl.invoke(DelegatingMethodAccessorImpl.java:43)
	at java.lang.reflect.Method.invoke(Method.java:498)
	at org.codehaus.groovy.reflection.CachedMethod.invoke(CachedMethod.java:93)
	at groovy.lang.MetaMethod.doMethodInvoke(MetaMethod.java:325)
	at groovy.lang.MetaClassImpl.invokeMethod(MetaClassImpl.java:1215)
	at groovy.lang.MetaClassImpl.invokeMethod(MetaClassImpl.java:1024)
	at groovy.lang.MetaClassImpl.invokeMethod(MetaClassImpl.java:812)
	at groovy.lang.DelegatingMetaClass.invokeMethod(DelegatingMetaClass.java:144)
	at android.otp_verification_screen.invokeMethod(otp_verification_screen.groovy)
	at com.kms.katalon.core.main.CustomKeywordDelegatingMetaClass.invokeStaticMethod(CustomKeywordDelegatingMetaClass.java:46)
	at org.codehaus.groovy.runtime.callsite.StaticMetaClassSite.call(StaticMetaClassSite.java:53)
	at org.codehaus.groovy.runtime.callsite.CallSiteArray.defaultCall(CallSiteArray.java:48)
	at org.codehaus.groovy.runtime.callsite.AbstractCallSite.call(AbstractCallSite.java:113)
	at org.codehaus.groovy.runtime.callsite.AbstractCallSite.call(AbstractCallSite.java:117)
	at Script1542614618443.run(Script1542614618443.groovy:9)
	at com.kms.katalon.core.main.ScriptEngine.run(ScriptEngine.java:183)
	at com.kms.katalon.core.main.ScriptEngine.runScriptAsRawText(ScriptEngine.java:108)
	at com.kms.katalon.core.main.TestCaseExecutor.runScript(TestCaseExecutor.java:294)
	at com.kms.katalon.core.main.TestCaseExecutor.doExecute(TestCaseExecutor.java:285)
	at com.kms.katalon.core.main.TestCaseExecutor.processExecutionPhase(TestCaseExecutor.java:264)
	at com.kms.katalon.core.main.TestCaseExecutor.accessMainPhase(TestCaseExecutor.java:256)
	at com.kms.katalon.core.main.TestCaseExecutor.execute(TestCaseExecutor.java:200)
	at com.kms.katalon.core.main.TestSuiteExecutor.accessTestCaseMainPhase(TestSuiteExecutor.java:129)
	at com.kms.katalon.core.main.TestSuiteExecutor.accessTestSuiteMainPhase(TestSuiteExecutor.java:112)
	at com.kms.katalon.core.main.TestSuiteExecutor.execute(TestSuiteExecutor.java:81)
	at com.kms.katalon.core.main.TestCaseMain.startTestSuite(TestCaseMain.java:142)
	at com.kms.katalon.core.main.TestCaseMain$startTestSuite$0.call(Unknown Source)
	at org.codehaus.groovy.runtime.callsite.CallSiteArray.defaultCall(CallSiteArray.java:48)
	at org.codehaus.groovy.runtime.callsite.AbstractCallSite.call(AbstractCallSite.java:113)
	at org.codehaus.groovy.runtime.callsite.AbstractCallSite.call(AbstractCallSite.java:141)
	at TempTestSuite1542695412167.run(TempTestSuite1542695412167.groovy:36)
	at groovy.lang.GroovyShell.runScriptOrMainOrTestOrRunnable(GroovyShell.java:263)
	at groovy.lang.GroovyShell.run(GroovyShell.java:518)
	at groovy.lang.GroovyShell.run(GroovyShell.java:507)
	at groovy.ui.GroovyMain.processOnce(GroovyMain.java:653)
	at groovy.ui.GroovyMain.run(GroovyMain.java:384)
	at groovy.ui.GroovyMain.process(GroovyMain.java:370)
	at groovy.ui.GroovyMain.processArgs(GroovyMain.java:129)
	at groovy.ui.GroovyMain.main(GroovyMain.java:109)
	at sun.reflect.NativeMethodAccessorImpl.invoke0(Native Method)
	at sun.reflect.NativeMethodAccessorImpl.invoke(NativeMethodAccessorImpl.java:62)
	at sun.reflect.DelegatingMethodAccessorImpl.invoke(DelegatingMethodAccessorImpl.java:43)
	at java.lang.reflect.Method.invoke(Method.java:498)
	at org.codehaus.groovy.tools.GroovyStarter.rootLoader(GroovyStarter.java:109)
	at org.codehaus.groovy.tools.GroovyStarter.main(GroovyStarter.java:131)
)]]></system-err>
      </testcase>
      <testcase name="Test Cases/android/Login/LOG_12" classname="Test Cases/android/Login/LOG_12" status="PASSED">
         <system-out><![CDATA[2018-11-20 14:32:43 - [TEST_CASE][PASSED] - Test Cases/android/Login/LOG_12: Test Cases/android/Login/LOG_12

2018-11-20 14:32:43 - [TEST_STEP][PASSED] - android.otp_verification_screen.enterOTP: android.otp_verification_screen.enterOTP is PASSED

2018-11-20 14:33:13 - [MESSAGE][WARNING] - Object Object Repository/android/OTP Verification screen/OTP Verification screen not found

2018-11-20 14:33:14 - [MESSAGE][PASSED] - android.otp_verification_screen.enterOTP is PASSED

2018-11-20 14:33:14 - [TEST_STEP][PASSED] - global.wait_for_element.visible: global.wait_for_element.visible is PASSED

2018-11-20 14:33:15 - [MESSAGE][PASSED] - Element 'Object Repository/android/Navigation menu/My Account menu' is present

2018-11-20 14:33:15 - [MESSAGE][PASSED] - global.wait_for_element.visible is PASSED

2018-11-20 14:33:15 - [TEST_STEP][PASSED] - startApplication: Started app at: '/Users/buenaanda/Katalon Studio/mobile-automation-katalon/Data Files/base.apk'

2018-11-20 14:33:24 - [MESSAGE][PASSED] - Started app at: '/Users/buenaanda/Katalon Studio/mobile-automation-katalon/Data Files/base.apk'

2018-11-20 14:33:24 - [TEST_STEP][PASSED] - global.verify_element.text: global.verify_element.text is PASSED

2018-11-20 14:33:25 - [MESSAGE][PASSED] - Actual text and expected text of test object 'Object Repository/android/Login screen/Account Name' are matched.

2018-11-20 14:33:25 - [MESSAGE][PASSED] - global.verify_element.text is PASSED

2018-11-20 14:33:25 - [TEST_STEP][PASSED] - global.verify_element.exist: global.verify_element.exist is PASSED

2018-11-20 14:33:25 - [MESSAGE][PASSED] - Element 'Object Repository/android/Login screen/Sign In Password field' is exist

2018-11-20 14:33:25 - [MESSAGE][PASSED] - global.verify_element.exist is PASSED]]></system-out>
         <system-err><![CDATA[]]></system-err>
      </testcase>
      <testcase name="Test Cases/android/Login/LOG_13" classname="Test Cases/android/Login/LOG_13" status="PASSED">
         <system-out><![CDATA[2018-11-20 14:33:25 - [TEST_CASE][PASSED] - Test Cases/android/Login/LOG_13: Test Cases/android/Login/LOG_13

2018-11-20 14:33:25 - [TEST_STEP][PASSED] - android.login_screen.enterSignInPassword: android.login_screen.enterSignInPassword is PASSED

2018-11-20 14:33:27 - [MESSAGE][PASSED] - Text 'Hello!23' has been set to element 'Object Repository/android/Login screen/Sign In Password field'

2018-11-20 14:33:27 - [MESSAGE][PASSED] - android.login_screen.enterSignInPassword is PASSED

2018-11-20 14:33:27 - [TEST_STEP][PASSED] - android.login_screen.tapSignIn: android.login_screen.tapSignIn is PASSED

2018-11-20 14:33:28 - [MESSAGE][PASSED] - Tapped on element 'Object Repository/android/Login screen/Sign in button'

2018-11-20 14:33:31 - [MESSAGE][PASSED] - Delayed 3 second(s)

2018-11-20 14:33:31 - [MESSAGE][PASSED] - android.login_screen.tapSignIn is PASSED

2018-11-20 14:33:31 - [TEST_STEP][PASSED] - android.otp_verification_screen.enterOTP: android.otp_verification_screen.enterOTP is PASSED

2018-11-20 14:33:32 - [MESSAGE][PASSED] - Element 'Object Repository/android/OTP Verification screen/OTP Verification screen' is present

2018-11-20 14:33:32 - [MESSAGE][PASSED] - android.otp_verification_screen.enterOTP is PASSED

2018-11-20 14:33:32 - [TEST_STEP][PASSED] - global.verify_element.text: global.verify_element.text is PASSED

2018-11-20 14:33:35 - [MESSAGE][PASSED] - Actual text and expected text of test object 'Object Repository/android/My Account screen/Account Name' are matched.

2018-11-20 14:33:35 - [MESSAGE][PASSED] - global.verify_element.text is PASSED

2018-11-20 14:33:35 - [TEST_STEP][PASSED] - closeApplication: Close app successfully

2018-11-20 14:33:35 - [MESSAGE][PASSED] - Close app successfully]]></system-out>
         <system-err><![CDATA[]]></system-err>
      </testcase>
      <testcase name="Test Cases/android/Login/LOG_14" classname="Test Cases/android/Login/LOG_14" status="PASSED">
         <system-out><![CDATA[2018-11-20 14:33:35 - [TEST_CASE][PASSED] - Test Cases/android/Login/LOG_14: Test Cases/android/Login/LOG_14

2018-11-20 14:33:35 - [TEST_STEP][PASSED] - startApplication: Started app at: '/Users/buenaanda/Katalon Studio/mobile-automation-katalon/Data Files/base.apk'

2018-11-20 14:33:50 - [MESSAGE][PASSED] - Started app at: '/Users/buenaanda/Katalon Studio/mobile-automation-katalon/Data Files/base.apk'

2018-11-20 14:33:50 - [TEST_STEP][PASSED] - android.login_screen.enterSignInPassword: android.login_screen.enterSignInPassword is PASSED

2018-11-20 14:33:52 - [MESSAGE][PASSED] - Text '1nvalid' has been set to element 'Object Repository/android/Login screen/Sign In Password field'

2018-11-20 14:33:52 - [MESSAGE][PASSED] - android.login_screen.enterSignInPassword is PASSED

2018-11-20 14:33:52 - [TEST_STEP][PASSED] - android.login_screen.tapSignIn: android.login_screen.tapSignIn is PASSED

2018-11-20 14:33:54 - [MESSAGE][PASSED] - Tapped on element 'Object Repository/android/Login screen/Sign in button'

2018-11-20 14:33:57 - [MESSAGE][PASSED] - Delayed 3 second(s)

2018-11-20 14:33:57 - [MESSAGE][PASSED] - android.login_screen.tapSignIn is PASSED

2018-11-20 14:33:57 - [TEST_STEP][PASSED] - global.verify_element.notExist: global.verify_element.notExist is PASSED

2018-11-20 14:34:02 - [MESSAGE][PASSED] - Element 'Object Repository/android/OTP Verification screen/OTP Verification screen' not found

2018-11-20 14:34:02 - [MESSAGE][PASSED] - global.verify_element.notExist is PASSED]]></system-out>
         <system-err><![CDATA[]]></system-err>
      </testcase>
      <testcase name="Test Cases/android/Login/LOG_20" classname="Test Cases/android/Login/LOG_20" status="FAILED">
         <failure type="FAILED" message="(Stack trace: com.kms.katalon.core.exception.StepFailedException: Actual text 'Your session has expired. Please log in again' and expected text 'It seems that your been inactive for a while. Please do login again.' of test object 'Object Repository/android/Global/Error inactive' are NOT matched.
	at com.kms.katalon.core.keyword.internal.KeywordMain.stepFailed(KeywordMain.groovy:32)
	at com.kms.katalon.core.mobile.keyword.internal.MobileKeywordMain.stepFailed(MobileKeywordMain.groovy:40)
	at com.kms.katalon.core.mobile.keyword.builtin.VerifyElementTextKeyword$_verifyElementText_closure1.doCall(VerifyElementTextKeyword.groovy:56)
	at com.kms.katalon.core.mobile.keyword.builtin.VerifyElementTextKeyword$_verifyElementText_closure1.call(VerifyElementTextKeyword.groovy)
	at com.kms.katalon.core.mobile.keyword.internal.MobileKeywordMain.runKeyword(MobileKeywordMain.groovy:21)
	at com.kms.katalon.core.mobile.keyword.builtin.VerifyElementTextKeyword.verifyElementText(VerifyElementTextKeyword.groovy:62)
	at com.kms.katalon.core.mobile.keyword.builtin.VerifyElementTextKeyword.execute(VerifyElementTextKeyword.groovy:39)
	at com.kms.katalon.core.keyword.internal.KeywordExecutor.executeKeywordForPlatform(KeywordExecutor.groovy:53)
	at com.kms.katalon.core.mobile.keyword.MobileBuiltInKeywords.verifyElementText(MobileBuiltInKeywords.groovy:1751)
	at com.kms.katalon.core.mobile.keyword.MobileBuiltInKeywords$verifyElementText$5.call(Unknown Source)
	at global.verify_element.text(verify_element.groovy:28)
	at sun.reflect.NativeMethodAccessorImpl.invoke0(Native Method)
	at sun.reflect.NativeMethodAccessorImpl.invoke(NativeMethodAccessorImpl.java:62)
	at sun.reflect.DelegatingMethodAccessorImpl.invoke(DelegatingMethodAccessorImpl.java:43)
	at java.lang.reflect.Method.invoke(Method.java:498)
	at org.codehaus.groovy.reflection.CachedMethod.invoke(CachedMethod.java:93)
	at groovy.lang.MetaMethod.doMethodInvoke(MetaMethod.java:325)
	at groovy.lang.MetaClassImpl.invokeMethod(MetaClassImpl.java:1215)
	at groovy.lang.MetaClassImpl.invokeMethod(MetaClassImpl.java:1024)
	at groovy.lang.MetaClassImpl.invokeMethod(MetaClassImpl.java:812)
	at groovy.lang.DelegatingMetaClass.invokeMethod(DelegatingMetaClass.java:144)
	at global.verify_element.invokeMethod(verify_element.groovy)
	at com.kms.katalon.core.main.CustomKeywordDelegatingMetaClass.invokeStaticMethod(CustomKeywordDelegatingMetaClass.java:46)
	at org.codehaus.groovy.runtime.callsite.StaticMetaClassSite.call(StaticMetaClassSite.java:53)
	at org.codehaus.groovy.runtime.callsite.CallSiteArray.defaultCall(CallSiteArray.java:48)
	at org.codehaus.groovy.runtime.callsite.AbstractCallSite.call(AbstractCallSite.java:113)
	at org.codehaus.groovy.runtime.callsite.AbstractCallSite.call(AbstractCallSite.java:133)
	at Script1542616550747.run(Script1542616550747.groovy:29)
	at com.kms.katalon.core.main.ScriptEngine.run(ScriptEngine.java:183)
	at com.kms.katalon.core.main.ScriptEngine.runScriptAsRawText(ScriptEngine.java:108)
	at com.kms.katalon.core.main.TestCaseExecutor.runScript(TestCaseExecutor.java:294)
	at com.kms.katalon.core.main.TestCaseExecutor.doExecute(TestCaseExecutor.java:285)
	at com.kms.katalon.core.main.TestCaseExecutor.processExecutionPhase(TestCaseExecutor.java:264)
	at com.kms.katalon.core.main.TestCaseExecutor.accessMainPhase(TestCaseExecutor.java:256)
	at com.kms.katalon.core.main.TestCaseExecutor.execute(TestCaseExecutor.java:200)
	at com.kms.katalon.core.main.TestSuiteExecutor.accessTestCaseMainPhase(TestSuiteExecutor.java:129)
	at com.kms.katalon.core.main.TestSuiteExecutor.accessTestSuiteMainPhase(TestSuiteExecutor.java:112)
	at com.kms.katalon.core.main.TestSuiteExecutor.execute(TestSuiteExecutor.java:81)
	at com.kms.katalon.core.main.TestCaseMain.startTestSuite(TestCaseMain.java:142)
	at com.kms.katalon.core.main.TestCaseMain$startTestSuite$0.call(Unknown Source)
	at org.codehaus.groovy.runtime.callsite.CallSiteArray.defaultCall(CallSiteArray.java:48)
	at org.codehaus.groovy.runtime.callsite.AbstractCallSite.call(AbstractCallSite.java:113)
	at org.codehaus.groovy.runtime.callsite.AbstractCallSite.call(AbstractCallSite.java:141)
	at TempTestSuite1542695412167.run(TempTestSuite1542695412167.groovy:36)
	at groovy.lang.GroovyShell.runScriptOrMainOrTestOrRunnable(GroovyShell.java:263)
	at groovy.lang.GroovyShell.run(GroovyShell.java:518)
	at groovy.lang.GroovyShell.run(GroovyShell.java:507)
	at groovy.ui.GroovyMain.processOnce(GroovyMain.java:653)
	at groovy.ui.GroovyMain.run(GroovyMain.java:384)
	at groovy.ui.GroovyMain.process(GroovyMain.java:370)
	at groovy.ui.GroovyMain.processArgs(GroovyMain.java:129)
	at groovy.ui.GroovyMain.main(GroovyMain.java:109)
	at sun.reflect.NativeMethodAccessorImpl.invoke0(Native Method)
	at sun.reflect.NativeMethodAccessorImpl.invoke(NativeMethodAccessorImpl.java:62)
	at sun.reflect.DelegatingMethodAccessorImpl.invoke(DelegatingMethodAccessorImpl.java:43)
	at java.lang.reflect.Method.invoke(Method.java:498)
	at org.codehaus.groovy.tools.GroovyStarter.rootLoader(GroovyStarter.java:109)
	at org.codehaus.groovy.tools.GroovyStarter.main(GroovyStarter.java:131)
)"/>
         <system-out><![CDATA[2018-11-20 14:34:02 - [TEST_CASE][FAILED] - Test Cases/android/Login/LOG_20: Test Cases/android/Login/LOG_20 FAILED because (of) (Stack trace: com.kms.katalon.core.exception.StepFailedException: Actual text 'Your session has expired. Please log in again' and expected text 'It seems that your been inactive for a while. Please do login again.' of test object 'Object Repository/android/Global/Error inactive' are NOT matched.
	at com.kms.katalon.core.keyword.internal.KeywordMain.stepFailed(KeywordMain.groovy:32)
	at com.kms.katalon.core.mobile.keyword.internal.MobileKeywordMain.stepFailed(MobileKeywordMain.groovy:40)
	at com.kms.katalon.core.mobile.keyword.builtin.VerifyElementTextKeyword$_verifyElementText_closure1.doCall(VerifyElementTextKeyword.groovy:56)
	at com.kms.katalon.core.mobile.keyword.builtin.VerifyElementTextKeyword$_verifyElementText_closure1.call(VerifyElementTextKeyword.groovy)
	at com.kms.katalon.core.mobile.keyword.internal.MobileKeywordMain.runKeyword(MobileKeywordMain.groovy:21)
	at com.kms.katalon.core.mobile.keyword.builtin.VerifyElementTextKeyword.verifyElementText(VerifyElementTextKeyword.groovy:62)
	at com.kms.katalon.core.mobile.keyword.builtin.VerifyElementTextKeyword.execute(VerifyElementTextKeyword.groovy:39)
	at com.kms.katalon.core.keyword.internal.KeywordExecutor.executeKeywordForPlatform(KeywordExecutor.groovy:53)
	at com.kms.katalon.core.mobile.keyword.MobileBuiltInKeywords.verifyElementText(MobileBuiltInKeywords.groovy:1751)
	at com.kms.katalon.core.mobile.keyword.MobileBuiltInKeywords$verifyElementText$5.call(Unknown Source)
	at global.verify_element.text(verify_element.groovy:28)
	at sun.reflect.NativeMethodAccessorImpl.invoke0(Native Method)
	at sun.reflect.NativeMethodAccessorImpl.invoke(NativeMethodAccessorImpl.java:62)
	at sun.reflect.DelegatingMethodAccessorImpl.invoke(DelegatingMethodAccessorImpl.java:43)
	at java.lang.reflect.Method.invoke(Method.java:498)
	at org.codehaus.groovy.reflection.CachedMethod.invoke(CachedMethod.java:93)
	at groovy.lang.MetaMethod.doMethodInvoke(MetaMethod.java:325)
	at groovy.lang.MetaClassImpl.invokeMethod(MetaClassImpl.java:1215)
	at groovy.lang.MetaClassImpl.invokeMethod(MetaClassImpl.java:1024)
	at groovy.lang.MetaClassImpl.invokeMethod(MetaClassImpl.java:812)
	at groovy.lang.DelegatingMetaClass.invokeMethod(DelegatingMetaClass.java:144)
	at global.verify_element.invokeMethod(verify_element.groovy)
	at com.kms.katalon.core.main.CustomKeywordDelegatingMetaClass.invokeStaticMethod(CustomKeywordDelegatingMetaClass.java:46)
	at org.codehaus.groovy.runtime.callsite.StaticMetaClassSite.call(StaticMetaClassSite.java:53)
	at org.codehaus.groovy.runtime.callsite.CallSiteArray.defaultCall(CallSiteArray.java:48)
	at org.codehaus.groovy.runtime.callsite.AbstractCallSite.call(AbstractCallSite.java:113)
	at org.codehaus.groovy.runtime.callsite.AbstractCallSite.call(AbstractCallSite.java:133)
	at Script1542616550747.run(Script1542616550747.groovy:29)
	at com.kms.katalon.core.main.ScriptEngine.run(ScriptEngine.java:183)
	at com.kms.katalon.core.main.ScriptEngine.runScriptAsRawText(ScriptEngine.java:108)
	at com.kms.katalon.core.main.TestCaseExecutor.runScript(TestCaseExecutor.java:294)
	at com.kms.katalon.core.main.TestCaseExecutor.doExecute(TestCaseExecutor.java:285)
	at com.kms.katalon.core.main.TestCaseExecutor.processExecutionPhase(TestCaseExecutor.java:264)
	at com.kms.katalon.core.main.TestCaseExecutor.accessMainPhase(TestCaseExecutor.java:256)
	at com.kms.katalon.core.main.TestCaseExecutor.execute(TestCaseExecutor.java:200)
	at com.kms.katalon.core.main.TestSuiteExecutor.accessTestCaseMainPhase(TestSuiteExecutor.java:129)
	at com.kms.katalon.core.main.TestSuiteExecutor.accessTestSuiteMainPhase(TestSuiteExecutor.java:112)
	at com.kms.katalon.core.main.TestSuiteExecutor.execute(TestSuiteExecutor.java:81)
	at com.kms.katalon.core.main.TestCaseMain.startTestSuite(TestCaseMain.java:142)
	at com.kms.katalon.core.main.TestCaseMain$startTestSuite$0.call(Unknown Source)
	at org.codehaus.groovy.runtime.callsite.CallSiteArray.defaultCall(CallSiteArray.java:48)
	at org.codehaus.groovy.runtime.callsite.AbstractCallSite.call(AbstractCallSite.java:113)
	at org.codehaus.groovy.runtime.callsite.AbstractCallSite.call(AbstractCallSite.java:141)
	at TempTestSuite1542695412167.run(TempTestSuite1542695412167.groovy:36)
	at groovy.lang.GroovyShell.runScriptOrMainOrTestOrRunnable(GroovyShell.java:263)
	at groovy.lang.GroovyShell.run(GroovyShell.java:518)
	at groovy.lang.GroovyShell.run(GroovyShell.java:507)
	at groovy.ui.GroovyMain.processOnce(GroovyMain.java:653)
	at groovy.ui.GroovyMain.run(GroovyMain.java:384)
	at groovy.ui.GroovyMain.process(GroovyMain.java:370)
	at groovy.ui.GroovyMain.processArgs(GroovyMain.java:129)
	at groovy.ui.GroovyMain.main(GroovyMain.java:109)
	at sun.reflect.NativeMethodAccessorImpl.invoke0(Native Method)
	at sun.reflect.NativeMethodAccessorImpl.invoke(NativeMethodAccessorImpl.java:62)
	at sun.reflect.DelegatingMethodAccessorImpl.invoke(DelegatingMethodAccessorImpl.java:43)
	at java.lang.reflect.Method.invoke(Method.java:498)
	at org.codehaus.groovy.tools.GroovyStarter.rootLoader(GroovyStarter.java:109)
	at org.codehaus.groovy.tools.GroovyStarter.main(GroovyStarter.java:131)
)

2018-11-20 14:34:02 - [TEST_STEP][PASSED] - startApplication: Started app at: '/Users/buenaanda/Katalon Studio/mobile-automation-katalon/Data Files/base.apk'

2018-11-20 14:34:14 - [MESSAGE][PASSED] - Started app at: '/Users/buenaanda/Katalon Studio/mobile-automation-katalon/Data Files/base.apk'

2018-11-20 14:34:14 - [TEST_STEP][PASSED] - android.initial_screen.tapLogin: android.initial_screen.tapLogin is PASSED

2018-11-20 14:34:16 - [MESSAGE][PASSED] - Tapped on element 'Object Repository/android/Initial screen/Login button'

2018-11-20 14:34:16 - [MESSAGE][PASSED] - android.initial_screen.tapLogin is PASSED

2018-11-20 14:34:16 - [TEST_STEP][PASSED] - android.login_screen.enterUsername: android.login_screen.enterUsername is PASSED

2018-11-20 14:34:17 - [MESSAGE][PASSED] - Text 'allen_15' has been set to element 'Object Repository/android/Login screen/Username field'

2018-11-20 14:34:17 - [MESSAGE][PASSED] - android.login_screen.enterUsername is PASSED

2018-11-20 14:34:17 - [TEST_STEP][PASSED] - android.login_screen.enterPassword: android.login_screen.enterPassword is PASSED

2018-11-20 14:34:19 - [MESSAGE][PASSED] - Text 'Hello!23' has been set to element 'Object Repository/android/Login screen/Password field'

2018-11-20 14:34:19 - [MESSAGE][PASSED] - android.login_screen.enterPassword is PASSED

2018-11-20 14:34:19 - [TEST_STEP][PASSED] - android.login_screen.tapLogin: android.login_screen.tapLogin is PASSED

2018-11-20 14:34:21 - [MESSAGE][PASSED] - Tapped on element 'Object Repository/android/Login screen/Login button'

2018-11-20 14:34:24 - [MESSAGE][PASSED] - Delayed 3 second(s)

2018-11-20 14:34:24 - [MESSAGE][PASSED] - android.login_screen.tapLogin is PASSED

2018-11-20 14:34:24 - [TEST_STEP][PASSED] - android.otp_verification_screen.enterOTP: android.otp_verification_screen.enterOTP is PASSED

2018-11-20 14:34:24 - [MESSAGE][PASSED] - Element 'Object Repository/android/OTP Verification screen/OTP Verification screen' is present

2018-11-20 14:34:24 - [MESSAGE][PASSED] - android.otp_verification_screen.enterOTP is PASSED

2018-11-20 14:34:24 - [TEST_STEP][PASSED] - delay: Delayed 600 second(s)

2018-11-20 14:44:24 - [MESSAGE][PASSED] - Delayed 600 second(s)

2018-11-20 14:44:24 - [TEST_STEP][PASSED] - android.navigation_menu.tapTransferMoney: android.navigation_menu.tapTransferMoney is PASSED

2018-11-20 14:44:26 - [MESSAGE][PASSED] - Tapped on element 'Object Repository/android/Navigation menu/Transfer Money menu'

2018-11-20 14:44:26 - [MESSAGE][PASSED] - android.navigation_menu.tapTransferMoney is PASSED

2018-11-20 14:44:26 - [TEST_STEP][PASSED] - android.transfer_money_screen.tapSendMoney: android.transfer_money_screen.tapSendMoney is PASSED

2018-11-20 14:44:26 - [MESSAGE][WARNING] - Timeout '0' is invalid. Using default page load timeout: '15'

2018-11-20 14:44:29 - [MESSAGE][PASSED] - Tapped on element 'Object Repository/android/Transfer Money screen/Send Money button'

2018-11-20 14:44:29 - [MESSAGE][PASSED] - android.transfer_money_screen.tapSendMoney is PASSED

2018-11-20 14:44:29 - [TEST_STEP][FAILED] - global.verify_element.text: Actual text 'Your session has expired. Please log in again' and expected text 'It seems that your been inactive for a while. Please do login again.' of test object 'Object Repository/android/Global/Error inactive' are NOT matched.

2018-11-20 14:44:30 - [MESSAGE][FAILED] - Actual text 'Your session has expired. Please log in again' and expected text 'It seems that your been inactive for a while. Please do login again.' of test object 'Object Repository/android/Global/Error inactive' are NOT matched.
[[ATTACHMENT|/Users/buenaanda/Katalon Studio/mobile-automation-katalon/Reports/android/Android Test Suite/20181120_143012/1542696269817.png]]

2018-11-20 14:44:30 - [MESSAGE][FAILED] - Actual text 'Your session has expired. Please log in again' and expected text 'It seems that your been inactive for a while. Please do login again.' of test object 'Object Repository/android/Global/Error inactive' are NOT matched.

2018-11-20 14:44:30 - [TEST_STEP][PASSED] - closeApplication: Close app successfully

2018-11-20 14:44:31 - [MESSAGE][PASSED] - Close app successfully]]></system-out>
         <system-err><![CDATA[2018-11-20 14:34:02 - [TEST_CASE][FAILED] - Test Cases/android/Login/LOG_20: Test Cases/android/Login/LOG_20 FAILED because (of) (Stack trace: com.kms.katalon.core.exception.StepFailedException: Actual text 'Your session has expired. Please log in again' and expected text 'It seems that your been inactive for a while. Please do login again.' of test object 'Object Repository/android/Global/Error inactive' are NOT matched.
	at com.kms.katalon.core.keyword.internal.KeywordMain.stepFailed(KeywordMain.groovy:32)
	at com.kms.katalon.core.mobile.keyword.internal.MobileKeywordMain.stepFailed(MobileKeywordMain.groovy:40)
	at com.kms.katalon.core.mobile.keyword.builtin.VerifyElementTextKeyword$_verifyElementText_closure1.doCall(VerifyElementTextKeyword.groovy:56)
	at com.kms.katalon.core.mobile.keyword.builtin.VerifyElementTextKeyword$_verifyElementText_closure1.call(VerifyElementTextKeyword.groovy)
	at com.kms.katalon.core.mobile.keyword.internal.MobileKeywordMain.runKeyword(MobileKeywordMain.groovy:21)
	at com.kms.katalon.core.mobile.keyword.builtin.VerifyElementTextKeyword.verifyElementText(VerifyElementTextKeyword.groovy:62)
	at com.kms.katalon.core.mobile.keyword.builtin.VerifyElementTextKeyword.execute(VerifyElementTextKeyword.groovy:39)
	at com.kms.katalon.core.keyword.internal.KeywordExecutor.executeKeywordForPlatform(KeywordExecutor.groovy:53)
	at com.kms.katalon.core.mobile.keyword.MobileBuiltInKeywords.verifyElementText(MobileBuiltInKeywords.groovy:1751)
	at com.kms.katalon.core.mobile.keyword.MobileBuiltInKeywords$verifyElementText$5.call(Unknown Source)
	at global.verify_element.text(verify_element.groovy:28)
	at sun.reflect.NativeMethodAccessorImpl.invoke0(Native Method)
	at sun.reflect.NativeMethodAccessorImpl.invoke(NativeMethodAccessorImpl.java:62)
	at sun.reflect.DelegatingMethodAccessorImpl.invoke(DelegatingMethodAccessorImpl.java:43)
	at java.lang.reflect.Method.invoke(Method.java:498)
	at org.codehaus.groovy.reflection.CachedMethod.invoke(CachedMethod.java:93)
	at groovy.lang.MetaMethod.doMethodInvoke(MetaMethod.java:325)
	at groovy.lang.MetaClassImpl.invokeMethod(MetaClassImpl.java:1215)
	at groovy.lang.MetaClassImpl.invokeMethod(MetaClassImpl.java:1024)
	at groovy.lang.MetaClassImpl.invokeMethod(MetaClassImpl.java:812)
	at groovy.lang.DelegatingMetaClass.invokeMethod(DelegatingMetaClass.java:144)
	at global.verify_element.invokeMethod(verify_element.groovy)
	at com.kms.katalon.core.main.CustomKeywordDelegatingMetaClass.invokeStaticMethod(CustomKeywordDelegatingMetaClass.java:46)
	at org.codehaus.groovy.runtime.callsite.StaticMetaClassSite.call(StaticMetaClassSite.java:53)
	at org.codehaus.groovy.runtime.callsite.CallSiteArray.defaultCall(CallSiteArray.java:48)
	at org.codehaus.groovy.runtime.callsite.AbstractCallSite.call(AbstractCallSite.java:113)
	at org.codehaus.groovy.runtime.callsite.AbstractCallSite.call(AbstractCallSite.java:133)
	at Script1542616550747.run(Script1542616550747.groovy:29)
	at com.kms.katalon.core.main.ScriptEngine.run(ScriptEngine.java:183)
	at com.kms.katalon.core.main.ScriptEngine.runScriptAsRawText(ScriptEngine.java:108)
	at com.kms.katalon.core.main.TestCaseExecutor.runScript(TestCaseExecutor.java:294)
	at com.kms.katalon.core.main.TestCaseExecutor.doExecute(TestCaseExecutor.java:285)
	at com.kms.katalon.core.main.TestCaseExecutor.processExecutionPhase(TestCaseExecutor.java:264)
	at com.kms.katalon.core.main.TestCaseExecutor.accessMainPhase(TestCaseExecutor.java:256)
	at com.kms.katalon.core.main.TestCaseExecutor.execute(TestCaseExecutor.java:200)
	at com.kms.katalon.core.main.TestSuiteExecutor.accessTestCaseMainPhase(TestSuiteExecutor.java:129)
	at com.kms.katalon.core.main.TestSuiteExecutor.accessTestSuiteMainPhase(TestSuiteExecutor.java:112)
	at com.kms.katalon.core.main.TestSuiteExecutor.execute(TestSuiteExecutor.java:81)
	at com.kms.katalon.core.main.TestCaseMain.startTestSuite(TestCaseMain.java:142)
	at com.kms.katalon.core.main.TestCaseMain$startTestSuite$0.call(Unknown Source)
	at org.codehaus.groovy.runtime.callsite.CallSiteArray.defaultCall(CallSiteArray.java:48)
	at org.codehaus.groovy.runtime.callsite.AbstractCallSite.call(AbstractCallSite.java:113)
	at org.codehaus.groovy.runtime.callsite.AbstractCallSite.call(AbstractCallSite.java:141)
	at TempTestSuite1542695412167.run(TempTestSuite1542695412167.groovy:36)
	at groovy.lang.GroovyShell.runScriptOrMainOrTestOrRunnable(GroovyShell.java:263)
	at groovy.lang.GroovyShell.run(GroovyShell.java:518)
	at groovy.lang.GroovyShell.run(GroovyShell.java:507)
	at groovy.ui.GroovyMain.processOnce(GroovyMain.java:653)
	at groovy.ui.GroovyMain.run(GroovyMain.java:384)
	at groovy.ui.GroovyMain.process(GroovyMain.java:370)
	at groovy.ui.GroovyMain.processArgs(GroovyMain.java:129)
	at groovy.ui.GroovyMain.main(GroovyMain.java:109)
	at sun.reflect.NativeMethodAccessorImpl.invoke0(Native Method)
	at sun.reflect.NativeMethodAccessorImpl.invoke(NativeMethodAccessorImpl.java:62)
	at sun.reflect.DelegatingMethodAccessorImpl.invoke(DelegatingMethodAccessorImpl.java:43)
	at java.lang.reflect.Method.invoke(Method.java:498)
	at org.codehaus.groovy.tools.GroovyStarter.rootLoader(GroovyStarter.java:109)
	at org.codehaus.groovy.tools.GroovyStarter.main(GroovyStarter.java:131)
)]]></system-err>
      </testcase>
      <system-out><![CDATA[2018-11-20 14:30:14 - [TEST_SUITE][FAILED] - Android Test Suite: Test Cases/android/Login/LOG_10 FAILED because (of) (Stack trace: com.kms.katalon.core.exception.StepFailedException: Element 'Object Repository/android/Navigation menu/My Account Menu' is exist
	at com.kms.katalon.core.keyword.internal.KeywordMain.stepFailed(KeywordMain.groovy:32)
	at com.kms.katalon.core.mobile.keyword.internal.MobileKeywordMain.stepFailed(MobileKeywordMain.groovy:40)
	at com.kms.katalon.core.mobile.keyword.builtin.VerifyElementNotExistKeyword$_verifyElementNotExist_closure1.doCall(VerifyElementNotExistKeyword.groovy:74)
	at com.kms.katalon.core.mobile.keyword.builtin.VerifyElementNotExistKeyword$_verifyElementNotExist_closure1.call(VerifyElementNotExistKeyword.groovy)
	at com.kms.katalon.core.mobile.keyword.internal.MobileKeywordMain.runKeyword(MobileKeywordMain.groovy:21)
	at com.kms.katalon.core.mobile.keyword.builtin.VerifyElementNotExistKeyword.verifyElementNotExist(VerifyElementNotExistKeyword.groovy:80)
	at com.kms.katalon.core.mobile.keyword.builtin.VerifyElementNotExistKeyword.execute(VerifyElementNotExistKeyword.groovy:64)
	at com.kms.katalon.core.keyword.internal.KeywordExecutor.executeKeywordForPlatform(KeywordExecutor.groovy:53)
	at com.kms.katalon.core.mobile.keyword.MobileBuiltInKeywords.verifyElementNotExist(MobileBuiltInKeywords.groovy:638)
	at com.kms.katalon.core.mobile.keyword.MobileBuiltInKeywords$verifyElementNotExist$2.call(Unknown Source)
	at global.verify_element.notExist(verify_element.groovy:43)
	at sun.reflect.NativeMethodAccessorImpl.invoke0(Native Method)
	at sun.reflect.NativeMethodAccessorImpl.invoke(NativeMethodAccessorImpl.java:62)
	at sun.reflect.DelegatingMethodAccessorImpl.invoke(DelegatingMethodAccessorImpl.java:43)
	at java.lang.reflect.Method.invoke(Method.java:498)
	at org.codehaus.groovy.reflection.CachedMethod.invoke(CachedMethod.java:93)
	at groovy.lang.MetaMethod.doMethodInvoke(MetaMethod.java:325)
	at groovy.lang.MetaClassImpl.invokeMethod(MetaClassImpl.java:1215)
	at groovy.lang.MetaClassImpl.invokeMethod(MetaClassImpl.java:1024)
	at groovy.lang.MetaClassImpl.invokeMethod(MetaClassImpl.java:812)
	at groovy.lang.DelegatingMetaClass.invokeMethod(DelegatingMetaClass.java:144)
	at global.verify_element.invokeMethod(verify_element.groovy)
	at com.kms.katalon.core.main.CustomKeywordDelegatingMetaClass.invokeStaticMethod(CustomKeywordDelegatingMetaClass.java:46)
	at org.codehaus.groovy.runtime.callsite.StaticMetaClassSite.call(StaticMetaClassSite.java:53)
	at org.codehaus.groovy.runtime.callsite.CallSiteArray.defaultCall(CallSiteArray.java:48)
	at org.codehaus.groovy.runtime.callsite.AbstractCallSite.call(AbstractCallSite.java:113)
	at org.codehaus.groovy.runtime.callsite.AbstractCallSite.call(AbstractCallSite.java:125)
	at Script1542614523706.run(Script1542614523706.groovy:17)
	at com.kms.katalon.core.main.ScriptEngine.run(ScriptEngine.java:183)
	at com.kms.katalon.core.main.ScriptEngine.runScriptAsRawText(ScriptEngine.java:108)
	at com.kms.katalon.core.main.TestCaseExecutor.runScript(TestCaseExecutor.java:294)
	at com.kms.katalon.core.main.TestCaseExecutor.doExecute(TestCaseExecutor.java:285)
	at com.kms.katalon.core.main.TestCaseExecutor.processExecutionPhase(TestCaseExecutor.java:264)
	at com.kms.katalon.core.main.TestCaseExecutor.accessMainPhase(TestCaseExecutor.java:256)
	at com.kms.katalon.core.main.TestCaseExecutor.execute(TestCaseExecutor.java:200)
	at com.kms.katalon.core.main.TestSuiteExecutor.accessTestCaseMainPhase(TestSuiteExecutor.java:129)
	at com.kms.katalon.core.main.TestSuiteExecutor.accessTestSuiteMainPhase(TestSuiteExecutor.java:112)
	at com.kms.katalon.core.main.TestSuiteExecutor.execute(TestSuiteExecutor.java:81)
	at com.kms.katalon.core.main.TestCaseMain.startTestSuite(TestCaseMain.java:142)
	at com.kms.katalon.core.main.TestCaseMain$startTestSuite$0.call(Unknown Source)
	at org.codehaus.groovy.runtime.callsite.CallSiteArray.defaultCall(CallSiteArray.java:48)
	at org.codehaus.groovy.runtime.callsite.AbstractCallSite.call(AbstractCallSite.java:113)
	at org.codehaus.groovy.runtime.callsite.AbstractCallSite.call(AbstractCallSite.java:141)
	at TempTestSuite1542695412167.run(TempTestSuite1542695412167.groovy:36)
	at groovy.lang.GroovyShell.runScriptOrMainOrTestOrRunnable(GroovyShell.java:263)
	at groovy.lang.GroovyShell.run(GroovyShell.java:518)
	at groovy.lang.GroovyShell.run(GroovyShell.java:507)
	at groovy.ui.GroovyMain.processOnce(GroovyMain.java:653)
	at groovy.ui.GroovyMain.run(GroovyMain.java:384)
	at groovy.ui.GroovyMain.process(GroovyMain.java:370)
	at groovy.ui.GroovyMain.processArgs(GroovyMain.java:129)
	at groovy.ui.GroovyMain.main(GroovyMain.java:109)
	at sun.reflect.NativeMethodAccessorImpl.invoke0(Native Method)
	at sun.reflect.NativeMethodAccessorImpl.invoke(NativeMethodAccessorImpl.java:62)
	at sun.reflect.DelegatingMethodAccessorImpl.invoke(DelegatingMethodAccessorImpl.java:43)
	at java.lang.reflect.Method.invoke(Method.java:498)
	at org.codehaus.groovy.tools.GroovyStarter.rootLoader(GroovyStarter.java:109)
	at org.codehaus.groovy.tools.GroovyStarter.main(GroovyStarter.java:131)
)]]></system-out>
      <system-err><![CDATA[2018-11-20 14:30:14 - [TEST_SUITE][FAILED] - Android Test Suite: Test Cases/android/Login/LOG_10 FAILED because (of) (Stack trace: com.kms.katalon.core.exception.StepFailedException: Element 'Object Repository/android/Navigation menu/My Account Menu' is exist
	at com.kms.katalon.core.keyword.internal.KeywordMain.stepFailed(KeywordMain.groovy:32)
	at com.kms.katalon.core.mobile.keyword.internal.MobileKeywordMain.stepFailed(MobileKeywordMain.groovy:40)
	at com.kms.katalon.core.mobile.keyword.builtin.VerifyElementNotExistKeyword$_verifyElementNotExist_closure1.doCall(VerifyElementNotExistKeyword.groovy:74)
	at com.kms.katalon.core.mobile.keyword.builtin.VerifyElementNotExistKeyword$_verifyElementNotExist_closure1.call(VerifyElementNotExistKeyword.groovy)
	at com.kms.katalon.core.mobile.keyword.internal.MobileKeywordMain.runKeyword(MobileKeywordMain.groovy:21)
	at com.kms.katalon.core.mobile.keyword.builtin.VerifyElementNotExistKeyword.verifyElementNotExist(VerifyElementNotExistKeyword.groovy:80)
	at com.kms.katalon.core.mobile.keyword.builtin.VerifyElementNotExistKeyword.execute(VerifyElementNotExistKeyword.groovy:64)
	at com.kms.katalon.core.keyword.internal.KeywordExecutor.executeKeywordForPlatform(KeywordExecutor.groovy:53)
	at com.kms.katalon.core.mobile.keyword.MobileBuiltInKeywords.verifyElementNotExist(MobileBuiltInKeywords.groovy:638)
	at com.kms.katalon.core.mobile.keyword.MobileBuiltInKeywords$verifyElementNotExist$2.call(Unknown Source)
	at global.verify_element.notExist(verify_element.groovy:43)
	at sun.reflect.NativeMethodAccessorImpl.invoke0(Native Method)
	at sun.reflect.NativeMethodAccessorImpl.invoke(NativeMethodAccessorImpl.java:62)
	at sun.reflect.DelegatingMethodAccessorImpl.invoke(DelegatingMethodAccessorImpl.java:43)
	at java.lang.reflect.Method.invoke(Method.java:498)
	at org.codehaus.groovy.reflection.CachedMethod.invoke(CachedMethod.java:93)
	at groovy.lang.MetaMethod.doMethodInvoke(MetaMethod.java:325)
	at groovy.lang.MetaClassImpl.invokeMethod(MetaClassImpl.java:1215)
	at groovy.lang.MetaClassImpl.invokeMethod(MetaClassImpl.java:1024)
	at groovy.lang.MetaClassImpl.invokeMethod(MetaClassImpl.java:812)
	at groovy.lang.DelegatingMetaClass.invokeMethod(DelegatingMetaClass.java:144)
	at global.verify_element.invokeMethod(verify_element.groovy)
	at com.kms.katalon.core.main.CustomKeywordDelegatingMetaClass.invokeStaticMethod(CustomKeywordDelegatingMetaClass.java:46)
	at org.codehaus.groovy.runtime.callsite.StaticMetaClassSite.call(StaticMetaClassSite.java:53)
	at org.codehaus.groovy.runtime.callsite.CallSiteArray.defaultCall(CallSiteArray.java:48)
	at org.codehaus.groovy.runtime.callsite.AbstractCallSite.call(AbstractCallSite.java:113)
	at org.codehaus.groovy.runtime.callsite.AbstractCallSite.call(AbstractCallSite.java:125)
	at Script1542614523706.run(Script1542614523706.groovy:17)
	at com.kms.katalon.core.main.ScriptEngine.run(ScriptEngine.java:183)
	at com.kms.katalon.core.main.ScriptEngine.runScriptAsRawText(ScriptEngine.java:108)
	at com.kms.katalon.core.main.TestCaseExecutor.runScript(TestCaseExecutor.java:294)
	at com.kms.katalon.core.main.TestCaseExecutor.doExecute(TestCaseExecutor.java:285)
	at com.kms.katalon.core.main.TestCaseExecutor.processExecutionPhase(TestCaseExecutor.java:264)
	at com.kms.katalon.core.main.TestCaseExecutor.accessMainPhase(TestCaseExecutor.java:256)
	at com.kms.katalon.core.main.TestCaseExecutor.execute(TestCaseExecutor.java:200)
	at com.kms.katalon.core.main.TestSuiteExecutor.accessTestCaseMainPhase(TestSuiteExecutor.java:129)
	at com.kms.katalon.core.main.TestSuiteExecutor.accessTestSuiteMainPhase(TestSuiteExecutor.java:112)
	at com.kms.katalon.core.main.TestSuiteExecutor.execute(TestSuiteExecutor.java:81)
	at com.kms.katalon.core.main.TestCaseMain.startTestSuite(TestCaseMain.java:142)
	at com.kms.katalon.core.main.TestCaseMain$startTestSuite$0.call(Unknown Source)
	at org.codehaus.groovy.runtime.callsite.CallSiteArray.defaultCall(CallSiteArray.java:48)
	at org.codehaus.groovy.runtime.callsite.AbstractCallSite.call(AbstractCallSite.java:113)
	at org.codehaus.groovy.runtime.callsite.AbstractCallSite.call(AbstractCallSite.java:141)
	at TempTestSuite1542695412167.run(TempTestSuite1542695412167.groovy:36)
	at groovy.lang.GroovyShell.runScriptOrMainOrTestOrRunnable(GroovyShell.java:263)
	at groovy.lang.GroovyShell.run(GroovyShell.java:518)
	at groovy.lang.GroovyShell.run(GroovyShell.java:507)
	at groovy.ui.GroovyMain.processOnce(GroovyMain.java:653)
	at groovy.ui.GroovyMain.run(GroovyMain.java:384)
	at groovy.ui.GroovyMain.process(GroovyMain.java:370)
	at groovy.ui.GroovyMain.processArgs(GroovyMain.java:129)
	at groovy.ui.GroovyMain.main(GroovyMain.java:109)
	at sun.reflect.NativeMethodAccessorImpl.invoke0(Native Method)
	at sun.reflect.NativeMethodAccessorImpl.invoke(NativeMethodAccessorImpl.java:62)
	at sun.reflect.DelegatingMethodAccessorImpl.invoke(DelegatingMethodAccessorImpl.java:43)
	at java.lang.reflect.Method.invoke(Method.java:498)
	at org.codehaus.groovy.tools.GroovyStarter.rootLoader(GroovyStarter.java:109)
	at org.codehaus.groovy.tools.GroovyStarter.main(GroovyStarter.java:131)
)]]></system-err>
   </testsuite>
</testsuites>
