<?xml version="1.0" encoding="UTF-8"?>
<testsuites name="Android Test Suite" time="16386" tests="13" failures="3" errors="4">
   <testsuite name="Android Test Suite" tests="13" failures="3" errors="4" time="16386" timestamp="2018-11-21 06:33:53" hostname="buenaanda - 192.168.254.106" id="Test Suites/android/Android Test Suite">
      <properties>
         <property name="deviceName" value="emulator-5554 (Android SDK built for x86 - Android 9)"/>
         <property name="devicePlatform" value=""/>
         <property name="logFolder" value="/Users/buenaanda/Documents/mobile-automation-katalon/Reports/android/Android Test Suite/20181121_063351"/>
         <property name="logFiles" value="/Users/buenaanda/Documents/mobile-automation-katalon/Reports/android/Android Test Suite/20181121_063351/execution0.log, /Users/buenaanda/Documents/mobile-automation-katalon/Reports/android/Android Test Suite/20181121_063351/appium.log"/>
         <property name="attachments" value="/Users/buenaanda/Documents/mobile-automation-katalon/Reports/android/Android Test Suite/20181121_063351/1542768784455.png, /Users/buenaanda/Documents/mobile-automation-katalon/Reports/android/Android Test Suite/20181121_063351/1542768860727.png, /Users/buenaanda/Documents/mobile-automation-katalon/Reports/android/Android Test Suite/20181121_063351/1542768861640.png, /Users/buenaanda/Documents/mobile-automation-katalon/Reports/android/Android Test Suite/20181121_063351/1542769581024.png, /Users/buenaanda/Documents/mobile-automation-katalon/Reports/android/Android Test Suite/20181121_063351/1542769581691.png"/>
         <property name="hostName" value="buenaanda - 192.168.254.106"/>
         <property name="os" value="Mac OS X 64bit"/>
         <property name="katalonVersion" value="4.1.0.2"/>
         <property name="deviceOS" value="Android"/>
         <property name="appiumVersion" value="1.8.1"/>
         <property name="deviceModel" value="Android SDK built for x86"/>
         <property name="hostAddress" value="192.168.254.106"/>
         <property name="deviceManufacturer" value="Google"/>
         <property name="deviceId" value="emulator-5554"/>
         <property name="deviceName" value="emulator-5554 (Android SDK built for x86 - Android 9)"/>
         <property name="deviceOSVersion" value="9"/>
      </properties>
      <testcase name="Test Cases/android/Login/LOG_01" classname="Test Cases/android/Login/LOG_01" status="PASSED">
         <system-out><![CDATA[2018-11-21 06:33:53 - [TEST_CASE][PASSED] - Test Cases/android/Login/LOG_01: Test Cases/android/Login/LOG_01

2018-11-21 06:33:53 - [TEST_STEP][PASSED] - startApplication: Started app at: '/Users/buenaanda/Documents/mobile-automation-katalon/Data Files/base.apk'

2018-11-21 07:00:36 - [MESSAGE][PASSED] - Started app at: '/Users/buenaanda/Documents/mobile-automation-katalon/Data Files/base.apk'

2018-11-21 07:00:36 - [TEST_STEP][PASSED] - android.initial_screen.tapLogin: android.initial_screen.tapLogin is PASSED

2018-11-21 07:18:59 - [MESSAGE][PASSED] - Tapped on element 'Object Repository/android/Initial screen/Login button'

2018-11-21 07:18:59 - [MESSAGE][PASSED] - android.initial_screen.tapLogin is PASSED

2018-11-21 07:18:59 - [TEST_STEP][PASSED] - hideKeyboard: Keyboard is hidden

2018-11-21 07:19:07 - [MESSAGE][PASSED] - Keyboard is hidden

2018-11-21 07:19:09 - [TEST_STEP][PASSED] - global.verify_element.exist: global.verify_element.exist is PASSED

2018-11-21 07:19:18 - [MESSAGE][PASSED] - Element 'Object Repository/android/Login screen/Username field' is exist

2018-11-21 07:19:18 - [MESSAGE][PASSED] - global.verify_element.exist is PASSED

2018-11-21 07:19:18 - [TEST_STEP][PASSED] - global.verify_element.exist: global.verify_element.exist is PASSED

2018-11-21 07:19:19 - [MESSAGE][PASSED] - Element 'Object Repository/android/Login screen/Password field' is exist

2018-11-21 07:19:19 - [MESSAGE][PASSED] - global.verify_element.exist is PASSED

2018-11-21 07:19:19 - [TEST_STEP][PASSED] - global.verify_element.exist: global.verify_element.exist is PASSED

2018-11-21 07:19:19 - [MESSAGE][PASSED] - Element 'Object Repository/android/Login screen/Login button' is exist

2018-11-21 07:19:19 - [MESSAGE][PASSED] - global.verify_element.exist is PASSED

2018-11-21 07:19:19 - [TEST_STEP][PASSED] - global.verify_element.exist: global.verify_element.exist is PASSED

2018-11-21 07:19:19 - [MESSAGE][PASSED] - Element 'Object Repository/android/Login screen/Register Now button' is exist

2018-11-21 07:19:19 - [MESSAGE][PASSED] - global.verify_element.exist is PASSED

2018-11-21 07:19:19 - [TEST_STEP][PASSED] - global.verify_element.exist: global.verify_element.exist is PASSED

2018-11-21 07:19:20 - [MESSAGE][PASSED] - Element 'Object Repository/android/Login screen/Know more about PeraHub button' is exist

2018-11-21 07:19:20 - [MESSAGE][PASSED] - global.verify_element.exist is PASSED]]></system-out>
         <system-err><![CDATA[]]></system-err>
      </testcase>
      <testcase name="Test Cases/android/Login/LOG_02" classname="Test Cases/android/Login/LOG_02" status="PASSED">
         <system-out><![CDATA[2018-11-21 07:19:20 - [TEST_CASE][PASSED] - Test Cases/android/Login/LOG_02: Test Cases/android/Login/LOG_02

2018-11-21 07:19:20 - [TEST_STEP][PASSED] - android.login_screen.enterUsername: android.login_screen.enterUsername is PASSED

2018-11-21 07:19:22 - [MESSAGE][PASSED] - Text 'allen_15' has been set to element 'Object Repository/android/Login screen/Username field'

2018-11-21 07:19:22 - [MESSAGE][PASSED] - android.login_screen.enterUsername is PASSED

2018-11-21 07:19:22 - [TEST_STEP][PASSED] - global.verify_element.text: global.verify_element.text is PASSED

2018-11-21 07:19:23 - [MESSAGE][PASSED] - Actual text and expected text of test object 'Object Repository/android/Login screen/Username field' are matched.

2018-11-21 07:19:23 - [MESSAGE][PASSED] - global.verify_element.text is PASSED

2018-11-21 07:19:23 - [TEST_STEP][PASSED] - global.verify_element.disabled: global.verify_element.disabled is PASSED

2018-11-21 07:19:23 - [MESSAGE][PASSED] - Element 'Object Repository/android/Login screen/Login button' has attribute 'enabled' is 'false'

2018-11-21 07:19:23 - [MESSAGE][PASSED] - Actual object 'false' and expected object 'false' are equal

2018-11-21 07:19:23 - [MESSAGE][PASSED] - global.verify_element.disabled is PASSED]]></system-out>
         <system-err><![CDATA[]]></system-err>
      </testcase>
      <testcase name="Test Cases/android/Login/LOG_03" classname="Test Cases/android/Login/LOG_03" status="PASSED">
         <system-out><![CDATA[2018-11-21 07:19:23 - [TEST_CASE][PASSED] - Test Cases/android/Login/LOG_03: Test Cases/android/Login/LOG_03

2018-11-21 07:19:23 - [TEST_STEP][PASSED] - android.login_screen.enterPassword: android.login_screen.enterPassword is PASSED

2018-11-21 07:37:15 - [MESSAGE][PASSED] - Text 'Hello!23' has been set to element 'Object Repository/android/Login screen/Password field'

2018-11-21 07:37:15 - [MESSAGE][PASSED] - android.login_screen.enterPassword is PASSED

2018-11-21 07:37:15 - [TEST_STEP][PASSED] - global.verify_element.text: global.verify_element.text is PASSED

2018-11-21 07:37:27 - [MESSAGE][PASSED] - Actual text and expected text of test object 'Object Repository/android/Login screen/Password field' are matched.

2018-11-21 07:37:27 - [MESSAGE][PASSED] - global.verify_element.text is PASSED

2018-11-21 07:37:27 - [TEST_STEP][PASSED] - global.verify_element.enabled: global.verify_element.enabled is PASSED

2018-11-21 07:37:27 - [MESSAGE][PASSED] - Element 'Object Repository/android/Login screen/Login button' has attribute 'enabled' is 'true'

2018-11-21 07:37:27 - [MESSAGE][PASSED] - Actual object 'true' and expected object 'true' are equal

2018-11-21 07:37:27 - [MESSAGE][PASSED] - global.verify_element.enabled is PASSED]]></system-out>
         <system-err><![CDATA[]]></system-err>
      </testcase>
      <testcase name="Test Cases/android/Login/LOG_04" classname="Test Cases/android/Login/LOG_04" status="PASSED">
         <system-out><![CDATA[2018-11-21 07:37:27 - [TEST_CASE][PASSED] - Test Cases/android/Login/LOG_04: Test Cases/android/Login/LOG_04

2018-11-21 07:37:27 - [TEST_STEP][PASSED] - android.login_screen.tapLogin: android.login_screen.tapLogin is PASSED

2018-11-21 07:52:54 - [MESSAGE][PASSED] - Tapped on element 'Object Repository/android/Login screen/Login button'

2018-11-21 07:52:57 - [MESSAGE][PASSED] - Delayed 3 second(s)

2018-11-21 07:52:57 - [MESSAGE][PASSED] - android.login_screen.tapLogin is PASSED

2018-11-21 07:52:57 - [TEST_STEP][PASSED] - global.wait_for_element.visible: global.wait_for_element.visible is PASSED

2018-11-21 07:53:24 - [MESSAGE][PASSED] - Element 'Object Repository/android/OTP Verification screen/OTP Verification screen' is present

2018-11-21 07:53:24 - [MESSAGE][PASSED] - global.wait_for_element.visible is PASSED

2018-11-21 07:53:24 - [TEST_STEP][PASSED] - global.verify_element.exist: global.verify_element.exist is PASSED

2018-11-21 08:08:50 - [MESSAGE][PASSED] - Element 'Object Repository/android/OTP Verification screen/OTP Verification screen' is exist

2018-11-21 08:08:50 - [MESSAGE][PASSED] - global.verify_element.exist is PASSED

2018-11-21 08:08:50 - [TEST_STEP][PASSED] - global.verify_element.notClickable: global.verify_element.notClickable is PASSED

2018-11-21 08:09:07 - [MESSAGE][PASSED] - Element 'Object Repository/android/OTP Verification screen/Resend button' has attribute 'clickable' is 'false'

2018-11-21 08:09:07 - [MESSAGE][PASSED] - Actual object 'false' and expected object 'false' are equal

2018-11-21 08:09:07 - [MESSAGE][PASSED] - global.verify_element.notClickable is PASSED

2018-11-21 08:09:07 - [TEST_STEP][PASSED] - global.verify_element.exist: global.verify_element.exist is PASSED

2018-11-21 09:15:04 - [MESSAGE][PASSED] - Element 'Object Repository/android/Global/Back button' is exist

2018-11-21 09:15:04 - [MESSAGE][PASSED] - global.verify_element.exist is PASSED

2018-11-21 09:15:04 - [TEST_STEP][PASSED] - delay: Delayed 65 second(s)

2018-11-21 10:51:37 - [MESSAGE][PASSED] - Delayed 65 second(s)

2018-11-21 10:51:37 - [TEST_STEP][PASSED] - global.verify_element.clickable: global.verify_element.clickable is PASSED

2018-11-21 10:51:38 - [MESSAGE][PASSED] - Element 'Object Repository/android/OTP Verification screen/Resend button' has attribute 'clickable' is 'true'

2018-11-21 10:51:38 - [MESSAGE][PASSED] - Actual object 'true' and expected object 'true' are equal

2018-11-21 10:51:38 - [MESSAGE][PASSED] - global.verify_element.clickable is PASSED]]></system-out>
         <system-err><![CDATA[]]></system-err>
      </testcase>
      <testcase name="Test Cases/android/Login/LOG_05" classname="Test Cases/android/Login/LOG_05" status="PASSED">
         <system-out><![CDATA[2018-11-21 10:51:38 - [TEST_CASE][PASSED] - Test Cases/android/Login/LOG_05: Test Cases/android/Login/LOG_05

2018-11-21 10:51:38 - [TEST_STEP][PASSED] - android.otp_verification_screen.enterOTP: android.otp_verification_screen.enterOTP is PASSED

2018-11-21 10:51:39 - [MESSAGE][PASSED] - Element 'Object Repository/android/OTP Verification screen/OTP Verification screen' is present

2018-11-21 10:51:41 - [MESSAGE][PASSED] - android.otp_verification_screen.enterOTP is PASSED

2018-11-21 10:51:41 - [TEST_STEP][PASSED] - global.verify_element.text: global.verify_element.text is PASSED

2018-11-21 10:51:51 - [MESSAGE][PASSED] - Actual text and expected text of test object 'Object Repository/android/My Account screen/Account Name' are matched.

2018-11-21 10:51:51 - [MESSAGE][PASSED] - global.verify_element.text is PASSED]]></system-out>
         <system-err><![CDATA[]]></system-err>
      </testcase>
      <testcase name="Test Cases/android/Login/LOG_06" classname="Test Cases/android/Login/LOG_06" status="PASSED">
         <system-out><![CDATA[2018-11-21 10:51:51 - [TEST_CASE][PASSED] - Test Cases/android/Login/LOG_06: Test Cases/android/Login/LOG_06

2018-11-21 10:51:51 - [TEST_STEP][PASSED] - startApplication: Started app at: '/Users/buenaanda/Documents/mobile-automation-katalon/Data Files/base.apk'

2018-11-21 10:52:13 - [MESSAGE][PASSED] - Started app at: '/Users/buenaanda/Documents/mobile-automation-katalon/Data Files/base.apk'

2018-11-21 10:52:13 - [TEST_STEP][PASSED] - android.initial_screen.tapLogin: android.initial_screen.tapLogin is PASSED

2018-11-21 10:52:15 - [MESSAGE][PASSED] - Tapped on element 'Object Repository/android/Initial screen/Login button'

2018-11-21 10:52:15 - [MESSAGE][PASSED] - android.initial_screen.tapLogin is PASSED

2018-11-21 10:52:15 - [TEST_STEP][PASSED] - android.login_screen.enterUsername: android.login_screen.enterUsername is PASSED

2018-11-21 10:52:16 - [MESSAGE][PASSED] - Text '1nvalid' has been set to element 'Object Repository/android/Login screen/Username field'

2018-11-21 10:52:16 - [MESSAGE][PASSED] - android.login_screen.enterUsername is PASSED

2018-11-21 10:52:16 - [TEST_STEP][PASSED] - android.login_screen.enterPassword: android.login_screen.enterPassword is PASSED

2018-11-21 10:52:19 - [MESSAGE][PASSED] - Text 'Hello!23' has been set to element 'Object Repository/android/Login screen/Password field'

2018-11-21 10:52:19 - [MESSAGE][PASSED] - android.login_screen.enterPassword is PASSED

2018-11-21 10:52:19 - [TEST_STEP][PASSED] - android.login_screen.tapLogin: android.login_screen.tapLogin is PASSED

2018-11-21 10:52:21 - [MESSAGE][PASSED] - Tapped on element 'Object Repository/android/Login screen/Login button'

2018-11-21 10:52:24 - [MESSAGE][PASSED] - Delayed 3 second(s)

2018-11-21 10:52:24 - [MESSAGE][PASSED] - android.login_screen.tapLogin is PASSED

2018-11-21 10:52:24 - [TEST_STEP][PASSED] - global.verify_element.notExist: global.verify_element.notExist is PASSED

2018-11-21 10:52:29 - [MESSAGE][PASSED] - Element 'Object Repository/android/OTP Verification screen/OTP Verification screen' not found

2018-11-21 10:52:29 - [MESSAGE][PASSED] - global.verify_element.notExist is PASSED]]></system-out>
         <system-err><![CDATA[]]></system-err>
      </testcase>
      <testcase name="Test Cases/android/Login/LOG_07" classname="Test Cases/android/Login/LOG_07" status="PASSED">
         <system-out><![CDATA[2018-11-21 10:52:29 - [TEST_CASE][PASSED] - Test Cases/android/Login/LOG_07: Test Cases/android/Login/LOG_07

2018-11-21 10:52:29 - [TEST_STEP][PASSED] - android.login_screen.enterUsername: android.login_screen.enterUsername is PASSED

2018-11-21 10:52:31 - [MESSAGE][PASSED] - Text '' has been set to element 'Object Repository/android/Login screen/Username field'

2018-11-21 10:52:31 - [MESSAGE][PASSED] - android.login_screen.enterUsername is PASSED

2018-11-21 10:52:31 - [TEST_STEP][PASSED] - global.verify_element.disabled: global.verify_element.disabled is PASSED

2018-11-21 10:52:31 - [MESSAGE][PASSED] - Element 'Object Repository/android/Login screen/Login button' has attribute 'enabled' is 'false'

2018-11-21 10:52:31 - [MESSAGE][PASSED] - Actual object 'false' and expected object 'false' are equal

2018-11-21 10:52:31 - [MESSAGE][PASSED] - global.verify_element.disabled is PASSED]]></system-out>
         <system-err><![CDATA[]]></system-err>
      </testcase>
      <testcase name="Test Cases/android/Login/LOG_08" classname="Test Cases/android/Login/LOG_08" status="PASSED">
         <system-out><![CDATA[2018-11-21 10:52:31 - [TEST_CASE][PASSED] - Test Cases/android/Login/LOG_08: Test Cases/android/Login/LOG_08

2018-11-21 10:52:31 - [TEST_STEP][PASSED] - android.login_screen.enterUsername: android.login_screen.enterUsername is PASSED

2018-11-21 10:52:33 - [MESSAGE][PASSED] - Text 'allen_15' has been set to element 'Object Repository/android/Login screen/Username field'

2018-11-21 10:52:33 - [MESSAGE][PASSED] - android.login_screen.enterUsername is PASSED

2018-11-21 10:52:33 - [TEST_STEP][PASSED] - android.login_screen.enterPassword: android.login_screen.enterPassword is PASSED

2018-11-21 10:52:35 - [MESSAGE][PASSED] - Text '1ncorrect' has been set to element 'Object Repository/android/Login screen/Password field'

2018-11-21 10:52:35 - [MESSAGE][PASSED] - android.login_screen.enterPassword is PASSED

2018-11-21 10:52:35 - [TEST_STEP][PASSED] - android.login_screen.tapLogin: android.login_screen.tapLogin is PASSED

2018-11-21 10:52:39 - [MESSAGE][PASSED] - Tapped on element 'Object Repository/android/Login screen/Login button'

2018-11-21 10:52:42 - [MESSAGE][PASSED] - Delayed 3 second(s)

2018-11-21 10:52:42 - [MESSAGE][PASSED] - android.login_screen.tapLogin is PASSED

2018-11-21 10:52:42 - [TEST_STEP][PASSED] - global.verify_element.notExist: global.verify_element.notExist is PASSED

2018-11-21 10:52:47 - [MESSAGE][PASSED] - Element 'Object Repository/android/OTP Verification screen/OTP Verification screen' not found

2018-11-21 10:52:47 - [MESSAGE][PASSED] - global.verify_element.notExist is PASSED]]></system-out>
         <system-err><![CDATA[]]></system-err>
      </testcase>
      <testcase name="Test Cases/android/Login/LOG_09" classname="Test Cases/android/Login/LOG_09" status="PASSED">
         <system-out><![CDATA[2018-11-21 10:52:47 - [TEST_CASE][PASSED] - Test Cases/android/Login/LOG_09: Test Cases/android/Login/LOG_09

2018-11-21 10:52:47 - [TEST_STEP][PASSED] - android.login_screen.enterPassword: android.login_screen.enterPassword is PASSED

2018-11-21 10:52:48 - [MESSAGE][PASSED] - Text '' has been set to element 'Object Repository/android/Login screen/Password field'

2018-11-21 10:52:48 - [MESSAGE][PASSED] - android.login_screen.enterPassword is PASSED

2018-11-21 10:52:48 - [TEST_STEP][PASSED] - global.verify_element.disabled: global.verify_element.disabled is PASSED

2018-11-21 10:52:49 - [MESSAGE][PASSED] - Element 'Object Repository/android/Login screen/Login button' has attribute 'enabled' is 'false'

2018-11-21 10:52:49 - [MESSAGE][PASSED] - Actual object 'false' and expected object 'false' are equal

2018-11-21 10:52:49 - [MESSAGE][PASSED] - global.verify_element.disabled is PASSED]]></system-out>
         <system-err><![CDATA[]]></system-err>
      </testcase>
      <testcase name="Test Cases/android/Login/LOG_10" classname="Test Cases/android/Login/LOG_10" status="FAILED">
         <failure type="FAILED" message="(Stack trace: com.kms.katalon.core.exception.StepFailedException: Element 'Object Repository/android/Navigation menu/My Account Menu' is exist
	at com.kms.katalon.core.keyword.internal.KeywordMain.stepFailed(KeywordMain.groovy:32)
	at com.kms.katalon.core.mobile.keyword.internal.MobileKeywordMain.stepFailed(MobileKeywordMain.groovy:40)
	at com.kms.katalon.core.mobile.keyword.builtin.VerifyElementNotExistKeyword$_verifyElementNotExist_closure1.doCall(VerifyElementNotExistKeyword.groovy:74)
	at com.kms.katalon.core.mobile.keyword.builtin.VerifyElementNotExistKeyword$_verifyElementNotExist_closure1.call(VerifyElementNotExistKeyword.groovy)
	at com.kms.katalon.core.mobile.keyword.internal.MobileKeywordMain.runKeyword(MobileKeywordMain.groovy:21)
	at com.kms.katalon.core.mobile.keyword.builtin.VerifyElementNotExistKeyword.verifyElementNotExist(VerifyElementNotExistKeyword.groovy:80)
	at com.kms.katalon.core.mobile.keyword.builtin.VerifyElementNotExistKeyword.execute(VerifyElementNotExistKeyword.groovy:64)
	at com.kms.katalon.core.keyword.internal.KeywordExecutor.executeKeywordForPlatform(KeywordExecutor.groovy:53)
	at com.kms.katalon.core.mobile.keyword.MobileBuiltInKeywords.verifyElementNotExist(MobileBuiltInKeywords.groovy:638)
	at com.kms.katalon.core.mobile.keyword.MobileBuiltInKeywords$verifyElementNotExist$7.call(Unknown Source)
	at global.verify_element.notExist(verify_element.groovy:43)
	at sun.reflect.NativeMethodAccessorImpl.invoke0(Native Method)
	at sun.reflect.NativeMethodAccessorImpl.invoke(NativeMethodAccessorImpl.java:62)
	at sun.reflect.DelegatingMethodAccessorImpl.invoke(DelegatingMethodAccessorImpl.java:43)
	at java.lang.reflect.Method.invoke(Method.java:498)
	at org.codehaus.groovy.reflection.CachedMethod.invoke(CachedMethod.java:93)
	at groovy.lang.MetaMethod.doMethodInvoke(MetaMethod.java:325)
	at groovy.lang.MetaClassImpl.invokeMethod(MetaClassImpl.java:1215)
	at groovy.lang.MetaClassImpl.invokeMethod(MetaClassImpl.java:1024)
	at groovy.lang.MetaClassImpl.invokeMethod(MetaClassImpl.java:812)
	at groovy.lang.DelegatingMetaClass.invokeMethod(DelegatingMetaClass.java:144)
	at global.verify_element.invokeMethod(verify_element.groovy)
	at com.kms.katalon.core.main.CustomKeywordDelegatingMetaClass.invokeStaticMethod(CustomKeywordDelegatingMetaClass.java:46)
	at org.codehaus.groovy.runtime.callsite.StaticMetaClassSite.call(StaticMetaClassSite.java:53)
	at org.codehaus.groovy.runtime.callsite.CallSiteArray.defaultCall(CallSiteArray.java:48)
	at org.codehaus.groovy.runtime.callsite.AbstractCallSite.call(AbstractCallSite.java:113)
	at org.codehaus.groovy.runtime.callsite.AbstractCallSite.call(AbstractCallSite.java:125)
	at Script1542614523706.run(Script1542614523706.groovy:17)
	at com.kms.katalon.core.main.ScriptEngine.run(ScriptEngine.java:183)
	at com.kms.katalon.core.main.ScriptEngine.runScriptAsRawText(ScriptEngine.java:108)
	at com.kms.katalon.core.main.TestCaseExecutor.runScript(TestCaseExecutor.java:294)
	at com.kms.katalon.core.main.TestCaseExecutor.doExecute(TestCaseExecutor.java:285)
	at com.kms.katalon.core.main.TestCaseExecutor.processExecutionPhase(TestCaseExecutor.java:264)
	at com.kms.katalon.core.main.TestCaseExecutor.accessMainPhase(TestCaseExecutor.java:256)
	at com.kms.katalon.core.main.TestCaseExecutor.execute(TestCaseExecutor.java:200)
	at com.kms.katalon.core.main.TestSuiteExecutor.accessTestCaseMainPhase(TestSuiteExecutor.java:129)
	at com.kms.katalon.core.main.TestSuiteExecutor.accessTestSuiteMainPhase(TestSuiteExecutor.java:112)
	at com.kms.katalon.core.main.TestSuiteExecutor.execute(TestSuiteExecutor.java:81)
	at com.kms.katalon.core.main.TestCaseMain.startTestSuite(TestCaseMain.java:142)
	at com.kms.katalon.core.main.TestCaseMain$startTestSuite$0.call(Unknown Source)
	at org.codehaus.groovy.runtime.callsite.CallSiteArray.defaultCall(CallSiteArray.java:48)
	at org.codehaus.groovy.runtime.callsite.AbstractCallSite.call(AbstractCallSite.java:113)
	at org.codehaus.groovy.runtime.callsite.AbstractCallSite.call(AbstractCallSite.java:141)
	at TempTestSuite1542753231646.run(TempTestSuite1542753231646.groovy:36)
	at groovy.lang.GroovyShell.runScriptOrMainOrTestOrRunnable(GroovyShell.java:263)
	at groovy.lang.GroovyShell.run(GroovyShell.java:518)
	at groovy.lang.GroovyShell.run(GroovyShell.java:507)
	at groovy.ui.GroovyMain.processOnce(GroovyMain.java:653)
	at groovy.ui.GroovyMain.run(GroovyMain.java:384)
	at groovy.ui.GroovyMain.process(GroovyMain.java:370)
	at groovy.ui.GroovyMain.processArgs(GroovyMain.java:129)
	at groovy.ui.GroovyMain.main(GroovyMain.java:109)
	at sun.reflect.NativeMethodAccessorImpl.invoke0(Native Method)
	at sun.reflect.NativeMethodAccessorImpl.invoke(NativeMethodAccessorImpl.java:62)
	at sun.reflect.DelegatingMethodAccessorImpl.invoke(DelegatingMethodAccessorImpl.java:43)
	at java.lang.reflect.Method.invoke(Method.java:498)
	at org.codehaus.groovy.tools.GroovyStarter.rootLoader(GroovyStarter.java:109)
	at org.codehaus.groovy.tools.GroovyStarter.main(GroovyStarter.java:131)
)"/>
         <system-out><![CDATA[2018-11-21 10:52:49 - [TEST_CASE][FAILED] - Test Cases/android/Login/LOG_10: Test Cases/android/Login/LOG_10 FAILED because (of) (Stack trace: com.kms.katalon.core.exception.StepFailedException: Element 'Object Repository/android/Navigation menu/My Account Menu' is exist
	at com.kms.katalon.core.keyword.internal.KeywordMain.stepFailed(KeywordMain.groovy:32)
	at com.kms.katalon.core.mobile.keyword.internal.MobileKeywordMain.stepFailed(MobileKeywordMain.groovy:40)
	at com.kms.katalon.core.mobile.keyword.builtin.VerifyElementNotExistKeyword$_verifyElementNotExist_closure1.doCall(VerifyElementNotExistKeyword.groovy:74)
	at com.kms.katalon.core.mobile.keyword.builtin.VerifyElementNotExistKeyword$_verifyElementNotExist_closure1.call(VerifyElementNotExistKeyword.groovy)
	at com.kms.katalon.core.mobile.keyword.internal.MobileKeywordMain.runKeyword(MobileKeywordMain.groovy:21)
	at com.kms.katalon.core.mobile.keyword.builtin.VerifyElementNotExistKeyword.verifyElementNotExist(VerifyElementNotExistKeyword.groovy:80)
	at com.kms.katalon.core.mobile.keyword.builtin.VerifyElementNotExistKeyword.execute(VerifyElementNotExistKeyword.groovy:64)
	at com.kms.katalon.core.keyword.internal.KeywordExecutor.executeKeywordForPlatform(KeywordExecutor.groovy:53)
	at com.kms.katalon.core.mobile.keyword.MobileBuiltInKeywords.verifyElementNotExist(MobileBuiltInKeywords.groovy:638)
	at com.kms.katalon.core.mobile.keyword.MobileBuiltInKeywords$verifyElementNotExist$7.call(Unknown Source)
	at global.verify_element.notExist(verify_element.groovy:43)
	at sun.reflect.NativeMethodAccessorImpl.invoke0(Native Method)
	at sun.reflect.NativeMethodAccessorImpl.invoke(NativeMethodAccessorImpl.java:62)
	at sun.reflect.DelegatingMethodAccessorImpl.invoke(DelegatingMethodAccessorImpl.java:43)
	at java.lang.reflect.Method.invoke(Method.java:498)
	at org.codehaus.groovy.reflection.CachedMethod.invoke(CachedMethod.java:93)
	at groovy.lang.MetaMethod.doMethodInvoke(MetaMethod.java:325)
	at groovy.lang.MetaClassImpl.invokeMethod(MetaClassImpl.java:1215)
	at groovy.lang.MetaClassImpl.invokeMethod(MetaClassImpl.java:1024)
	at groovy.lang.MetaClassImpl.invokeMethod(MetaClassImpl.java:812)
	at groovy.lang.DelegatingMetaClass.invokeMethod(DelegatingMetaClass.java:144)
	at global.verify_element.invokeMethod(verify_element.groovy)
	at com.kms.katalon.core.main.CustomKeywordDelegatingMetaClass.invokeStaticMethod(CustomKeywordDelegatingMetaClass.java:46)
	at org.codehaus.groovy.runtime.callsite.StaticMetaClassSite.call(StaticMetaClassSite.java:53)
	at org.codehaus.groovy.runtime.callsite.CallSiteArray.defaultCall(CallSiteArray.java:48)
	at org.codehaus.groovy.runtime.callsite.AbstractCallSite.call(AbstractCallSite.java:113)
	at org.codehaus.groovy.runtime.callsite.AbstractCallSite.call(AbstractCallSite.java:125)
	at Script1542614523706.run(Script1542614523706.groovy:17)
	at com.kms.katalon.core.main.ScriptEngine.run(ScriptEngine.java:183)
	at com.kms.katalon.core.main.ScriptEngine.runScriptAsRawText(ScriptEngine.java:108)
	at com.kms.katalon.core.main.TestCaseExecutor.runScript(TestCaseExecutor.java:294)
	at com.kms.katalon.core.main.TestCaseExecutor.doExecute(TestCaseExecutor.java:285)
	at com.kms.katalon.core.main.TestCaseExecutor.processExecutionPhase(TestCaseExecutor.java:264)
	at com.kms.katalon.core.main.TestCaseExecutor.accessMainPhase(TestCaseExecutor.java:256)
	at com.kms.katalon.core.main.TestCaseExecutor.execute(TestCaseExecutor.java:200)
	at com.kms.katalon.core.main.TestSuiteExecutor.accessTestCaseMainPhase(TestSuiteExecutor.java:129)
	at com.kms.katalon.core.main.TestSuiteExecutor.accessTestSuiteMainPhase(TestSuiteExecutor.java:112)
	at com.kms.katalon.core.main.TestSuiteExecutor.execute(TestSuiteExecutor.java:81)
	at com.kms.katalon.core.main.TestCaseMain.startTestSuite(TestCaseMain.java:142)
	at com.kms.katalon.core.main.TestCaseMain$startTestSuite$0.call(Unknown Source)
	at org.codehaus.groovy.runtime.callsite.CallSiteArray.defaultCall(CallSiteArray.java:48)
	at org.codehaus.groovy.runtime.callsite.AbstractCallSite.call(AbstractCallSite.java:113)
	at org.codehaus.groovy.runtime.callsite.AbstractCallSite.call(AbstractCallSite.java:141)
	at TempTestSuite1542753231646.run(TempTestSuite1542753231646.groovy:36)
	at groovy.lang.GroovyShell.runScriptOrMainOrTestOrRunnable(GroovyShell.java:263)
	at groovy.lang.GroovyShell.run(GroovyShell.java:518)
	at groovy.lang.GroovyShell.run(GroovyShell.java:507)
	at groovy.ui.GroovyMain.processOnce(GroovyMain.java:653)
	at groovy.ui.GroovyMain.run(GroovyMain.java:384)
	at groovy.ui.GroovyMain.process(GroovyMain.java:370)
	at groovy.ui.GroovyMain.processArgs(GroovyMain.java:129)
	at groovy.ui.GroovyMain.main(GroovyMain.java:109)
	at sun.reflect.NativeMethodAccessorImpl.invoke0(Native Method)
	at sun.reflect.NativeMethodAccessorImpl.invoke(NativeMethodAccessorImpl.java:62)
	at sun.reflect.DelegatingMethodAccessorImpl.invoke(DelegatingMethodAccessorImpl.java:43)
	at java.lang.reflect.Method.invoke(Method.java:498)
	at org.codehaus.groovy.tools.GroovyStarter.rootLoader(GroovyStarter.java:109)
	at org.codehaus.groovy.tools.GroovyStarter.main(GroovyStarter.java:131)
)

2018-11-21 10:52:49 - [TEST_STEP][PASSED] - android.login_screen.enterUsername: android.login_screen.enterUsername is PASSED

2018-11-21 10:52:50 - [MESSAGE][PASSED] - Text 'allen_15' has been set to element 'Object Repository/android/Login screen/Username field'

2018-11-21 10:52:50 - [MESSAGE][PASSED] - android.login_screen.enterUsername is PASSED

2018-11-21 10:52:50 - [TEST_STEP][PASSED] - android.login_screen.enterPassword: android.login_screen.enterPassword is PASSED

2018-11-21 10:52:52 - [MESSAGE][PASSED] - Text 'Hello!23' has been set to element 'Object Repository/android/Login screen/Password field'

2018-11-21 10:52:52 - [MESSAGE][PASSED] - android.login_screen.enterPassword is PASSED

2018-11-21 10:52:52 - [TEST_STEP][PASSED] - android.login_screen.tapLogin: android.login_screen.tapLogin is PASSED

2018-11-21 10:52:56 - [MESSAGE][PASSED] - Tapped on element 'Object Repository/android/Login screen/Login button'

2018-11-21 10:52:59 - [MESSAGE][PASSED] - Delayed 3 second(s)

2018-11-21 10:52:59 - [MESSAGE][PASSED] - android.login_screen.tapLogin is PASSED

2018-11-21 10:52:59 - [TEST_STEP][PASSED] - android.otp_verification_screen.enterOTP: android.otp_verification_screen.enterOTP is PASSED

2018-11-21 10:52:59 - [MESSAGE][PASSED] - Element 'Object Repository/android/OTP Verification screen/OTP Verification screen' is present

2018-11-21 10:52:59 - [MESSAGE][PASSED] - android.otp_verification_screen.enterOTP is PASSED

2018-11-21 10:52:59 - [TEST_STEP][FAILED] - global.verify_element.notExist: Element 'Object Repository/android/Navigation menu/My Account Menu' is exist

2018-11-21 10:53:05 - [MESSAGE][FAILED] - Element 'Object Repository/android/Navigation menu/My Account Menu' is exist
[[ATTACHMENT|/Users/buenaanda/Documents/mobile-automation-katalon/Reports/android/Android Test Suite/20181121_063351/1542768784455.png]]

2018-11-21 10:53:05 - [MESSAGE][FAILED] - Element 'Object Repository/android/Navigation menu/My Account Menu' is exist]]></system-out>
         <system-err><![CDATA[2018-11-21 10:52:49 - [TEST_CASE][FAILED] - Test Cases/android/Login/LOG_10: Test Cases/android/Login/LOG_10 FAILED because (of) (Stack trace: com.kms.katalon.core.exception.StepFailedException: Element 'Object Repository/android/Navigation menu/My Account Menu' is exist
	at com.kms.katalon.core.keyword.internal.KeywordMain.stepFailed(KeywordMain.groovy:32)
	at com.kms.katalon.core.mobile.keyword.internal.MobileKeywordMain.stepFailed(MobileKeywordMain.groovy:40)
	at com.kms.katalon.core.mobile.keyword.builtin.VerifyElementNotExistKeyword$_verifyElementNotExist_closure1.doCall(VerifyElementNotExistKeyword.groovy:74)
	at com.kms.katalon.core.mobile.keyword.builtin.VerifyElementNotExistKeyword$_verifyElementNotExist_closure1.call(VerifyElementNotExistKeyword.groovy)
	at com.kms.katalon.core.mobile.keyword.internal.MobileKeywordMain.runKeyword(MobileKeywordMain.groovy:21)
	at com.kms.katalon.core.mobile.keyword.builtin.VerifyElementNotExistKeyword.verifyElementNotExist(VerifyElementNotExistKeyword.groovy:80)
	at com.kms.katalon.core.mobile.keyword.builtin.VerifyElementNotExistKeyword.execute(VerifyElementNotExistKeyword.groovy:64)
	at com.kms.katalon.core.keyword.internal.KeywordExecutor.executeKeywordForPlatform(KeywordExecutor.groovy:53)
	at com.kms.katalon.core.mobile.keyword.MobileBuiltInKeywords.verifyElementNotExist(MobileBuiltInKeywords.groovy:638)
	at com.kms.katalon.core.mobile.keyword.MobileBuiltInKeywords$verifyElementNotExist$7.call(Unknown Source)
	at global.verify_element.notExist(verify_element.groovy:43)
	at sun.reflect.NativeMethodAccessorImpl.invoke0(Native Method)
	at sun.reflect.NativeMethodAccessorImpl.invoke(NativeMethodAccessorImpl.java:62)
	at sun.reflect.DelegatingMethodAccessorImpl.invoke(DelegatingMethodAccessorImpl.java:43)
	at java.lang.reflect.Method.invoke(Method.java:498)
	at org.codehaus.groovy.reflection.CachedMethod.invoke(CachedMethod.java:93)
	at groovy.lang.MetaMethod.doMethodInvoke(MetaMethod.java:325)
	at groovy.lang.MetaClassImpl.invokeMethod(MetaClassImpl.java:1215)
	at groovy.lang.MetaClassImpl.invokeMethod(MetaClassImpl.java:1024)
	at groovy.lang.MetaClassImpl.invokeMethod(MetaClassImpl.java:812)
	at groovy.lang.DelegatingMetaClass.invokeMethod(DelegatingMetaClass.java:144)
	at global.verify_element.invokeMethod(verify_element.groovy)
	at com.kms.katalon.core.main.CustomKeywordDelegatingMetaClass.invokeStaticMethod(CustomKeywordDelegatingMetaClass.java:46)
	at org.codehaus.groovy.runtime.callsite.StaticMetaClassSite.call(StaticMetaClassSite.java:53)
	at org.codehaus.groovy.runtime.callsite.CallSiteArray.defaultCall(CallSiteArray.java:48)
	at org.codehaus.groovy.runtime.callsite.AbstractCallSite.call(AbstractCallSite.java:113)
	at org.codehaus.groovy.runtime.callsite.AbstractCallSite.call(AbstractCallSite.java:125)
	at Script1542614523706.run(Script1542614523706.groovy:17)
	at com.kms.katalon.core.main.ScriptEngine.run(ScriptEngine.java:183)
	at com.kms.katalon.core.main.ScriptEngine.runScriptAsRawText(ScriptEngine.java:108)
	at com.kms.katalon.core.main.TestCaseExecutor.runScript(TestCaseExecutor.java:294)
	at com.kms.katalon.core.main.TestCaseExecutor.doExecute(TestCaseExecutor.java:285)
	at com.kms.katalon.core.main.TestCaseExecutor.processExecutionPhase(TestCaseExecutor.java:264)
	at com.kms.katalon.core.main.TestCaseExecutor.accessMainPhase(TestCaseExecutor.java:256)
	at com.kms.katalon.core.main.TestCaseExecutor.execute(TestCaseExecutor.java:200)
	at com.kms.katalon.core.main.TestSuiteExecutor.accessTestCaseMainPhase(TestSuiteExecutor.java:129)
	at com.kms.katalon.core.main.TestSuiteExecutor.accessTestSuiteMainPhase(TestSuiteExecutor.java:112)
	at com.kms.katalon.core.main.TestSuiteExecutor.execute(TestSuiteExecutor.java:81)
	at com.kms.katalon.core.main.TestCaseMain.startTestSuite(TestCaseMain.java:142)
	at com.kms.katalon.core.main.TestCaseMain$startTestSuite$0.call(Unknown Source)
	at org.codehaus.groovy.runtime.callsite.CallSiteArray.defaultCall(CallSiteArray.java:48)
	at org.codehaus.groovy.runtime.callsite.AbstractCallSite.call(AbstractCallSite.java:113)
	at org.codehaus.groovy.runtime.callsite.AbstractCallSite.call(AbstractCallSite.java:141)
	at TempTestSuite1542753231646.run(TempTestSuite1542753231646.groovy:36)
	at groovy.lang.GroovyShell.runScriptOrMainOrTestOrRunnable(GroovyShell.java:263)
	at groovy.lang.GroovyShell.run(GroovyShell.java:518)
	at groovy.lang.GroovyShell.run(GroovyShell.java:507)
	at groovy.ui.GroovyMain.processOnce(GroovyMain.java:653)
	at groovy.ui.GroovyMain.run(GroovyMain.java:384)
	at groovy.ui.GroovyMain.process(GroovyMain.java:370)
	at groovy.ui.GroovyMain.processArgs(GroovyMain.java:129)
	at groovy.ui.GroovyMain.main(GroovyMain.java:109)
	at sun.reflect.NativeMethodAccessorImpl.invoke0(Native Method)
	at sun.reflect.NativeMethodAccessorImpl.invoke(NativeMethodAccessorImpl.java:62)
	at sun.reflect.DelegatingMethodAccessorImpl.invoke(DelegatingMethodAccessorImpl.java:43)
	at java.lang.reflect.Method.invoke(Method.java:498)
	at org.codehaus.groovy.tools.GroovyStarter.rootLoader(GroovyStarter.java:109)
	at org.codehaus.groovy.tools.GroovyStarter.main(GroovyStarter.java:131)
)]]></system-err>
      </testcase>
      <testcase name="Test Cases/android/Login/LOG_11" classname="Test Cases/android/Login/LOG_11" status="FAILED">
         <failure type="FAILED" message="(Stack trace: com.kms.katalon.core.exception.StepFailedException: Failed to tap on element 'Object Repository/android/OTP Verification screen/Resend button' (Root cause: Object Object Repository/android/OTP Verification screen/Resend button not found)
	at com.kms.katalon.core.keyword.internal.KeywordMain.stepFailed(KeywordMain.groovy:36)
	at com.kms.katalon.core.mobile.keyword.internal.MobileKeywordMain.stepFailed(MobileKeywordMain.groovy:40)
	at com.kms.katalon.core.mobile.keyword.internal.MobileKeywordMain.runKeyword(MobileKeywordMain.groovy:23)
	at com.kms.katalon.core.mobile.keyword.builtin.TapKeyword.tap(TapKeyword.groovy:83)
	at com.kms.katalon.core.mobile.keyword.builtin.TapKeyword.execute(TapKeyword.groovy:66)
	at com.kms.katalon.core.keyword.internal.KeywordExecutor.executeKeywordForPlatform(KeywordExecutor.groovy:53)
	at com.kms.katalon.core.mobile.keyword.MobileBuiltInKeywords.tap(MobileBuiltInKeywords.groovy:471)
	at com.kms.katalon.core.mobile.keyword.MobileBuiltInKeywords$tap$0.call(Unknown Source)
	at org.codehaus.groovy.runtime.callsite.CallSiteArray.defaultCall(CallSiteArray.java:48)
	at org.codehaus.groovy.runtime.callsite.AbstractCallSite.call(AbstractCallSite.java:113)
	at org.codehaus.groovy.runtime.callsite.AbstractCallSite.call(AbstractCallSite.java:141)
	at android.otp_verification_screen.tapResend(otp_verification_screen.groovy:23)
	at sun.reflect.NativeMethodAccessorImpl.invoke0(Native Method)
	at sun.reflect.NativeMethodAccessorImpl.invoke(NativeMethodAccessorImpl.java:62)
	at sun.reflect.DelegatingMethodAccessorImpl.invoke(DelegatingMethodAccessorImpl.java:43)
	at java.lang.reflect.Method.invoke(Method.java:498)
	at org.codehaus.groovy.reflection.CachedMethod.invoke(CachedMethod.java:93)
	at groovy.lang.MetaMethod.doMethodInvoke(MetaMethod.java:325)
	at groovy.lang.MetaClassImpl.invokeMethod(MetaClassImpl.java:1215)
	at groovy.lang.MetaClassImpl.invokeMethod(MetaClassImpl.java:1024)
	at groovy.lang.MetaClassImpl.invokeMethod(MetaClassImpl.java:812)
	at groovy.lang.DelegatingMetaClass.invokeMethod(DelegatingMetaClass.java:144)
	at android.otp_verification_screen.invokeMethod(otp_verification_screen.groovy)
	at com.kms.katalon.core.main.CustomKeywordDelegatingMetaClass.invokeStaticMethod(CustomKeywordDelegatingMetaClass.java:46)
	at org.codehaus.groovy.runtime.callsite.StaticMetaClassSite.call(StaticMetaClassSite.java:53)
	at org.codehaus.groovy.runtime.callsite.CallSiteArray.defaultCall(CallSiteArray.java:48)
	at org.codehaus.groovy.runtime.callsite.AbstractCallSite.call(AbstractCallSite.java:113)
	at org.codehaus.groovy.runtime.callsite.AbstractCallSite.call(AbstractCallSite.java:117)
	at Script1542614618443.run(Script1542614618443.groovy:9)
	at com.kms.katalon.core.main.ScriptEngine.run(ScriptEngine.java:183)
	at com.kms.katalon.core.main.ScriptEngine.runScriptAsRawText(ScriptEngine.java:108)
	at com.kms.katalon.core.main.TestCaseExecutor.runScript(TestCaseExecutor.java:294)
	at com.kms.katalon.core.main.TestCaseExecutor.doExecute(TestCaseExecutor.java:285)
	at com.kms.katalon.core.main.TestCaseExecutor.processExecutionPhase(TestCaseExecutor.java:264)
	at com.kms.katalon.core.main.TestCaseExecutor.accessMainPhase(TestCaseExecutor.java:256)
	at com.kms.katalon.core.main.TestCaseExecutor.execute(TestCaseExecutor.java:200)
	at com.kms.katalon.core.main.TestSuiteExecutor.accessTestCaseMainPhase(TestSuiteExecutor.java:129)
	at com.kms.katalon.core.main.TestSuiteExecutor.accessTestSuiteMainPhase(TestSuiteExecutor.java:112)
	at com.kms.katalon.core.main.TestSuiteExecutor.execute(TestSuiteExecutor.java:81)
	at com.kms.katalon.core.main.TestCaseMain.startTestSuite(TestCaseMain.java:142)
	at com.kms.katalon.core.main.TestCaseMain$startTestSuite$0.call(Unknown Source)
	at org.codehaus.groovy.runtime.callsite.CallSiteArray.defaultCall(CallSiteArray.java:48)
	at org.codehaus.groovy.runtime.callsite.AbstractCallSite.call(AbstractCallSite.java:113)
	at org.codehaus.groovy.runtime.callsite.AbstractCallSite.call(AbstractCallSite.java:141)
	at TempTestSuite1542753231646.run(TempTestSuite1542753231646.groovy:36)
	at groovy.lang.GroovyShell.runScriptOrMainOrTestOrRunnable(GroovyShell.java:263)
	at groovy.lang.GroovyShell.run(GroovyShell.java:518)
	at groovy.lang.GroovyShell.run(GroovyShell.java:507)
	at groovy.ui.GroovyMain.processOnce(GroovyMain.java:653)
	at groovy.ui.GroovyMain.run(GroovyMain.java:384)
	at groovy.ui.GroovyMain.process(GroovyMain.java:370)
	at groovy.ui.GroovyMain.processArgs(GroovyMain.java:129)
	at groovy.ui.GroovyMain.main(GroovyMain.java:109)
	at sun.reflect.NativeMethodAccessorImpl.invoke0(Native Method)
	at sun.reflect.NativeMethodAccessorImpl.invoke(NativeMethodAccessorImpl.java:62)
	at sun.reflect.DelegatingMethodAccessorImpl.invoke(DelegatingMethodAccessorImpl.java:43)
	at java.lang.reflect.Method.invoke(Method.java:498)
	at org.codehaus.groovy.tools.GroovyStarter.rootLoader(GroovyStarter.java:109)
	at org.codehaus.groovy.tools.GroovyStarter.main(GroovyStarter.java:131)
)"/>
         <system-out><![CDATA[2018-11-21 10:53:05 - [TEST_CASE][FAILED] - Test Cases/android/Login/LOG_11: Test Cases/android/Login/LOG_11 FAILED because (of) (Stack trace: com.kms.katalon.core.exception.StepFailedException: Failed to tap on element 'Object Repository/android/OTP Verification screen/Resend button' (Root cause: Object Object Repository/android/OTP Verification screen/Resend button not found)
	at com.kms.katalon.core.keyword.internal.KeywordMain.stepFailed(KeywordMain.groovy:36)
	at com.kms.katalon.core.mobile.keyword.internal.MobileKeywordMain.stepFailed(MobileKeywordMain.groovy:40)
	at com.kms.katalon.core.mobile.keyword.internal.MobileKeywordMain.runKeyword(MobileKeywordMain.groovy:23)
	at com.kms.katalon.core.mobile.keyword.builtin.TapKeyword.tap(TapKeyword.groovy:83)
	at com.kms.katalon.core.mobile.keyword.builtin.TapKeyword.execute(TapKeyword.groovy:66)
	at com.kms.katalon.core.keyword.internal.KeywordExecutor.executeKeywordForPlatform(KeywordExecutor.groovy:53)
	at com.kms.katalon.core.mobile.keyword.MobileBuiltInKeywords.tap(MobileBuiltInKeywords.groovy:471)
	at com.kms.katalon.core.mobile.keyword.MobileBuiltInKeywords$tap$0.call(Unknown Source)
	at org.codehaus.groovy.runtime.callsite.CallSiteArray.defaultCall(CallSiteArray.java:48)
	at org.codehaus.groovy.runtime.callsite.AbstractCallSite.call(AbstractCallSite.java:113)
	at org.codehaus.groovy.runtime.callsite.AbstractCallSite.call(AbstractCallSite.java:141)
	at android.otp_verification_screen.tapResend(otp_verification_screen.groovy:23)
	at sun.reflect.NativeMethodAccessorImpl.invoke0(Native Method)
	at sun.reflect.NativeMethodAccessorImpl.invoke(NativeMethodAccessorImpl.java:62)
	at sun.reflect.DelegatingMethodAccessorImpl.invoke(DelegatingMethodAccessorImpl.java:43)
	at java.lang.reflect.Method.invoke(Method.java:498)
	at org.codehaus.groovy.reflection.CachedMethod.invoke(CachedMethod.java:93)
	at groovy.lang.MetaMethod.doMethodInvoke(MetaMethod.java:325)
	at groovy.lang.MetaClassImpl.invokeMethod(MetaClassImpl.java:1215)
	at groovy.lang.MetaClassImpl.invokeMethod(MetaClassImpl.java:1024)
	at groovy.lang.MetaClassImpl.invokeMethod(MetaClassImpl.java:812)
	at groovy.lang.DelegatingMetaClass.invokeMethod(DelegatingMetaClass.java:144)
	at android.otp_verification_screen.invokeMethod(otp_verification_screen.groovy)
	at com.kms.katalon.core.main.CustomKeywordDelegatingMetaClass.invokeStaticMethod(CustomKeywordDelegatingMetaClass.java:46)
	at org.codehaus.groovy.runtime.callsite.StaticMetaClassSite.call(StaticMetaClassSite.java:53)
	at org.codehaus.groovy.runtime.callsite.CallSiteArray.defaultCall(CallSiteArray.java:48)
	at org.codehaus.groovy.runtime.callsite.AbstractCallSite.call(AbstractCallSite.java:113)
	at org.codehaus.groovy.runtime.callsite.AbstractCallSite.call(AbstractCallSite.java:117)
	at Script1542614618443.run(Script1542614618443.groovy:9)
	at com.kms.katalon.core.main.ScriptEngine.run(ScriptEngine.java:183)
	at com.kms.katalon.core.main.ScriptEngine.runScriptAsRawText(ScriptEngine.java:108)
	at com.kms.katalon.core.main.TestCaseExecutor.runScript(TestCaseExecutor.java:294)
	at com.kms.katalon.core.main.TestCaseExecutor.doExecute(TestCaseExecutor.java:285)
	at com.kms.katalon.core.main.TestCaseExecutor.processExecutionPhase(TestCaseExecutor.java:264)
	at com.kms.katalon.core.main.TestCaseExecutor.accessMainPhase(TestCaseExecutor.java:256)
	at com.kms.katalon.core.main.TestCaseExecutor.execute(TestCaseExecutor.java:200)
	at com.kms.katalon.core.main.TestSuiteExecutor.accessTestCaseMainPhase(TestSuiteExecutor.java:129)
	at com.kms.katalon.core.main.TestSuiteExecutor.accessTestSuiteMainPhase(TestSuiteExecutor.java:112)
	at com.kms.katalon.core.main.TestSuiteExecutor.execute(TestSuiteExecutor.java:81)
	at com.kms.katalon.core.main.TestCaseMain.startTestSuite(TestCaseMain.java:142)
	at com.kms.katalon.core.main.TestCaseMain$startTestSuite$0.call(Unknown Source)
	at org.codehaus.groovy.runtime.callsite.CallSiteArray.defaultCall(CallSiteArray.java:48)
	at org.codehaus.groovy.runtime.callsite.AbstractCallSite.call(AbstractCallSite.java:113)
	at org.codehaus.groovy.runtime.callsite.AbstractCallSite.call(AbstractCallSite.java:141)
	at TempTestSuite1542753231646.run(TempTestSuite1542753231646.groovy:36)
	at groovy.lang.GroovyShell.runScriptOrMainOrTestOrRunnable(GroovyShell.java:263)
	at groovy.lang.GroovyShell.run(GroovyShell.java:518)
	at groovy.lang.GroovyShell.run(GroovyShell.java:507)
	at groovy.ui.GroovyMain.processOnce(GroovyMain.java:653)
	at groovy.ui.GroovyMain.run(GroovyMain.java:384)
	at groovy.ui.GroovyMain.process(GroovyMain.java:370)
	at groovy.ui.GroovyMain.processArgs(GroovyMain.java:129)
	at groovy.ui.GroovyMain.main(GroovyMain.java:109)
	at sun.reflect.NativeMethodAccessorImpl.invoke0(Native Method)
	at sun.reflect.NativeMethodAccessorImpl.invoke(NativeMethodAccessorImpl.java:62)
	at sun.reflect.DelegatingMethodAccessorImpl.invoke(DelegatingMethodAccessorImpl.java:43)
	at java.lang.reflect.Method.invoke(Method.java:498)
	at org.codehaus.groovy.tools.GroovyStarter.rootLoader(GroovyStarter.java:109)
	at org.codehaus.groovy.tools.GroovyStarter.main(GroovyStarter.java:131)
)

2018-11-21 10:53:05 - [TEST_STEP][PASSED] - delay: Delayed 60 second(s)

2018-11-21 10:54:05 - [MESSAGE][PASSED] - Delayed 60 second(s)

2018-11-21 10:54:05 - [TEST_STEP][FAILED] - android.otp_verification_screen.tapResend: Failed to tap on element 'Object Repository/android/OTP Verification screen/Resend button' (Root cause: Object Object Repository/android/OTP Verification screen/Resend button not found)

2018-11-21 10:54:05 - [MESSAGE][WARNING] - Timeout '0' is invalid. Using default page load timeout: '15'

2018-11-21 10:54:21 - [MESSAGE][FAILED] - Object Object Repository/android/OTP Verification screen/Resend button not found
[[ATTACHMENT|/Users/buenaanda/Documents/mobile-automation-katalon/Reports/android/Android Test Suite/20181121_063351/1542768860727.png]]

2018-11-21 10:54:22 - [MESSAGE][FAILED] - Failed to tap on element 'Object Repository/android/OTP Verification screen/Resend button' (Root cause: Object Object Repository/android/OTP Verification screen/Resend button not found)
[[ATTACHMENT|/Users/buenaanda/Documents/mobile-automation-katalon/Reports/android/Android Test Suite/20181121_063351/1542768861640.png]]

2018-11-21 10:54:22 - [MESSAGE][FAILED] - Failed to tap on element 'Object Repository/android/OTP Verification screen/Resend button' (Root cause: Object Object Repository/android/OTP Verification screen/Resend button not found)]]></system-out>
         <system-err><![CDATA[2018-11-21 10:53:05 - [TEST_CASE][FAILED] - Test Cases/android/Login/LOG_11: Test Cases/android/Login/LOG_11 FAILED because (of) (Stack trace: com.kms.katalon.core.exception.StepFailedException: Failed to tap on element 'Object Repository/android/OTP Verification screen/Resend button' (Root cause: Object Object Repository/android/OTP Verification screen/Resend button not found)
	at com.kms.katalon.core.keyword.internal.KeywordMain.stepFailed(KeywordMain.groovy:36)
	at com.kms.katalon.core.mobile.keyword.internal.MobileKeywordMain.stepFailed(MobileKeywordMain.groovy:40)
	at com.kms.katalon.core.mobile.keyword.internal.MobileKeywordMain.runKeyword(MobileKeywordMain.groovy:23)
	at com.kms.katalon.core.mobile.keyword.builtin.TapKeyword.tap(TapKeyword.groovy:83)
	at com.kms.katalon.core.mobile.keyword.builtin.TapKeyword.execute(TapKeyword.groovy:66)
	at com.kms.katalon.core.keyword.internal.KeywordExecutor.executeKeywordForPlatform(KeywordExecutor.groovy:53)
	at com.kms.katalon.core.mobile.keyword.MobileBuiltInKeywords.tap(MobileBuiltInKeywords.groovy:471)
	at com.kms.katalon.core.mobile.keyword.MobileBuiltInKeywords$tap$0.call(Unknown Source)
	at org.codehaus.groovy.runtime.callsite.CallSiteArray.defaultCall(CallSiteArray.java:48)
	at org.codehaus.groovy.runtime.callsite.AbstractCallSite.call(AbstractCallSite.java:113)
	at org.codehaus.groovy.runtime.callsite.AbstractCallSite.call(AbstractCallSite.java:141)
	at android.otp_verification_screen.tapResend(otp_verification_screen.groovy:23)
	at sun.reflect.NativeMethodAccessorImpl.invoke0(Native Method)
	at sun.reflect.NativeMethodAccessorImpl.invoke(NativeMethodAccessorImpl.java:62)
	at sun.reflect.DelegatingMethodAccessorImpl.invoke(DelegatingMethodAccessorImpl.java:43)
	at java.lang.reflect.Method.invoke(Method.java:498)
	at org.codehaus.groovy.reflection.CachedMethod.invoke(CachedMethod.java:93)
	at groovy.lang.MetaMethod.doMethodInvoke(MetaMethod.java:325)
	at groovy.lang.MetaClassImpl.invokeMethod(MetaClassImpl.java:1215)
	at groovy.lang.MetaClassImpl.invokeMethod(MetaClassImpl.java:1024)
	at groovy.lang.MetaClassImpl.invokeMethod(MetaClassImpl.java:812)
	at groovy.lang.DelegatingMetaClass.invokeMethod(DelegatingMetaClass.java:144)
	at android.otp_verification_screen.invokeMethod(otp_verification_screen.groovy)
	at com.kms.katalon.core.main.CustomKeywordDelegatingMetaClass.invokeStaticMethod(CustomKeywordDelegatingMetaClass.java:46)
	at org.codehaus.groovy.runtime.callsite.StaticMetaClassSite.call(StaticMetaClassSite.java:53)
	at org.codehaus.groovy.runtime.callsite.CallSiteArray.defaultCall(CallSiteArray.java:48)
	at org.codehaus.groovy.runtime.callsite.AbstractCallSite.call(AbstractCallSite.java:113)
	at org.codehaus.groovy.runtime.callsite.AbstractCallSite.call(AbstractCallSite.java:117)
	at Script1542614618443.run(Script1542614618443.groovy:9)
	at com.kms.katalon.core.main.ScriptEngine.run(ScriptEngine.java:183)
	at com.kms.katalon.core.main.ScriptEngine.runScriptAsRawText(ScriptEngine.java:108)
	at com.kms.katalon.core.main.TestCaseExecutor.runScript(TestCaseExecutor.java:294)
	at com.kms.katalon.core.main.TestCaseExecutor.doExecute(TestCaseExecutor.java:285)
	at com.kms.katalon.core.main.TestCaseExecutor.processExecutionPhase(TestCaseExecutor.java:264)
	at com.kms.katalon.core.main.TestCaseExecutor.accessMainPhase(TestCaseExecutor.java:256)
	at com.kms.katalon.core.main.TestCaseExecutor.execute(TestCaseExecutor.java:200)
	at com.kms.katalon.core.main.TestSuiteExecutor.accessTestCaseMainPhase(TestSuiteExecutor.java:129)
	at com.kms.katalon.core.main.TestSuiteExecutor.accessTestSuiteMainPhase(TestSuiteExecutor.java:112)
	at com.kms.katalon.core.main.TestSuiteExecutor.execute(TestSuiteExecutor.java:81)
	at com.kms.katalon.core.main.TestCaseMain.startTestSuite(TestCaseMain.java:142)
	at com.kms.katalon.core.main.TestCaseMain$startTestSuite$0.call(Unknown Source)
	at org.codehaus.groovy.runtime.callsite.CallSiteArray.defaultCall(CallSiteArray.java:48)
	at org.codehaus.groovy.runtime.callsite.AbstractCallSite.call(AbstractCallSite.java:113)
	at org.codehaus.groovy.runtime.callsite.AbstractCallSite.call(AbstractCallSite.java:141)
	at TempTestSuite1542753231646.run(TempTestSuite1542753231646.groovy:36)
	at groovy.lang.GroovyShell.runScriptOrMainOrTestOrRunnable(GroovyShell.java:263)
	at groovy.lang.GroovyShell.run(GroovyShell.java:518)
	at groovy.lang.GroovyShell.run(GroovyShell.java:507)
	at groovy.ui.GroovyMain.processOnce(GroovyMain.java:653)
	at groovy.ui.GroovyMain.run(GroovyMain.java:384)
	at groovy.ui.GroovyMain.process(GroovyMain.java:370)
	at groovy.ui.GroovyMain.processArgs(GroovyMain.java:129)
	at groovy.ui.GroovyMain.main(GroovyMain.java:109)
	at sun.reflect.NativeMethodAccessorImpl.invoke0(Native Method)
	at sun.reflect.NativeMethodAccessorImpl.invoke(NativeMethodAccessorImpl.java:62)
	at sun.reflect.DelegatingMethodAccessorImpl.invoke(DelegatingMethodAccessorImpl.java:43)
	at java.lang.reflect.Method.invoke(Method.java:498)
	at org.codehaus.groovy.tools.GroovyStarter.rootLoader(GroovyStarter.java:109)
	at org.codehaus.groovy.tools.GroovyStarter.main(GroovyStarter.java:131)
)]]></system-err>
      </testcase>
      <testcase name="Test Cases/android/Login/LOG_12" classname="Test Cases/android/Login/LOG_12" status="PASSED">
         <system-out><![CDATA[2018-11-21 10:54:22 - [TEST_CASE][PASSED] - Test Cases/android/Login/LOG_12: Test Cases/android/Login/LOG_12

2018-11-21 10:54:22 - [TEST_STEP][PASSED] - android.otp_verification_screen.enterOTP: android.otp_verification_screen.enterOTP is PASSED

2018-11-21 10:54:52 - [MESSAGE][WARNING] - Object Object Repository/android/OTP Verification screen/OTP Verification screen not found

2018-11-21 10:54:53 - [MESSAGE][PASSED] - android.otp_verification_screen.enterOTP is PASSED

2018-11-21 10:54:53 - [TEST_STEP][PASSED] - global.wait_for_element.visible: global.wait_for_element.visible is PASSED

2018-11-21 10:54:53 - [MESSAGE][PASSED] - Element 'Object Repository/android/Navigation menu/My Account menu' is present

2018-11-21 10:54:53 - [MESSAGE][PASSED] - global.wait_for_element.visible is PASSED

2018-11-21 10:54:53 - [TEST_STEP][PASSED] - startApplication: Started app at: '/Users/buenaanda/Documents/mobile-automation-katalon/Data Files/base.apk'

2018-11-21 10:55:03 - [MESSAGE][PASSED] - Started app at: '/Users/buenaanda/Documents/mobile-automation-katalon/Data Files/base.apk'

2018-11-21 10:55:03 - [TEST_STEP][PASSED] - global.verify_element.text: global.verify_element.text is PASSED

2018-11-21 10:55:04 - [MESSAGE][PASSED] - Actual text and expected text of test object 'Object Repository/android/Login screen/Account Name' are matched.

2018-11-21 10:55:04 - [MESSAGE][PASSED] - global.verify_element.text is PASSED

2018-11-21 10:55:04 - [TEST_STEP][PASSED] - global.verify_element.exist: global.verify_element.exist is PASSED

2018-11-21 10:55:04 - [MESSAGE][PASSED] - Element 'Object Repository/android/Login screen/Sign In Password field' is exist

2018-11-21 10:55:04 - [MESSAGE][PASSED] - global.verify_element.exist is PASSED]]></system-out>
         <system-err><![CDATA[]]></system-err>
      </testcase>
      <testcase name="Test Cases/android/Login/LOG_13" classname="Test Cases/android/Login/LOG_13" status="PASSED">
         <system-out><![CDATA[2018-11-21 10:55:04 - [TEST_CASE][PASSED] - Test Cases/android/Login/LOG_13: Test Cases/android/Login/LOG_13

2018-11-21 10:55:04 - [TEST_STEP][PASSED] - android.login_screen.enterSignInPassword: android.login_screen.enterSignInPassword is PASSED

2018-11-21 10:55:06 - [MESSAGE][PASSED] - Text 'Hello!23' has been set to element 'Object Repository/android/Login screen/Sign In Password field'

2018-11-21 10:55:06 - [MESSAGE][PASSED] - android.login_screen.enterSignInPassword is PASSED

2018-11-21 10:55:06 - [TEST_STEP][PASSED] - android.login_screen.tapSignIn: android.login_screen.tapSignIn is PASSED

2018-11-21 10:55:07 - [MESSAGE][PASSED] - Tapped on element 'Object Repository/android/Login screen/Sign in button'

2018-11-21 10:55:10 - [MESSAGE][PASSED] - Delayed 3 second(s)

2018-11-21 10:55:10 - [MESSAGE][PASSED] - android.login_screen.tapSignIn is PASSED

2018-11-21 10:55:10 - [TEST_STEP][PASSED] - android.otp_verification_screen.enterOTP: android.otp_verification_screen.enterOTP is PASSED

2018-11-21 10:55:11 - [MESSAGE][PASSED] - Element 'Object Repository/android/OTP Verification screen/OTP Verification screen' is present

2018-11-21 10:55:11 - [MESSAGE][PASSED] - android.otp_verification_screen.enterOTP is PASSED

2018-11-21 10:55:11 - [TEST_STEP][PASSED] - global.verify_element.text: global.verify_element.text is PASSED

2018-11-21 10:55:14 - [MESSAGE][PASSED] - Actual text and expected text of test object 'Object Repository/android/My Account screen/Account Name' are matched.

2018-11-21 10:55:14 - [MESSAGE][PASSED] - global.verify_element.text is PASSED

2018-11-21 10:55:14 - [TEST_STEP][PASSED] - closeApplication: Close app successfully

2018-11-21 10:55:14 - [MESSAGE][PASSED] - Close app successfully]]></system-out>
         <system-err><![CDATA[]]></system-err>
      </testcase>
      <testcase name="Test Cases/android/Login/LOG_14" classname="Test Cases/android/Login/LOG_14" status="PASSED">
         <system-out><![CDATA[2018-11-21 10:55:14 - [TEST_CASE][PASSED] - Test Cases/android/Login/LOG_14: Test Cases/android/Login/LOG_14

2018-11-21 10:55:14 - [TEST_STEP][PASSED] - startApplication: Started app at: '/Users/buenaanda/Documents/mobile-automation-katalon/Data Files/base.apk'

2018-11-21 10:55:28 - [MESSAGE][PASSED] - Started app at: '/Users/buenaanda/Documents/mobile-automation-katalon/Data Files/base.apk'

2018-11-21 10:55:28 - [TEST_STEP][PASSED] - android.login_screen.enterSignInPassword: android.login_screen.enterSignInPassword is PASSED

2018-11-21 10:55:29 - [MESSAGE][PASSED] - Text '1nvalid' has been set to element 'Object Repository/android/Login screen/Sign In Password field'

2018-11-21 10:55:29 - [MESSAGE][PASSED] - android.login_screen.enterSignInPassword is PASSED

2018-11-21 10:55:29 - [TEST_STEP][PASSED] - android.login_screen.tapSignIn: android.login_screen.tapSignIn is PASSED

2018-11-21 10:55:31 - [MESSAGE][PASSED] - Tapped on element 'Object Repository/android/Login screen/Sign in button'

2018-11-21 10:55:34 - [MESSAGE][PASSED] - Delayed 3 second(s)

2018-11-21 10:55:34 - [MESSAGE][PASSED] - android.login_screen.tapSignIn is PASSED

2018-11-21 10:55:34 - [TEST_STEP][PASSED] - global.verify_element.notExist: global.verify_element.notExist is PASSED

2018-11-21 10:55:39 - [MESSAGE][PASSED] - Element 'Object Repository/android/OTP Verification screen/OTP Verification screen' not found

2018-11-21 10:55:39 - [MESSAGE][PASSED] - global.verify_element.notExist is PASSED]]></system-out>
         <system-err><![CDATA[]]></system-err>
      </testcase>
      <testcase name="Test Cases/android/Login/LOG_20" classname="Test Cases/android/Login/LOG_20" status="FAILED">
         <failure type="FAILED" message="(Stack trace: com.kms.katalon.core.exception.StepFailedException: Failed to tap on element 'Object Repository/android/Navigation menu/Transfer Money menu' (Root cause: Object Object Repository/android/Navigation menu/Transfer Money menu not found)
	at com.kms.katalon.core.keyword.internal.KeywordMain.stepFailed(KeywordMain.groovy:36)
	at com.kms.katalon.core.mobile.keyword.internal.MobileKeywordMain.stepFailed(MobileKeywordMain.groovy:40)
	at com.kms.katalon.core.mobile.keyword.internal.MobileKeywordMain.runKeyword(MobileKeywordMain.groovy:23)
	at com.kms.katalon.core.mobile.keyword.builtin.TapKeyword.tap(TapKeyword.groovy:83)
	at com.kms.katalon.core.mobile.keyword.builtin.TapKeyword.execute(TapKeyword.groovy:66)
	at com.kms.katalon.core.keyword.internal.KeywordExecutor.executeKeywordForPlatform(KeywordExecutor.groovy:53)
	at com.kms.katalon.core.mobile.keyword.MobileBuiltInKeywords.tap(MobileBuiltInKeywords.groovy:471)
	at com.kms.katalon.core.mobile.keyword.MobileBuiltInKeywords$tap$0.call(Unknown Source)
	at org.codehaus.groovy.runtime.callsite.CallSiteArray.defaultCall(CallSiteArray.java:48)
	at org.codehaus.groovy.runtime.callsite.AbstractCallSite.call(AbstractCallSite.java:113)
	at org.codehaus.groovy.runtime.callsite.AbstractCallSite.call(AbstractCallSite.java:141)
	at android.navigation_menu.tapTransferMoney(navigation_menu.groovy:15)
	at sun.reflect.NativeMethodAccessorImpl.invoke0(Native Method)
	at sun.reflect.NativeMethodAccessorImpl.invoke(NativeMethodAccessorImpl.java:62)
	at sun.reflect.DelegatingMethodAccessorImpl.invoke(DelegatingMethodAccessorImpl.java:43)
	at java.lang.reflect.Method.invoke(Method.java:498)
	at org.codehaus.groovy.reflection.CachedMethod.invoke(CachedMethod.java:93)
	at groovy.lang.MetaMethod.doMethodInvoke(MetaMethod.java:325)
	at groovy.lang.MetaClassImpl.invokeMethod(MetaClassImpl.java:1215)
	at groovy.lang.MetaClassImpl.invokeMethod(MetaClassImpl.java:1024)
	at groovy.lang.MetaClassImpl.invokeMethod(MetaClassImpl.java:812)
	at groovy.lang.DelegatingMetaClass.invokeMethod(DelegatingMetaClass.java:144)
	at android.navigation_menu.invokeMethod(navigation_menu.groovy)
	at com.kms.katalon.core.main.CustomKeywordDelegatingMetaClass.invokeStaticMethod(CustomKeywordDelegatingMetaClass.java:46)
	at org.codehaus.groovy.runtime.callsite.StaticMetaClassSite.call(StaticMetaClassSite.java:53)
	at org.codehaus.groovy.runtime.callsite.CallSiteArray.defaultCall(CallSiteArray.java:48)
	at org.codehaus.groovy.runtime.callsite.AbstractCallSite.call(AbstractCallSite.java:113)
	at org.codehaus.groovy.runtime.callsite.AbstractCallSite.call(AbstractCallSite.java:117)
	at Script1542616550747.run(Script1542616550747.groovy:25)
	at com.kms.katalon.core.main.ScriptEngine.run(ScriptEngine.java:183)
	at com.kms.katalon.core.main.ScriptEngine.runScriptAsRawText(ScriptEngine.java:108)
	at com.kms.katalon.core.main.TestCaseExecutor.runScript(TestCaseExecutor.java:294)
	at com.kms.katalon.core.main.TestCaseExecutor.doExecute(TestCaseExecutor.java:285)
	at com.kms.katalon.core.main.TestCaseExecutor.processExecutionPhase(TestCaseExecutor.java:264)
	at com.kms.katalon.core.main.TestCaseExecutor.accessMainPhase(TestCaseExecutor.java:256)
	at com.kms.katalon.core.main.TestCaseExecutor.execute(TestCaseExecutor.java:200)
	at com.kms.katalon.core.main.TestSuiteExecutor.accessTestCaseMainPhase(TestSuiteExecutor.java:129)
	at com.kms.katalon.core.main.TestSuiteExecutor.accessTestSuiteMainPhase(TestSuiteExecutor.java:112)
	at com.kms.katalon.core.main.TestSuiteExecutor.execute(TestSuiteExecutor.java:81)
	at com.kms.katalon.core.main.TestCaseMain.startTestSuite(TestCaseMain.java:142)
	at com.kms.katalon.core.main.TestCaseMain$startTestSuite$0.call(Unknown Source)
	at org.codehaus.groovy.runtime.callsite.CallSiteArray.defaultCall(CallSiteArray.java:48)
	at org.codehaus.groovy.runtime.callsite.AbstractCallSite.call(AbstractCallSite.java:113)
	at org.codehaus.groovy.runtime.callsite.AbstractCallSite.call(AbstractCallSite.java:141)
	at TempTestSuite1542753231646.run(TempTestSuite1542753231646.groovy:36)
	at groovy.lang.GroovyShell.runScriptOrMainOrTestOrRunnable(GroovyShell.java:263)
	at groovy.lang.GroovyShell.run(GroovyShell.java:518)
	at groovy.lang.GroovyShell.run(GroovyShell.java:507)
	at groovy.ui.GroovyMain.processOnce(GroovyMain.java:653)
	at groovy.ui.GroovyMain.run(GroovyMain.java:384)
	at groovy.ui.GroovyMain.process(GroovyMain.java:370)
	at groovy.ui.GroovyMain.processArgs(GroovyMain.java:129)
	at groovy.ui.GroovyMain.main(GroovyMain.java:109)
	at sun.reflect.NativeMethodAccessorImpl.invoke0(Native Method)
	at sun.reflect.NativeMethodAccessorImpl.invoke(NativeMethodAccessorImpl.java:62)
	at sun.reflect.DelegatingMethodAccessorImpl.invoke(DelegatingMethodAccessorImpl.java:43)
	at java.lang.reflect.Method.invoke(Method.java:498)
	at org.codehaus.groovy.tools.GroovyStarter.rootLoader(GroovyStarter.java:109)
	at org.codehaus.groovy.tools.GroovyStarter.main(GroovyStarter.java:131)
)"/>
         <system-out><![CDATA[2018-11-21 10:55:39 - [TEST_CASE][FAILED] - Test Cases/android/Login/LOG_20: Test Cases/android/Login/LOG_20 FAILED because (of) (Stack trace: com.kms.katalon.core.exception.StepFailedException: Failed to tap on element 'Object Repository/android/Navigation menu/Transfer Money menu' (Root cause: Object Object Repository/android/Navigation menu/Transfer Money menu not found)
	at com.kms.katalon.core.keyword.internal.KeywordMain.stepFailed(KeywordMain.groovy:36)
	at com.kms.katalon.core.mobile.keyword.internal.MobileKeywordMain.stepFailed(MobileKeywordMain.groovy:40)
	at com.kms.katalon.core.mobile.keyword.internal.MobileKeywordMain.runKeyword(MobileKeywordMain.groovy:23)
	at com.kms.katalon.core.mobile.keyword.builtin.TapKeyword.tap(TapKeyword.groovy:83)
	at com.kms.katalon.core.mobile.keyword.builtin.TapKeyword.execute(TapKeyword.groovy:66)
	at com.kms.katalon.core.keyword.internal.KeywordExecutor.executeKeywordForPlatform(KeywordExecutor.groovy:53)
	at com.kms.katalon.core.mobile.keyword.MobileBuiltInKeywords.tap(MobileBuiltInKeywords.groovy:471)
	at com.kms.katalon.core.mobile.keyword.MobileBuiltInKeywords$tap$0.call(Unknown Source)
	at org.codehaus.groovy.runtime.callsite.CallSiteArray.defaultCall(CallSiteArray.java:48)
	at org.codehaus.groovy.runtime.callsite.AbstractCallSite.call(AbstractCallSite.java:113)
	at org.codehaus.groovy.runtime.callsite.AbstractCallSite.call(AbstractCallSite.java:141)
	at android.navigation_menu.tapTransferMoney(navigation_menu.groovy:15)
	at sun.reflect.NativeMethodAccessorImpl.invoke0(Native Method)
	at sun.reflect.NativeMethodAccessorImpl.invoke(NativeMethodAccessorImpl.java:62)
	at sun.reflect.DelegatingMethodAccessorImpl.invoke(DelegatingMethodAccessorImpl.java:43)
	at java.lang.reflect.Method.invoke(Method.java:498)
	at org.codehaus.groovy.reflection.CachedMethod.invoke(CachedMethod.java:93)
	at groovy.lang.MetaMethod.doMethodInvoke(MetaMethod.java:325)
	at groovy.lang.MetaClassImpl.invokeMethod(MetaClassImpl.java:1215)
	at groovy.lang.MetaClassImpl.invokeMethod(MetaClassImpl.java:1024)
	at groovy.lang.MetaClassImpl.invokeMethod(MetaClassImpl.java:812)
	at groovy.lang.DelegatingMetaClass.invokeMethod(DelegatingMetaClass.java:144)
	at android.navigation_menu.invokeMethod(navigation_menu.groovy)
	at com.kms.katalon.core.main.CustomKeywordDelegatingMetaClass.invokeStaticMethod(CustomKeywordDelegatingMetaClass.java:46)
	at org.codehaus.groovy.runtime.callsite.StaticMetaClassSite.call(StaticMetaClassSite.java:53)
	at org.codehaus.groovy.runtime.callsite.CallSiteArray.defaultCall(CallSiteArray.java:48)
	at org.codehaus.groovy.runtime.callsite.AbstractCallSite.call(AbstractCallSite.java:113)
	at org.codehaus.groovy.runtime.callsite.AbstractCallSite.call(AbstractCallSite.java:117)
	at Script1542616550747.run(Script1542616550747.groovy:25)
	at com.kms.katalon.core.main.ScriptEngine.run(ScriptEngine.java:183)
	at com.kms.katalon.core.main.ScriptEngine.runScriptAsRawText(ScriptEngine.java:108)
	at com.kms.katalon.core.main.TestCaseExecutor.runScript(TestCaseExecutor.java:294)
	at com.kms.katalon.core.main.TestCaseExecutor.doExecute(TestCaseExecutor.java:285)
	at com.kms.katalon.core.main.TestCaseExecutor.processExecutionPhase(TestCaseExecutor.java:264)
	at com.kms.katalon.core.main.TestCaseExecutor.accessMainPhase(TestCaseExecutor.java:256)
	at com.kms.katalon.core.main.TestCaseExecutor.execute(TestCaseExecutor.java:200)
	at com.kms.katalon.core.main.TestSuiteExecutor.accessTestCaseMainPhase(TestSuiteExecutor.java:129)
	at com.kms.katalon.core.main.TestSuiteExecutor.accessTestSuiteMainPhase(TestSuiteExecutor.java:112)
	at com.kms.katalon.core.main.TestSuiteExecutor.execute(TestSuiteExecutor.java:81)
	at com.kms.katalon.core.main.TestCaseMain.startTestSuite(TestCaseMain.java:142)
	at com.kms.katalon.core.main.TestCaseMain$startTestSuite$0.call(Unknown Source)
	at org.codehaus.groovy.runtime.callsite.CallSiteArray.defaultCall(CallSiteArray.java:48)
	at org.codehaus.groovy.runtime.callsite.AbstractCallSite.call(AbstractCallSite.java:113)
	at org.codehaus.groovy.runtime.callsite.AbstractCallSite.call(AbstractCallSite.java:141)
	at TempTestSuite1542753231646.run(TempTestSuite1542753231646.groovy:36)
	at groovy.lang.GroovyShell.runScriptOrMainOrTestOrRunnable(GroovyShell.java:263)
	at groovy.lang.GroovyShell.run(GroovyShell.java:518)
	at groovy.lang.GroovyShell.run(GroovyShell.java:507)
	at groovy.ui.GroovyMain.processOnce(GroovyMain.java:653)
	at groovy.ui.GroovyMain.run(GroovyMain.java:384)
	at groovy.ui.GroovyMain.process(GroovyMain.java:370)
	at groovy.ui.GroovyMain.processArgs(GroovyMain.java:129)
	at groovy.ui.GroovyMain.main(GroovyMain.java:109)
	at sun.reflect.NativeMethodAccessorImpl.invoke0(Native Method)
	at sun.reflect.NativeMethodAccessorImpl.invoke(NativeMethodAccessorImpl.java:62)
	at sun.reflect.DelegatingMethodAccessorImpl.invoke(DelegatingMethodAccessorImpl.java:43)
	at java.lang.reflect.Method.invoke(Method.java:498)
	at org.codehaus.groovy.tools.GroovyStarter.rootLoader(GroovyStarter.java:109)
	at org.codehaus.groovy.tools.GroovyStarter.main(GroovyStarter.java:131)
)

2018-11-21 10:55:39 - [TEST_STEP][PASSED] - startApplication: Started app at: '/Users/buenaanda/Documents/mobile-automation-katalon/Data Files/base.apk'

2018-11-21 10:55:55 - [MESSAGE][PASSED] - Started app at: '/Users/buenaanda/Documents/mobile-automation-katalon/Data Files/base.apk'

2018-11-21 10:55:55 - [TEST_STEP][PASSED] - android.initial_screen.tapLogin: android.initial_screen.tapLogin is PASSED

2018-11-21 10:55:57 - [MESSAGE][PASSED] - Tapped on element 'Object Repository/android/Initial screen/Login button'

2018-11-21 10:55:57 - [MESSAGE][PASSED] - android.initial_screen.tapLogin is PASSED

2018-11-21 10:55:57 - [TEST_STEP][PASSED] - android.login_screen.enterUsername: android.login_screen.enterUsername is PASSED

2018-11-21 10:55:58 - [MESSAGE][PASSED] - Text 'allen_15' has been set to element 'Object Repository/android/Login screen/Username field'

2018-11-21 10:55:58 - [MESSAGE][PASSED] - android.login_screen.enterUsername is PASSED

2018-11-21 10:55:58 - [TEST_STEP][PASSED] - android.login_screen.enterPassword: android.login_screen.enterPassword is PASSED

2018-11-21 10:56:00 - [MESSAGE][PASSED] - Text 'Hello!23' has been set to element 'Object Repository/android/Login screen/Password field'

2018-11-21 10:56:00 - [MESSAGE][PASSED] - android.login_screen.enterPassword is PASSED

2018-11-21 10:56:00 - [TEST_STEP][PASSED] - android.login_screen.tapLogin: android.login_screen.tapLogin is PASSED

2018-11-21 10:56:02 - [MESSAGE][PASSED] - Tapped on element 'Object Repository/android/Login screen/Login button'

2018-11-21 10:56:05 - [MESSAGE][PASSED] - Delayed 3 second(s)

2018-11-21 10:56:05 - [MESSAGE][PASSED] - android.login_screen.tapLogin is PASSED

2018-11-21 10:56:05 - [TEST_STEP][PASSED] - android.otp_verification_screen.enterOTP: android.otp_verification_screen.enterOTP is PASSED

2018-11-21 10:56:05 - [MESSAGE][PASSED] - Element 'Object Repository/android/OTP Verification screen/OTP Verification screen' is present

2018-11-21 10:56:05 - [MESSAGE][PASSED] - android.otp_verification_screen.enterOTP is PASSED

2018-11-21 10:56:05 - [TEST_STEP][PASSED] - delay: Delayed 600 second(s)

2018-11-21 11:06:05 - [MESSAGE][PASSED] - Delayed 600 second(s)

2018-11-21 11:06:05 - [TEST_STEP][FAILED] - android.navigation_menu.tapTransferMoney: Failed to tap on element 'Object Repository/android/Navigation menu/Transfer Money menu' (Root cause: Object Object Repository/android/Navigation menu/Transfer Money menu not found)

2018-11-21 11:06:06 - [MESSAGE][WARNING] - Timeout '0' is invalid. Using default page load timeout: '15'

2018-11-21 11:06:21 - [MESSAGE][FAILED] - Object Object Repository/android/Navigation menu/Transfer Money menu not found
[[ATTACHMENT|/Users/buenaanda/Documents/mobile-automation-katalon/Reports/android/Android Test Suite/20181121_063351/1542769581024.png]]

2018-11-21 11:06:22 - [MESSAGE][FAILED] - Failed to tap on element 'Object Repository/android/Navigation menu/Transfer Money menu' (Root cause: Object Object Repository/android/Navigation menu/Transfer Money menu not found)
[[ATTACHMENT|/Users/buenaanda/Documents/mobile-automation-katalon/Reports/android/Android Test Suite/20181121_063351/1542769581691.png]]

2018-11-21 11:06:22 - [MESSAGE][FAILED] - Failed to tap on element 'Object Repository/android/Navigation menu/Transfer Money menu' (Root cause: Object Object Repository/android/Navigation menu/Transfer Money menu not found)]]></system-out>
         <system-err><![CDATA[2018-11-21 10:55:39 - [TEST_CASE][FAILED] - Test Cases/android/Login/LOG_20: Test Cases/android/Login/LOG_20 FAILED because (of) (Stack trace: com.kms.katalon.core.exception.StepFailedException: Failed to tap on element 'Object Repository/android/Navigation menu/Transfer Money menu' (Root cause: Object Object Repository/android/Navigation menu/Transfer Money menu not found)
	at com.kms.katalon.core.keyword.internal.KeywordMain.stepFailed(KeywordMain.groovy:36)
	at com.kms.katalon.core.mobile.keyword.internal.MobileKeywordMain.stepFailed(MobileKeywordMain.groovy:40)
	at com.kms.katalon.core.mobile.keyword.internal.MobileKeywordMain.runKeyword(MobileKeywordMain.groovy:23)
	at com.kms.katalon.core.mobile.keyword.builtin.TapKeyword.tap(TapKeyword.groovy:83)
	at com.kms.katalon.core.mobile.keyword.builtin.TapKeyword.execute(TapKeyword.groovy:66)
	at com.kms.katalon.core.keyword.internal.KeywordExecutor.executeKeywordForPlatform(KeywordExecutor.groovy:53)
	at com.kms.katalon.core.mobile.keyword.MobileBuiltInKeywords.tap(MobileBuiltInKeywords.groovy:471)
	at com.kms.katalon.core.mobile.keyword.MobileBuiltInKeywords$tap$0.call(Unknown Source)
	at org.codehaus.groovy.runtime.callsite.CallSiteArray.defaultCall(CallSiteArray.java:48)
	at org.codehaus.groovy.runtime.callsite.AbstractCallSite.call(AbstractCallSite.java:113)
	at org.codehaus.groovy.runtime.callsite.AbstractCallSite.call(AbstractCallSite.java:141)
	at android.navigation_menu.tapTransferMoney(navigation_menu.groovy:15)
	at sun.reflect.NativeMethodAccessorImpl.invoke0(Native Method)
	at sun.reflect.NativeMethodAccessorImpl.invoke(NativeMethodAccessorImpl.java:62)
	at sun.reflect.DelegatingMethodAccessorImpl.invoke(DelegatingMethodAccessorImpl.java:43)
	at java.lang.reflect.Method.invoke(Method.java:498)
	at org.codehaus.groovy.reflection.CachedMethod.invoke(CachedMethod.java:93)
	at groovy.lang.MetaMethod.doMethodInvoke(MetaMethod.java:325)
	at groovy.lang.MetaClassImpl.invokeMethod(MetaClassImpl.java:1215)
	at groovy.lang.MetaClassImpl.invokeMethod(MetaClassImpl.java:1024)
	at groovy.lang.MetaClassImpl.invokeMethod(MetaClassImpl.java:812)
	at groovy.lang.DelegatingMetaClass.invokeMethod(DelegatingMetaClass.java:144)
	at android.navigation_menu.invokeMethod(navigation_menu.groovy)
	at com.kms.katalon.core.main.CustomKeywordDelegatingMetaClass.invokeStaticMethod(CustomKeywordDelegatingMetaClass.java:46)
	at org.codehaus.groovy.runtime.callsite.StaticMetaClassSite.call(StaticMetaClassSite.java:53)
	at org.codehaus.groovy.runtime.callsite.CallSiteArray.defaultCall(CallSiteArray.java:48)
	at org.codehaus.groovy.runtime.callsite.AbstractCallSite.call(AbstractCallSite.java:113)
	at org.codehaus.groovy.runtime.callsite.AbstractCallSite.call(AbstractCallSite.java:117)
	at Script1542616550747.run(Script1542616550747.groovy:25)
	at com.kms.katalon.core.main.ScriptEngine.run(ScriptEngine.java:183)
	at com.kms.katalon.core.main.ScriptEngine.runScriptAsRawText(ScriptEngine.java:108)
	at com.kms.katalon.core.main.TestCaseExecutor.runScript(TestCaseExecutor.java:294)
	at com.kms.katalon.core.main.TestCaseExecutor.doExecute(TestCaseExecutor.java:285)
	at com.kms.katalon.core.main.TestCaseExecutor.processExecutionPhase(TestCaseExecutor.java:264)
	at com.kms.katalon.core.main.TestCaseExecutor.accessMainPhase(TestCaseExecutor.java:256)
	at com.kms.katalon.core.main.TestCaseExecutor.execute(TestCaseExecutor.java:200)
	at com.kms.katalon.core.main.TestSuiteExecutor.accessTestCaseMainPhase(TestSuiteExecutor.java:129)
	at com.kms.katalon.core.main.TestSuiteExecutor.accessTestSuiteMainPhase(TestSuiteExecutor.java:112)
	at com.kms.katalon.core.main.TestSuiteExecutor.execute(TestSuiteExecutor.java:81)
	at com.kms.katalon.core.main.TestCaseMain.startTestSuite(TestCaseMain.java:142)
	at com.kms.katalon.core.main.TestCaseMain$startTestSuite$0.call(Unknown Source)
	at org.codehaus.groovy.runtime.callsite.CallSiteArray.defaultCall(CallSiteArray.java:48)
	at org.codehaus.groovy.runtime.callsite.AbstractCallSite.call(AbstractCallSite.java:113)
	at org.codehaus.groovy.runtime.callsite.AbstractCallSite.call(AbstractCallSite.java:141)
	at TempTestSuite1542753231646.run(TempTestSuite1542753231646.groovy:36)
	at groovy.lang.GroovyShell.runScriptOrMainOrTestOrRunnable(GroovyShell.java:263)
	at groovy.lang.GroovyShell.run(GroovyShell.java:518)
	at groovy.lang.GroovyShell.run(GroovyShell.java:507)
	at groovy.ui.GroovyMain.processOnce(GroovyMain.java:653)
	at groovy.ui.GroovyMain.run(GroovyMain.java:384)
	at groovy.ui.GroovyMain.process(GroovyMain.java:370)
	at groovy.ui.GroovyMain.processArgs(GroovyMain.java:129)
	at groovy.ui.GroovyMain.main(GroovyMain.java:109)
	at sun.reflect.NativeMethodAccessorImpl.invoke0(Native Method)
	at sun.reflect.NativeMethodAccessorImpl.invoke(NativeMethodAccessorImpl.java:62)
	at sun.reflect.DelegatingMethodAccessorImpl.invoke(DelegatingMethodAccessorImpl.java:43)
	at java.lang.reflect.Method.invoke(Method.java:498)
	at org.codehaus.groovy.tools.GroovyStarter.rootLoader(GroovyStarter.java:109)
	at org.codehaus.groovy.tools.GroovyStarter.main(GroovyStarter.java:131)
)]]></system-err>
      </testcase>
      <testcase name="Test Cases/android/Send Money Branch/SMB_01" classname="Test Cases/android/Send Money Branch/SMB_01" status="PASSED">
         <system-out><![CDATA[2018-11-21 11:06:22 - [TEST_CASE][PASSED] - Test Cases/android/Send Money Branch/SMB_01: Test Cases/android/Send Money Branch/SMB_01

2018-11-21 11:06:22 - [TEST_STEP][PASSED] - startApplication: Started app at: '/Users/buenaanda/Documents/mobile-automation-katalon/Data Files/base.apk'

2018-11-21 11:06:40 - [MESSAGE][PASSED] - Started app at: '/Users/buenaanda/Documents/mobile-automation-katalon/Data Files/base.apk'

2018-11-21 11:06:40 - [TEST_STEP][PASSED] - android.initial_screen.tapLogin: android.initial_screen.tapLogin is PASSED

2018-11-21 11:06:42 - [MESSAGE][PASSED] - Tapped on element 'Object Repository/android/Initial screen/Login button'

2018-11-21 11:06:42 - [MESSAGE][PASSED] - android.initial_screen.tapLogin is PASSED

2018-11-21 11:06:42 - [TEST_STEP][PASSED] - android.login_screen.enterUsername: android.login_screen.enterUsername is PASSED

2018-11-21 11:06:43 - [MESSAGE][PASSED] - Text 'allen_15' has been set to element 'Object Repository/android/Login screen/Username field'

2018-11-21 11:06:43 - [MESSAGE][PASSED] - android.login_screen.enterUsername is PASSED

2018-11-21 11:06:43 - [TEST_STEP][PASSED] - android.login_screen.enterPassword: android.login_screen.enterPassword is PASSED

2018-11-21 11:06:45 - [MESSAGE][PASSED] - Text 'Hello!23' has been set to element 'Object Repository/android/Login screen/Password field'

2018-11-21 11:06:45 - [MESSAGE][PASSED] - android.login_screen.enterPassword is PASSED

2018-11-21 11:06:45 - [TEST_STEP][PASSED] - android.login_screen.tapLogin: android.login_screen.tapLogin is PASSED

2018-11-21 11:06:47 - [MESSAGE][PASSED] - Tapped on element 'Object Repository/android/Login screen/Login button'

2018-11-21 11:06:50 - [MESSAGE][PASSED] - Delayed 3 second(s)

2018-11-21 11:06:50 - [MESSAGE][PASSED] - android.login_screen.tapLogin is PASSED

2018-11-21 11:06:50 - [TEST_STEP][PASSED] - android.otp_verification_screen.enterOTP: android.otp_verification_screen.enterOTP is PASSED

2018-11-21 11:06:50 - [MESSAGE][PASSED] - Element 'Object Repository/android/OTP Verification screen/OTP Verification screen' is present

2018-11-21 11:06:51 - [MESSAGE][PASSED] - android.otp_verification_screen.enterOTP is PASSED

2018-11-21 11:06:51 - [TEST_STEP][PASSED] - android.navigation_menu.tapTransferMoney: android.navigation_menu.tapTransferMoney is PASSED

2018-11-21 11:06:51 - [MESSAGE][WARNING] - Timeout '0' is invalid. Using default page load timeout: '15'

2018-11-21 11:06:55 - [MESSAGE][PASSED] - Tapped on element 'Object Repository/android/Navigation menu/Transfer Money menu'

2018-11-21 11:06:55 - [MESSAGE][PASSED] - android.navigation_menu.tapTransferMoney is PASSED

2018-11-21 11:06:55 - [TEST_STEP][PASSED] - android.transfer_money_screen.tapSendMoney: android.transfer_money_screen.tapSendMoney is PASSED

2018-11-21 11:06:55 - [MESSAGE][WARNING] - Timeout '0' is invalid. Using default page load timeout: '15'

2018-11-21 11:06:56 - [MESSAGE][PASSED] - Tapped on element 'Object Repository/android/Transfer Money screen/Send Money button'

2018-11-21 11:06:56 - [MESSAGE][PASSED] - android.transfer_money_screen.tapSendMoney is PASSED

2018-11-21 11:06:56 - [TEST_STEP][PASSED] - android.transfer_money_screen.tapBranchTransaction: android.transfer_money_screen.tapBranchTransaction is PASSED

2018-11-21 11:06:56 - [MESSAGE][PASSED] - Element 'Object Repository/android/Transfer Money screen/Balance Inquiry Down message' is exist

2018-11-21 11:06:58 - [MESSAGE][PASSED] - Tapped on element 'Object Repository/android/Global/Proceed button'

2018-11-21 11:06:58 - [MESSAGE][PASSED] - android.transfer_money_screen.tapBranchTransaction is PASSED

2018-11-21 11:06:58 - [TEST_STEP][PASSED] - global.verify_element.exist: global.verify_element.exist is PASSED

2018-11-21 11:06:58 - [MESSAGE][PASSED] - Element 'Object Repository/android/Send Money screen/Send Via Branch screen' is exist

2018-11-21 11:06:58 - [MESSAGE][PASSED] - global.verify_element.exist is PASSED]]></system-out>
         <system-err><![CDATA[]]></system-err>
      </testcase>
      <testcase name="Test Cases/android/Send Money Branch/SMB_07" classname="Test Cases/android/Send Money Branch/SMB_07" status="ERROR">
         <error type="ERROR" message="Test Cases/android/Send Money Branch/SMB_07 FAILED because (of) (Stack trace: java.lang.ClassNotFoundException: android.send_money_screen
	at java.net.URLClassLoader.findClass(URLClassLoader.java:381)
	at java.lang.ClassLoader.loadClass(ClassLoader.java:424)
	at groovy.lang.GroovyClassLoader.loadClass(GroovyClassLoader.java:677)
	at groovy.lang.GroovyClassLoader.loadClass(GroovyClassLoader.java:787)
	at groovy.lang.GroovyClassLoader.loadClass(GroovyClassLoader.java:775)
	at com.kms.katalon.core.main.CustomKeywordDelegatingMetaClass.getCustomKeywordClassAndSetMetaClass(CustomKeywordDelegatingMetaClass.java:96)
	at com.kms.katalon.core.main.CustomKeywordDelegatingMetaClass.invokeStaticMethod(CustomKeywordDelegatingMetaClass.java:41)
	at org.codehaus.groovy.runtime.callsite.StaticMetaClassSite.call(StaticMetaClassSite.java:53)
	at org.codehaus.groovy.runtime.callsite.CallSiteArray.defaultCall(CallSiteArray.java:48)
	at org.codehaus.groovy.runtime.callsite.AbstractCallSite.call(AbstractCallSite.java:113)
	at org.codehaus.groovy.runtime.callsite.AbstractCallSite.call(AbstractCallSite.java:117)
	at Script1542709822794.run(Script1542709822794.groovy:4)
	at com.kms.katalon.core.main.ScriptEngine.run(ScriptEngine.java:183)
	at com.kms.katalon.core.main.ScriptEngine.runScriptAsRawText(ScriptEngine.java:108)
	at com.kms.katalon.core.main.TestCaseExecutor.runScript(TestCaseExecutor.java:294)
	at com.kms.katalon.core.main.TestCaseExecutor.doExecute(TestCaseExecutor.java:285)
	at com.kms.katalon.core.main.TestCaseExecutor.processExecutionPhase(TestCaseExecutor.java:264)
	at com.kms.katalon.core.main.TestCaseExecutor.accessMainPhase(TestCaseExecutor.java:256)
	at com.kms.katalon.core.main.TestCaseExecutor.execute(TestCaseExecutor.java:200)
	at com.kms.katalon.core.main.TestSuiteExecutor.accessTestCaseMainPhase(TestSuiteExecutor.java:129)
	at com.kms.katalon.core.main.TestSuiteExecutor.accessTestSuiteMainPhase(TestSuiteExecutor.java:112)
	at com.kms.katalon.core.main.TestSuiteExecutor.execute(TestSuiteExecutor.java:81)
	at com.kms.katalon.core.main.TestCaseMain.startTestSuite(TestCaseMain.java:142)
	at com.kms.katalon.core.main.TestCaseMain$startTestSuite$0.call(Unknown Source)
	at org.codehaus.groovy.runtime.callsite.CallSiteArray.defaultCall(CallSiteArray.java:48)
	at org.codehaus.groovy.runtime.callsite.AbstractCallSite.call(AbstractCallSite.java:113)
	at org.codehaus.groovy.runtime.callsite.AbstractCallSite.call(AbstractCallSite.java:141)
	at TempTestSuite1542753231646.run(TempTestSuite1542753231646.groovy:36)
	at groovy.lang.GroovyShell.runScriptOrMainOrTestOrRunnable(GroovyShell.java:263)
	at groovy.lang.GroovyShell.run(GroovyShell.java:518)
	at groovy.lang.GroovyShell.run(GroovyShell.java:507)
	at groovy.ui.GroovyMain.processOnce(GroovyMain.java:653)
	at groovy.ui.GroovyMain.run(GroovyMain.java:384)
	at groovy.ui.GroovyMain.process(GroovyMain.java:370)
	at groovy.ui.GroovyMain.processArgs(GroovyMain.java:129)
	at groovy.ui.GroovyMain.main(GroovyMain.java:109)
	at sun.reflect.NativeMethodAccessorImpl.invoke0(Native Method)
	at sun.reflect.NativeMethodAccessorImpl.invoke(NativeMethodAccessorImpl.java:62)
	at sun.reflect.DelegatingMethodAccessorImpl.invoke(DelegatingMethodAccessorImpl.java:43)
	at java.lang.reflect.Method.invoke(Method.java:498)
	at org.codehaus.groovy.tools.GroovyStarter.rootLoader(GroovyStarter.java:109)
	at org.codehaus.groovy.tools.GroovyStarter.main(GroovyStarter.java:131)
)"/>
         <system-out><![CDATA[2018-11-21 11:06:58 - [TEST_CASE][ERROR] - Test Cases/android/Send Money Branch/SMB_07: Test Cases/android/Send Money Branch/SMB_07 FAILED because (of) (Stack trace: java.lang.ClassNotFoundException: android.send_money_screen
	at java.net.URLClassLoader.findClass(URLClassLoader.java:381)
	at java.lang.ClassLoader.loadClass(ClassLoader.java:424)
	at groovy.lang.GroovyClassLoader.loadClass(GroovyClassLoader.java:677)
	at groovy.lang.GroovyClassLoader.loadClass(GroovyClassLoader.java:787)
	at groovy.lang.GroovyClassLoader.loadClass(GroovyClassLoader.java:775)
	at com.kms.katalon.core.main.CustomKeywordDelegatingMetaClass.getCustomKeywordClassAndSetMetaClass(CustomKeywordDelegatingMetaClass.java:96)
	at com.kms.katalon.core.main.CustomKeywordDelegatingMetaClass.invokeStaticMethod(CustomKeywordDelegatingMetaClass.java:41)
	at org.codehaus.groovy.runtime.callsite.StaticMetaClassSite.call(StaticMetaClassSite.java:53)
	at org.codehaus.groovy.runtime.callsite.CallSiteArray.defaultCall(CallSiteArray.java:48)
	at org.codehaus.groovy.runtime.callsite.AbstractCallSite.call(AbstractCallSite.java:113)
	at org.codehaus.groovy.runtime.callsite.AbstractCallSite.call(AbstractCallSite.java:117)
	at Script1542709822794.run(Script1542709822794.groovy:4)
	at com.kms.katalon.core.main.ScriptEngine.run(ScriptEngine.java:183)
	at com.kms.katalon.core.main.ScriptEngine.runScriptAsRawText(ScriptEngine.java:108)
	at com.kms.katalon.core.main.TestCaseExecutor.runScript(TestCaseExecutor.java:294)
	at com.kms.katalon.core.main.TestCaseExecutor.doExecute(TestCaseExecutor.java:285)
	at com.kms.katalon.core.main.TestCaseExecutor.processExecutionPhase(TestCaseExecutor.java:264)
	at com.kms.katalon.core.main.TestCaseExecutor.accessMainPhase(TestCaseExecutor.java:256)
	at com.kms.katalon.core.main.TestCaseExecutor.execute(TestCaseExecutor.java:200)
	at com.kms.katalon.core.main.TestSuiteExecutor.accessTestCaseMainPhase(TestSuiteExecutor.java:129)
	at com.kms.katalon.core.main.TestSuiteExecutor.accessTestSuiteMainPhase(TestSuiteExecutor.java:112)
	at com.kms.katalon.core.main.TestSuiteExecutor.execute(TestSuiteExecutor.java:81)
	at com.kms.katalon.core.main.TestCaseMain.startTestSuite(TestCaseMain.java:142)
	at com.kms.katalon.core.main.TestCaseMain$startTestSuite$0.call(Unknown Source)
	at org.codehaus.groovy.runtime.callsite.CallSiteArray.defaultCall(CallSiteArray.java:48)
	at org.codehaus.groovy.runtime.callsite.AbstractCallSite.call(AbstractCallSite.java:113)
	at org.codehaus.groovy.runtime.callsite.AbstractCallSite.call(AbstractCallSite.java:141)
	at TempTestSuite1542753231646.run(TempTestSuite1542753231646.groovy:36)
	at groovy.lang.GroovyShell.runScriptOrMainOrTestOrRunnable(GroovyShell.java:263)
	at groovy.lang.GroovyShell.run(GroovyShell.java:518)
	at groovy.lang.GroovyShell.run(GroovyShell.java:507)
	at groovy.ui.GroovyMain.processOnce(GroovyMain.java:653)
	at groovy.ui.GroovyMain.run(GroovyMain.java:384)
	at groovy.ui.GroovyMain.process(GroovyMain.java:370)
	at groovy.ui.GroovyMain.processArgs(GroovyMain.java:129)
	at groovy.ui.GroovyMain.main(GroovyMain.java:109)
	at sun.reflect.NativeMethodAccessorImpl.invoke0(Native Method)
	at sun.reflect.NativeMethodAccessorImpl.invoke(NativeMethodAccessorImpl.java:62)
	at sun.reflect.DelegatingMethodAccessorImpl.invoke(DelegatingMethodAccessorImpl.java:43)
	at java.lang.reflect.Method.invoke(Method.java:498)
	at org.codehaus.groovy.tools.GroovyStarter.rootLoader(GroovyStarter.java:109)
	at org.codehaus.groovy.tools.GroovyStarter.main(GroovyStarter.java:131)
)

2018-11-21 11:06:58 - [TEST_STEP][ERROR] - android.send_money_screen.tapPersonalInformation: android.send_money_screen

2018-11-21 11:06:58 - [MESSAGE][ERROR] - android.send_money_screen]]></system-out>
         <system-err><![CDATA[2018-11-21 11:06:58 - [TEST_CASE][ERROR] - Test Cases/android/Send Money Branch/SMB_07: Test Cases/android/Send Money Branch/SMB_07 FAILED because (of) (Stack trace: java.lang.ClassNotFoundException: android.send_money_screen
	at java.net.URLClassLoader.findClass(URLClassLoader.java:381)
	at java.lang.ClassLoader.loadClass(ClassLoader.java:424)
	at groovy.lang.GroovyClassLoader.loadClass(GroovyClassLoader.java:677)
	at groovy.lang.GroovyClassLoader.loadClass(GroovyClassLoader.java:787)
	at groovy.lang.GroovyClassLoader.loadClass(GroovyClassLoader.java:775)
	at com.kms.katalon.core.main.CustomKeywordDelegatingMetaClass.getCustomKeywordClassAndSetMetaClass(CustomKeywordDelegatingMetaClass.java:96)
	at com.kms.katalon.core.main.CustomKeywordDelegatingMetaClass.invokeStaticMethod(CustomKeywordDelegatingMetaClass.java:41)
	at org.codehaus.groovy.runtime.callsite.StaticMetaClassSite.call(StaticMetaClassSite.java:53)
	at org.codehaus.groovy.runtime.callsite.CallSiteArray.defaultCall(CallSiteArray.java:48)
	at org.codehaus.groovy.runtime.callsite.AbstractCallSite.call(AbstractCallSite.java:113)
	at org.codehaus.groovy.runtime.callsite.AbstractCallSite.call(AbstractCallSite.java:117)
	at Script1542709822794.run(Script1542709822794.groovy:4)
	at com.kms.katalon.core.main.ScriptEngine.run(ScriptEngine.java:183)
	at com.kms.katalon.core.main.ScriptEngine.runScriptAsRawText(ScriptEngine.java:108)
	at com.kms.katalon.core.main.TestCaseExecutor.runScript(TestCaseExecutor.java:294)
	at com.kms.katalon.core.main.TestCaseExecutor.doExecute(TestCaseExecutor.java:285)
	at com.kms.katalon.core.main.TestCaseExecutor.processExecutionPhase(TestCaseExecutor.java:264)
	at com.kms.katalon.core.main.TestCaseExecutor.accessMainPhase(TestCaseExecutor.java:256)
	at com.kms.katalon.core.main.TestCaseExecutor.execute(TestCaseExecutor.java:200)
	at com.kms.katalon.core.main.TestSuiteExecutor.accessTestCaseMainPhase(TestSuiteExecutor.java:129)
	at com.kms.katalon.core.main.TestSuiteExecutor.accessTestSuiteMainPhase(TestSuiteExecutor.java:112)
	at com.kms.katalon.core.main.TestSuiteExecutor.execute(TestSuiteExecutor.java:81)
	at com.kms.katalon.core.main.TestCaseMain.startTestSuite(TestCaseMain.java:142)
	at com.kms.katalon.core.main.TestCaseMain$startTestSuite$0.call(Unknown Source)
	at org.codehaus.groovy.runtime.callsite.CallSiteArray.defaultCall(CallSiteArray.java:48)
	at org.codehaus.groovy.runtime.callsite.AbstractCallSite.call(AbstractCallSite.java:113)
	at org.codehaus.groovy.runtime.callsite.AbstractCallSite.call(AbstractCallSite.java:141)
	at TempTestSuite1542753231646.run(TempTestSuite1542753231646.groovy:36)
	at groovy.lang.GroovyShell.runScriptOrMainOrTestOrRunnable(GroovyShell.java:263)
	at groovy.lang.GroovyShell.run(GroovyShell.java:518)
	at groovy.lang.GroovyShell.run(GroovyShell.java:507)
	at groovy.ui.GroovyMain.processOnce(GroovyMain.java:653)
	at groovy.ui.GroovyMain.run(GroovyMain.java:384)
	at groovy.ui.GroovyMain.process(GroovyMain.java:370)
	at groovy.ui.GroovyMain.processArgs(GroovyMain.java:129)
	at groovy.ui.GroovyMain.main(GroovyMain.java:109)
	at sun.reflect.NativeMethodAccessorImpl.invoke0(Native Method)
	at sun.reflect.NativeMethodAccessorImpl.invoke(NativeMethodAccessorImpl.java:62)
	at sun.reflect.DelegatingMethodAccessorImpl.invoke(DelegatingMethodAccessorImpl.java:43)
	at java.lang.reflect.Method.invoke(Method.java:498)
	at org.codehaus.groovy.tools.GroovyStarter.rootLoader(GroovyStarter.java:109)
	at org.codehaus.groovy.tools.GroovyStarter.main(GroovyStarter.java:131)
)]]></system-err>
      </testcase>
      <testcase name="Test Cases/android/Send Money Branch/SMB_02" classname="Test Cases/android/Send Money Branch/SMB_02" status="ERROR">
         <error type="ERROR" message="Test Cases/android/Send Money Branch/SMB_02 FAILED because (of) (Stack trace: java.lang.ClassNotFoundException: android.send_money_screen
	at java.net.URLClassLoader.findClass(URLClassLoader.java:381)
	at java.lang.ClassLoader.loadClass(ClassLoader.java:424)
	at groovy.lang.GroovyClassLoader.loadClass(GroovyClassLoader.java:677)
	at groovy.lang.GroovyClassLoader.loadClass(GroovyClassLoader.java:787)
	at groovy.lang.GroovyClassLoader.loadClass(GroovyClassLoader.java:775)
	at com.kms.katalon.core.main.CustomKeywordDelegatingMetaClass.getCustomKeywordClassAndSetMetaClass(CustomKeywordDelegatingMetaClass.java:96)
	at com.kms.katalon.core.main.CustomKeywordDelegatingMetaClass.invokeStaticMethod(CustomKeywordDelegatingMetaClass.java:41)
	at org.codehaus.groovy.runtime.callsite.StaticMetaClassSite.call(StaticMetaClassSite.java:53)
	at org.codehaus.groovy.runtime.callsite.CallSiteArray.defaultCall(CallSiteArray.java:48)
	at org.codehaus.groovy.runtime.callsite.AbstractCallSite.call(AbstractCallSite.java:113)
	at org.codehaus.groovy.runtime.callsite.AbstractCallSite.call(AbstractCallSite.java:117)
	at Script1542705269946.run(Script1542705269946.groovy:4)
	at com.kms.katalon.core.main.ScriptEngine.run(ScriptEngine.java:183)
	at com.kms.katalon.core.main.ScriptEngine.runScriptAsRawText(ScriptEngine.java:108)
	at com.kms.katalon.core.main.TestCaseExecutor.runScript(TestCaseExecutor.java:294)
	at com.kms.katalon.core.main.TestCaseExecutor.doExecute(TestCaseExecutor.java:285)
	at com.kms.katalon.core.main.TestCaseExecutor.processExecutionPhase(TestCaseExecutor.java:264)
	at com.kms.katalon.core.main.TestCaseExecutor.accessMainPhase(TestCaseExecutor.java:256)
	at com.kms.katalon.core.main.TestCaseExecutor.execute(TestCaseExecutor.java:200)
	at com.kms.katalon.core.main.TestSuiteExecutor.accessTestCaseMainPhase(TestSuiteExecutor.java:129)
	at com.kms.katalon.core.main.TestSuiteExecutor.accessTestSuiteMainPhase(TestSuiteExecutor.java:112)
	at com.kms.katalon.core.main.TestSuiteExecutor.execute(TestSuiteExecutor.java:81)
	at com.kms.katalon.core.main.TestCaseMain.startTestSuite(TestCaseMain.java:142)
	at com.kms.katalon.core.main.TestCaseMain$startTestSuite$0.call(Unknown Source)
	at org.codehaus.groovy.runtime.callsite.CallSiteArray.defaultCall(CallSiteArray.java:48)
	at org.codehaus.groovy.runtime.callsite.AbstractCallSite.call(AbstractCallSite.java:113)
	at org.codehaus.groovy.runtime.callsite.AbstractCallSite.call(AbstractCallSite.java:141)
	at TempTestSuite1542753231646.run(TempTestSuite1542753231646.groovy:36)
	at groovy.lang.GroovyShell.runScriptOrMainOrTestOrRunnable(GroovyShell.java:263)
	at groovy.lang.GroovyShell.run(GroovyShell.java:518)
	at groovy.lang.GroovyShell.run(GroovyShell.java:507)
	at groovy.ui.GroovyMain.processOnce(GroovyMain.java:653)
	at groovy.ui.GroovyMain.run(GroovyMain.java:384)
	at groovy.ui.GroovyMain.process(GroovyMain.java:370)
	at groovy.ui.GroovyMain.processArgs(GroovyMain.java:129)
	at groovy.ui.GroovyMain.main(GroovyMain.java:109)
	at sun.reflect.NativeMethodAccessorImpl.invoke0(Native Method)
	at sun.reflect.NativeMethodAccessorImpl.invoke(NativeMethodAccessorImpl.java:62)
	at sun.reflect.DelegatingMethodAccessorImpl.invoke(DelegatingMethodAccessorImpl.java:43)
	at java.lang.reflect.Method.invoke(Method.java:498)
	at org.codehaus.groovy.tools.GroovyStarter.rootLoader(GroovyStarter.java:109)
	at org.codehaus.groovy.tools.GroovyStarter.main(GroovyStarter.java:131)
)"/>
         <system-out><![CDATA[2018-11-21 11:06:58 - [TEST_CASE][ERROR] - Test Cases/android/Send Money Branch/SMB_02: Test Cases/android/Send Money Branch/SMB_02 FAILED because (of) (Stack trace: java.lang.ClassNotFoundException: android.send_money_screen
	at java.net.URLClassLoader.findClass(URLClassLoader.java:381)
	at java.lang.ClassLoader.loadClass(ClassLoader.java:424)
	at groovy.lang.GroovyClassLoader.loadClass(GroovyClassLoader.java:677)
	at groovy.lang.GroovyClassLoader.loadClass(GroovyClassLoader.java:787)
	at groovy.lang.GroovyClassLoader.loadClass(GroovyClassLoader.java:775)
	at com.kms.katalon.core.main.CustomKeywordDelegatingMetaClass.getCustomKeywordClassAndSetMetaClass(CustomKeywordDelegatingMetaClass.java:96)
	at com.kms.katalon.core.main.CustomKeywordDelegatingMetaClass.invokeStaticMethod(CustomKeywordDelegatingMetaClass.java:41)
	at org.codehaus.groovy.runtime.callsite.StaticMetaClassSite.call(StaticMetaClassSite.java:53)
	at org.codehaus.groovy.runtime.callsite.CallSiteArray.defaultCall(CallSiteArray.java:48)
	at org.codehaus.groovy.runtime.callsite.AbstractCallSite.call(AbstractCallSite.java:113)
	at org.codehaus.groovy.runtime.callsite.AbstractCallSite.call(AbstractCallSite.java:117)
	at Script1542705269946.run(Script1542705269946.groovy:4)
	at com.kms.katalon.core.main.ScriptEngine.run(ScriptEngine.java:183)
	at com.kms.katalon.core.main.ScriptEngine.runScriptAsRawText(ScriptEngine.java:108)
	at com.kms.katalon.core.main.TestCaseExecutor.runScript(TestCaseExecutor.java:294)
	at com.kms.katalon.core.main.TestCaseExecutor.doExecute(TestCaseExecutor.java:285)
	at com.kms.katalon.core.main.TestCaseExecutor.processExecutionPhase(TestCaseExecutor.java:264)
	at com.kms.katalon.core.main.TestCaseExecutor.accessMainPhase(TestCaseExecutor.java:256)
	at com.kms.katalon.core.main.TestCaseExecutor.execute(TestCaseExecutor.java:200)
	at com.kms.katalon.core.main.TestSuiteExecutor.accessTestCaseMainPhase(TestSuiteExecutor.java:129)
	at com.kms.katalon.core.main.TestSuiteExecutor.accessTestSuiteMainPhase(TestSuiteExecutor.java:112)
	at com.kms.katalon.core.main.TestSuiteExecutor.execute(TestSuiteExecutor.java:81)
	at com.kms.katalon.core.main.TestCaseMain.startTestSuite(TestCaseMain.java:142)
	at com.kms.katalon.core.main.TestCaseMain$startTestSuite$0.call(Unknown Source)
	at org.codehaus.groovy.runtime.callsite.CallSiteArray.defaultCall(CallSiteArray.java:48)
	at org.codehaus.groovy.runtime.callsite.AbstractCallSite.call(AbstractCallSite.java:113)
	at org.codehaus.groovy.runtime.callsite.AbstractCallSite.call(AbstractCallSite.java:141)
	at TempTestSuite1542753231646.run(TempTestSuite1542753231646.groovy:36)
	at groovy.lang.GroovyShell.runScriptOrMainOrTestOrRunnable(GroovyShell.java:263)
	at groovy.lang.GroovyShell.run(GroovyShell.java:518)
	at groovy.lang.GroovyShell.run(GroovyShell.java:507)
	at groovy.ui.GroovyMain.processOnce(GroovyMain.java:653)
	at groovy.ui.GroovyMain.run(GroovyMain.java:384)
	at groovy.ui.GroovyMain.process(GroovyMain.java:370)
	at groovy.ui.GroovyMain.processArgs(GroovyMain.java:129)
	at groovy.ui.GroovyMain.main(GroovyMain.java:109)
	at sun.reflect.NativeMethodAccessorImpl.invoke0(Native Method)
	at sun.reflect.NativeMethodAccessorImpl.invoke(NativeMethodAccessorImpl.java:62)
	at sun.reflect.DelegatingMethodAccessorImpl.invoke(DelegatingMethodAccessorImpl.java:43)
	at java.lang.reflect.Method.invoke(Method.java:498)
	at org.codehaus.groovy.tools.GroovyStarter.rootLoader(GroovyStarter.java:109)
	at org.codehaus.groovy.tools.GroovyStarter.main(GroovyStarter.java:131)
)

2018-11-21 11:06:58 - [TEST_STEP][ERROR] - android.send_money_screen.tapPersonalInformation: android.send_money_screen

2018-11-21 11:06:58 - [MESSAGE][ERROR] - android.send_money_screen]]></system-out>
         <system-err><![CDATA[2018-11-21 11:06:58 - [TEST_CASE][ERROR] - Test Cases/android/Send Money Branch/SMB_02: Test Cases/android/Send Money Branch/SMB_02 FAILED because (of) (Stack trace: java.lang.ClassNotFoundException: android.send_money_screen
	at java.net.URLClassLoader.findClass(URLClassLoader.java:381)
	at java.lang.ClassLoader.loadClass(ClassLoader.java:424)
	at groovy.lang.GroovyClassLoader.loadClass(GroovyClassLoader.java:677)
	at groovy.lang.GroovyClassLoader.loadClass(GroovyClassLoader.java:787)
	at groovy.lang.GroovyClassLoader.loadClass(GroovyClassLoader.java:775)
	at com.kms.katalon.core.main.CustomKeywordDelegatingMetaClass.getCustomKeywordClassAndSetMetaClass(CustomKeywordDelegatingMetaClass.java:96)
	at com.kms.katalon.core.main.CustomKeywordDelegatingMetaClass.invokeStaticMethod(CustomKeywordDelegatingMetaClass.java:41)
	at org.codehaus.groovy.runtime.callsite.StaticMetaClassSite.call(StaticMetaClassSite.java:53)
	at org.codehaus.groovy.runtime.callsite.CallSiteArray.defaultCall(CallSiteArray.java:48)
	at org.codehaus.groovy.runtime.callsite.AbstractCallSite.call(AbstractCallSite.java:113)
	at org.codehaus.groovy.runtime.callsite.AbstractCallSite.call(AbstractCallSite.java:117)
	at Script1542705269946.run(Script1542705269946.groovy:4)
	at com.kms.katalon.core.main.ScriptEngine.run(ScriptEngine.java:183)
	at com.kms.katalon.core.main.ScriptEngine.runScriptAsRawText(ScriptEngine.java:108)
	at com.kms.katalon.core.main.TestCaseExecutor.runScript(TestCaseExecutor.java:294)
	at com.kms.katalon.core.main.TestCaseExecutor.doExecute(TestCaseExecutor.java:285)
	at com.kms.katalon.core.main.TestCaseExecutor.processExecutionPhase(TestCaseExecutor.java:264)
	at com.kms.katalon.core.main.TestCaseExecutor.accessMainPhase(TestCaseExecutor.java:256)
	at com.kms.katalon.core.main.TestCaseExecutor.execute(TestCaseExecutor.java:200)
	at com.kms.katalon.core.main.TestSuiteExecutor.accessTestCaseMainPhase(TestSuiteExecutor.java:129)
	at com.kms.katalon.core.main.TestSuiteExecutor.accessTestSuiteMainPhase(TestSuiteExecutor.java:112)
	at com.kms.katalon.core.main.TestSuiteExecutor.execute(TestSuiteExecutor.java:81)
	at com.kms.katalon.core.main.TestCaseMain.startTestSuite(TestCaseMain.java:142)
	at com.kms.katalon.core.main.TestCaseMain$startTestSuite$0.call(Unknown Source)
	at org.codehaus.groovy.runtime.callsite.CallSiteArray.defaultCall(CallSiteArray.java:48)
	at org.codehaus.groovy.runtime.callsite.AbstractCallSite.call(AbstractCallSite.java:113)
	at org.codehaus.groovy.runtime.callsite.AbstractCallSite.call(AbstractCallSite.java:141)
	at TempTestSuite1542753231646.run(TempTestSuite1542753231646.groovy:36)
	at groovy.lang.GroovyShell.runScriptOrMainOrTestOrRunnable(GroovyShell.java:263)
	at groovy.lang.GroovyShell.run(GroovyShell.java:518)
	at groovy.lang.GroovyShell.run(GroovyShell.java:507)
	at groovy.ui.GroovyMain.processOnce(GroovyMain.java:653)
	at groovy.ui.GroovyMain.run(GroovyMain.java:384)
	at groovy.ui.GroovyMain.process(GroovyMain.java:370)
	at groovy.ui.GroovyMain.processArgs(GroovyMain.java:129)
	at groovy.ui.GroovyMain.main(GroovyMain.java:109)
	at sun.reflect.NativeMethodAccessorImpl.invoke0(Native Method)
	at sun.reflect.NativeMethodAccessorImpl.invoke(NativeMethodAccessorImpl.java:62)
	at sun.reflect.DelegatingMethodAccessorImpl.invoke(DelegatingMethodAccessorImpl.java:43)
	at java.lang.reflect.Method.invoke(Method.java:498)
	at org.codehaus.groovy.tools.GroovyStarter.rootLoader(GroovyStarter.java:109)
	at org.codehaus.groovy.tools.GroovyStarter.main(GroovyStarter.java:131)
)]]></system-err>
      </testcase>
      <testcase name="Test Cases/android/Send Money Branch/SMB_03" classname="Test Cases/android/Send Money Branch/SMB_03" status="ERROR">
         <error type="ERROR" message="Test Cases/android/Send Money Branch/SMB_03 FAILED because (of) (Stack trace: java.lang.ClassNotFoundException: android.send_money_screen
	at java.net.URLClassLoader.findClass(URLClassLoader.java:381)
	at java.lang.ClassLoader.loadClass(ClassLoader.java:424)
	at groovy.lang.GroovyClassLoader.loadClass(GroovyClassLoader.java:677)
	at groovy.lang.GroovyClassLoader.loadClass(GroovyClassLoader.java:787)
	at groovy.lang.GroovyClassLoader.loadClass(GroovyClassLoader.java:775)
	at com.kms.katalon.core.main.CustomKeywordDelegatingMetaClass.getCustomKeywordClassAndSetMetaClass(CustomKeywordDelegatingMetaClass.java:96)
	at com.kms.katalon.core.main.CustomKeywordDelegatingMetaClass.invokeStaticMethod(CustomKeywordDelegatingMetaClass.java:41)
	at org.codehaus.groovy.runtime.callsite.StaticMetaClassSite.call(StaticMetaClassSite.java:53)
	at org.codehaus.groovy.runtime.callsite.CallSiteArray.defaultCall(CallSiteArray.java:48)
	at org.codehaus.groovy.runtime.callsite.AbstractCallSite.call(AbstractCallSite.java:113)
	at org.codehaus.groovy.runtime.callsite.AbstractCallSite.call(AbstractCallSite.java:125)
	at Script1542705817816.run(Script1542705817816.groovy:16)
	at com.kms.katalon.core.main.ScriptEngine.run(ScriptEngine.java:183)
	at com.kms.katalon.core.main.ScriptEngine.runScriptAsRawText(ScriptEngine.java:108)
	at com.kms.katalon.core.main.TestCaseExecutor.runScript(TestCaseExecutor.java:294)
	at com.kms.katalon.core.main.TestCaseExecutor.doExecute(TestCaseExecutor.java:285)
	at com.kms.katalon.core.main.TestCaseExecutor.processExecutionPhase(TestCaseExecutor.java:264)
	at com.kms.katalon.core.main.TestCaseExecutor.accessMainPhase(TestCaseExecutor.java:256)
	at com.kms.katalon.core.main.TestCaseExecutor.execute(TestCaseExecutor.java:200)
	at com.kms.katalon.core.main.TestSuiteExecutor.accessTestCaseMainPhase(TestSuiteExecutor.java:129)
	at com.kms.katalon.core.main.TestSuiteExecutor.accessTestSuiteMainPhase(TestSuiteExecutor.java:112)
	at com.kms.katalon.core.main.TestSuiteExecutor.execute(TestSuiteExecutor.java:81)
	at com.kms.katalon.core.main.TestCaseMain.startTestSuite(TestCaseMain.java:142)
	at com.kms.katalon.core.main.TestCaseMain$startTestSuite$0.call(Unknown Source)
	at org.codehaus.groovy.runtime.callsite.CallSiteArray.defaultCall(CallSiteArray.java:48)
	at org.codehaus.groovy.runtime.callsite.AbstractCallSite.call(AbstractCallSite.java:113)
	at org.codehaus.groovy.runtime.callsite.AbstractCallSite.call(AbstractCallSite.java:141)
	at TempTestSuite1542753231646.run(TempTestSuite1542753231646.groovy:36)
	at groovy.lang.GroovyShell.runScriptOrMainOrTestOrRunnable(GroovyShell.java:263)
	at groovy.lang.GroovyShell.run(GroovyShell.java:518)
	at groovy.lang.GroovyShell.run(GroovyShell.java:507)
	at groovy.ui.GroovyMain.processOnce(GroovyMain.java:653)
	at groovy.ui.GroovyMain.run(GroovyMain.java:384)
	at groovy.ui.GroovyMain.process(GroovyMain.java:370)
	at groovy.ui.GroovyMain.processArgs(GroovyMain.java:129)
	at groovy.ui.GroovyMain.main(GroovyMain.java:109)
	at sun.reflect.NativeMethodAccessorImpl.invoke0(Native Method)
	at sun.reflect.NativeMethodAccessorImpl.invoke(NativeMethodAccessorImpl.java:62)
	at sun.reflect.DelegatingMethodAccessorImpl.invoke(DelegatingMethodAccessorImpl.java:43)
	at java.lang.reflect.Method.invoke(Method.java:498)
	at org.codehaus.groovy.tools.GroovyStarter.rootLoader(GroovyStarter.java:109)
	at org.codehaus.groovy.tools.GroovyStarter.main(GroovyStarter.java:131)
)"/>
         <system-out><![CDATA[2018-11-21 11:06:58 - [TEST_CASE][ERROR] - Test Cases/android/Send Money Branch/SMB_03: Test Cases/android/Send Money Branch/SMB_03 FAILED because (of) (Stack trace: java.lang.ClassNotFoundException: android.send_money_screen
	at java.net.URLClassLoader.findClass(URLClassLoader.java:381)
	at java.lang.ClassLoader.loadClass(ClassLoader.java:424)
	at groovy.lang.GroovyClassLoader.loadClass(GroovyClassLoader.java:677)
	at groovy.lang.GroovyClassLoader.loadClass(GroovyClassLoader.java:787)
	at groovy.lang.GroovyClassLoader.loadClass(GroovyClassLoader.java:775)
	at com.kms.katalon.core.main.CustomKeywordDelegatingMetaClass.getCustomKeywordClassAndSetMetaClass(CustomKeywordDelegatingMetaClass.java:96)
	at com.kms.katalon.core.main.CustomKeywordDelegatingMetaClass.invokeStaticMethod(CustomKeywordDelegatingMetaClass.java:41)
	at org.codehaus.groovy.runtime.callsite.StaticMetaClassSite.call(StaticMetaClassSite.java:53)
	at org.codehaus.groovy.runtime.callsite.CallSiteArray.defaultCall(CallSiteArray.java:48)
	at org.codehaus.groovy.runtime.callsite.AbstractCallSite.call(AbstractCallSite.java:113)
	at org.codehaus.groovy.runtime.callsite.AbstractCallSite.call(AbstractCallSite.java:125)
	at Script1542705817816.run(Script1542705817816.groovy:16)
	at com.kms.katalon.core.main.ScriptEngine.run(ScriptEngine.java:183)
	at com.kms.katalon.core.main.ScriptEngine.runScriptAsRawText(ScriptEngine.java:108)
	at com.kms.katalon.core.main.TestCaseExecutor.runScript(TestCaseExecutor.java:294)
	at com.kms.katalon.core.main.TestCaseExecutor.doExecute(TestCaseExecutor.java:285)
	at com.kms.katalon.core.main.TestCaseExecutor.processExecutionPhase(TestCaseExecutor.java:264)
	at com.kms.katalon.core.main.TestCaseExecutor.accessMainPhase(TestCaseExecutor.java:256)
	at com.kms.katalon.core.main.TestCaseExecutor.execute(TestCaseExecutor.java:200)
	at com.kms.katalon.core.main.TestSuiteExecutor.accessTestCaseMainPhase(TestSuiteExecutor.java:129)
	at com.kms.katalon.core.main.TestSuiteExecutor.accessTestSuiteMainPhase(TestSuiteExecutor.java:112)
	at com.kms.katalon.core.main.TestSuiteExecutor.execute(TestSuiteExecutor.java:81)
	at com.kms.katalon.core.main.TestCaseMain.startTestSuite(TestCaseMain.java:142)
	at com.kms.katalon.core.main.TestCaseMain$startTestSuite$0.call(Unknown Source)
	at org.codehaus.groovy.runtime.callsite.CallSiteArray.defaultCall(CallSiteArray.java:48)
	at org.codehaus.groovy.runtime.callsite.AbstractCallSite.call(AbstractCallSite.java:113)
	at org.codehaus.groovy.runtime.callsite.AbstractCallSite.call(AbstractCallSite.java:141)
	at TempTestSuite1542753231646.run(TempTestSuite1542753231646.groovy:36)
	at groovy.lang.GroovyShell.runScriptOrMainOrTestOrRunnable(GroovyShell.java:263)
	at groovy.lang.GroovyShell.run(GroovyShell.java:518)
	at groovy.lang.GroovyShell.run(GroovyShell.java:507)
	at groovy.ui.GroovyMain.processOnce(GroovyMain.java:653)
	at groovy.ui.GroovyMain.run(GroovyMain.java:384)
	at groovy.ui.GroovyMain.process(GroovyMain.java:370)
	at groovy.ui.GroovyMain.processArgs(GroovyMain.java:129)
	at groovy.ui.GroovyMain.main(GroovyMain.java:109)
	at sun.reflect.NativeMethodAccessorImpl.invoke0(Native Method)
	at sun.reflect.NativeMethodAccessorImpl.invoke(NativeMethodAccessorImpl.java:62)
	at sun.reflect.DelegatingMethodAccessorImpl.invoke(DelegatingMethodAccessorImpl.java:43)
	at java.lang.reflect.Method.invoke(Method.java:498)
	at org.codehaus.groovy.tools.GroovyStarter.rootLoader(GroovyStarter.java:109)
	at org.codehaus.groovy.tools.GroovyStarter.main(GroovyStarter.java:131)
)

2018-11-21 11:06:58 - [TEST_STEP][PASSED] - Statement - randomFirstName = new global.random_data().firstName(): null

2018-11-21 11:06:59 - [TEST_STEP][PASSED] - Statement - randomLastName = new global.random_data().lastName(): null

2018-11-21 11:06:59 - [TEST_STEP][PASSED] - Statement - randomMobileNumber = new global.random_data().mobileNumber(): null

2018-11-21 11:06:59 - [TEST_STEP][PASSED] - Statement - firstName = randomFirstName: null

2018-11-21 11:06:59 - [TEST_STEP][PASSED] - Statement - lastName = randomLastName: null

2018-11-21 11:06:59 - [TEST_STEP][PASSED] - Statement - mobileNumber = randomMobileNumber: null

2018-11-21 11:06:59 - [TEST_STEP][PASSED] - Statement - receiverName = firstName + "  " + lastName: null

2018-11-21 11:06:59 - [TEST_STEP][ERROR] - android.send_money_screen.enterFirstName: android.send_money_screen

2018-11-21 11:06:59 - [MESSAGE][ERROR] - android.send_money_screen]]></system-out>
         <system-err><![CDATA[2018-11-21 11:06:58 - [TEST_CASE][ERROR] - Test Cases/android/Send Money Branch/SMB_03: Test Cases/android/Send Money Branch/SMB_03 FAILED because (of) (Stack trace: java.lang.ClassNotFoundException: android.send_money_screen
	at java.net.URLClassLoader.findClass(URLClassLoader.java:381)
	at java.lang.ClassLoader.loadClass(ClassLoader.java:424)
	at groovy.lang.GroovyClassLoader.loadClass(GroovyClassLoader.java:677)
	at groovy.lang.GroovyClassLoader.loadClass(GroovyClassLoader.java:787)
	at groovy.lang.GroovyClassLoader.loadClass(GroovyClassLoader.java:775)
	at com.kms.katalon.core.main.CustomKeywordDelegatingMetaClass.getCustomKeywordClassAndSetMetaClass(CustomKeywordDelegatingMetaClass.java:96)
	at com.kms.katalon.core.main.CustomKeywordDelegatingMetaClass.invokeStaticMethod(CustomKeywordDelegatingMetaClass.java:41)
	at org.codehaus.groovy.runtime.callsite.StaticMetaClassSite.call(StaticMetaClassSite.java:53)
	at org.codehaus.groovy.runtime.callsite.CallSiteArray.defaultCall(CallSiteArray.java:48)
	at org.codehaus.groovy.runtime.callsite.AbstractCallSite.call(AbstractCallSite.java:113)
	at org.codehaus.groovy.runtime.callsite.AbstractCallSite.call(AbstractCallSite.java:125)
	at Script1542705817816.run(Script1542705817816.groovy:16)
	at com.kms.katalon.core.main.ScriptEngine.run(ScriptEngine.java:183)
	at com.kms.katalon.core.main.ScriptEngine.runScriptAsRawText(ScriptEngine.java:108)
	at com.kms.katalon.core.main.TestCaseExecutor.runScript(TestCaseExecutor.java:294)
	at com.kms.katalon.core.main.TestCaseExecutor.doExecute(TestCaseExecutor.java:285)
	at com.kms.katalon.core.main.TestCaseExecutor.processExecutionPhase(TestCaseExecutor.java:264)
	at com.kms.katalon.core.main.TestCaseExecutor.accessMainPhase(TestCaseExecutor.java:256)
	at com.kms.katalon.core.main.TestCaseExecutor.execute(TestCaseExecutor.java:200)
	at com.kms.katalon.core.main.TestSuiteExecutor.accessTestCaseMainPhase(TestSuiteExecutor.java:129)
	at com.kms.katalon.core.main.TestSuiteExecutor.accessTestSuiteMainPhase(TestSuiteExecutor.java:112)
	at com.kms.katalon.core.main.TestSuiteExecutor.execute(TestSuiteExecutor.java:81)
	at com.kms.katalon.core.main.TestCaseMain.startTestSuite(TestCaseMain.java:142)
	at com.kms.katalon.core.main.TestCaseMain$startTestSuite$0.call(Unknown Source)
	at org.codehaus.groovy.runtime.callsite.CallSiteArray.defaultCall(CallSiteArray.java:48)
	at org.codehaus.groovy.runtime.callsite.AbstractCallSite.call(AbstractCallSite.java:113)
	at org.codehaus.groovy.runtime.callsite.AbstractCallSite.call(AbstractCallSite.java:141)
	at TempTestSuite1542753231646.run(TempTestSuite1542753231646.groovy:36)
	at groovy.lang.GroovyShell.runScriptOrMainOrTestOrRunnable(GroovyShell.java:263)
	at groovy.lang.GroovyShell.run(GroovyShell.java:518)
	at groovy.lang.GroovyShell.run(GroovyShell.java:507)
	at groovy.ui.GroovyMain.processOnce(GroovyMain.java:653)
	at groovy.ui.GroovyMain.run(GroovyMain.java:384)
	at groovy.ui.GroovyMain.process(GroovyMain.java:370)
	at groovy.ui.GroovyMain.processArgs(GroovyMain.java:129)
	at groovy.ui.GroovyMain.main(GroovyMain.java:109)
	at sun.reflect.NativeMethodAccessorImpl.invoke0(Native Method)
	at sun.reflect.NativeMethodAccessorImpl.invoke(NativeMethodAccessorImpl.java:62)
	at sun.reflect.DelegatingMethodAccessorImpl.invoke(DelegatingMethodAccessorImpl.java:43)
	at java.lang.reflect.Method.invoke(Method.java:498)
	at org.codehaus.groovy.tools.GroovyStarter.rootLoader(GroovyStarter.java:109)
	at org.codehaus.groovy.tools.GroovyStarter.main(GroovyStarter.java:131)
)]]></system-err>
      </testcase>
      <testcase name="Test Cases/android/Send Money Branch/SMB_04" classname="Test Cases/android/Send Money Branch/SMB_04" status="ERROR">
         <error type="ERROR" message="Test Cases/android/Send Money Branch/SMB_04 FAILED because (of) (Stack trace: java.lang.ClassNotFoundException: android.send_money_screen
	at java.net.URLClassLoader.findClass(URLClassLoader.java:381)
	at java.lang.ClassLoader.loadClass(ClassLoader.java:424)
	at groovy.lang.GroovyClassLoader.loadClass(GroovyClassLoader.java:677)
	at groovy.lang.GroovyClassLoader.loadClass(GroovyClassLoader.java:787)
	at groovy.lang.GroovyClassLoader.loadClass(GroovyClassLoader.java:775)
	at com.kms.katalon.core.main.CustomKeywordDelegatingMetaClass.getCustomKeywordClassAndSetMetaClass(CustomKeywordDelegatingMetaClass.java:96)
	at com.kms.katalon.core.main.CustomKeywordDelegatingMetaClass.invokeStaticMethod(CustomKeywordDelegatingMetaClass.java:41)
	at org.codehaus.groovy.runtime.callsite.StaticMetaClassSite.call(StaticMetaClassSite.java:53)
	at org.codehaus.groovy.runtime.callsite.CallSiteArray.defaultCall(CallSiteArray.java:48)
	at org.codehaus.groovy.runtime.callsite.AbstractCallSite.call(AbstractCallSite.java:113)
	at org.codehaus.groovy.runtime.callsite.AbstractCallSite.call(AbstractCallSite.java:117)
	at Script1542707040463.run(Script1542707040463.groovy:5)
	at com.kms.katalon.core.main.ScriptEngine.run(ScriptEngine.java:183)
	at com.kms.katalon.core.main.ScriptEngine.runScriptAsRawText(ScriptEngine.java:108)
	at com.kms.katalon.core.main.TestCaseExecutor.runScript(TestCaseExecutor.java:294)
	at com.kms.katalon.core.main.TestCaseExecutor.doExecute(TestCaseExecutor.java:285)
	at com.kms.katalon.core.main.TestCaseExecutor.processExecutionPhase(TestCaseExecutor.java:264)
	at com.kms.katalon.core.main.TestCaseExecutor.accessMainPhase(TestCaseExecutor.java:256)
	at com.kms.katalon.core.main.TestCaseExecutor.execute(TestCaseExecutor.java:200)
	at com.kms.katalon.core.main.TestSuiteExecutor.accessTestCaseMainPhase(TestSuiteExecutor.java:129)
	at com.kms.katalon.core.main.TestSuiteExecutor.accessTestSuiteMainPhase(TestSuiteExecutor.java:112)
	at com.kms.katalon.core.main.TestSuiteExecutor.execute(TestSuiteExecutor.java:81)
	at com.kms.katalon.core.main.TestCaseMain.startTestSuite(TestCaseMain.java:142)
	at com.kms.katalon.core.main.TestCaseMain$startTestSuite$0.call(Unknown Source)
	at org.codehaus.groovy.runtime.callsite.CallSiteArray.defaultCall(CallSiteArray.java:48)
	at org.codehaus.groovy.runtime.callsite.AbstractCallSite.call(AbstractCallSite.java:113)
	at org.codehaus.groovy.runtime.callsite.AbstractCallSite.call(AbstractCallSite.java:141)
	at TempTestSuite1542753231646.run(TempTestSuite1542753231646.groovy:36)
	at groovy.lang.GroovyShell.runScriptOrMainOrTestOrRunnable(GroovyShell.java:263)
	at groovy.lang.GroovyShell.run(GroovyShell.java:518)
	at groovy.lang.GroovyShell.run(GroovyShell.java:507)
	at groovy.ui.GroovyMain.processOnce(GroovyMain.java:653)
	at groovy.ui.GroovyMain.run(GroovyMain.java:384)
	at groovy.ui.GroovyMain.process(GroovyMain.java:370)
	at groovy.ui.GroovyMain.processArgs(GroovyMain.java:129)
	at groovy.ui.GroovyMain.main(GroovyMain.java:109)
	at sun.reflect.NativeMethodAccessorImpl.invoke0(Native Method)
	at sun.reflect.NativeMethodAccessorImpl.invoke(NativeMethodAccessorImpl.java:62)
	at sun.reflect.DelegatingMethodAccessorImpl.invoke(DelegatingMethodAccessorImpl.java:43)
	at java.lang.reflect.Method.invoke(Method.java:498)
	at org.codehaus.groovy.tools.GroovyStarter.rootLoader(GroovyStarter.java:109)
	at org.codehaus.groovy.tools.GroovyStarter.main(GroovyStarter.java:131)
)"/>
         <system-out><![CDATA[2018-11-21 11:06:59 - [TEST_CASE][ERROR] - Test Cases/android/Send Money Branch/SMB_04: Test Cases/android/Send Money Branch/SMB_04 FAILED because (of) (Stack trace: java.lang.ClassNotFoundException: android.send_money_screen
	at java.net.URLClassLoader.findClass(URLClassLoader.java:381)
	at java.lang.ClassLoader.loadClass(ClassLoader.java:424)
	at groovy.lang.GroovyClassLoader.loadClass(GroovyClassLoader.java:677)
	at groovy.lang.GroovyClassLoader.loadClass(GroovyClassLoader.java:787)
	at groovy.lang.GroovyClassLoader.loadClass(GroovyClassLoader.java:775)
	at com.kms.katalon.core.main.CustomKeywordDelegatingMetaClass.getCustomKeywordClassAndSetMetaClass(CustomKeywordDelegatingMetaClass.java:96)
	at com.kms.katalon.core.main.CustomKeywordDelegatingMetaClass.invokeStaticMethod(CustomKeywordDelegatingMetaClass.java:41)
	at org.codehaus.groovy.runtime.callsite.StaticMetaClassSite.call(StaticMetaClassSite.java:53)
	at org.codehaus.groovy.runtime.callsite.CallSiteArray.defaultCall(CallSiteArray.java:48)
	at org.codehaus.groovy.runtime.callsite.AbstractCallSite.call(AbstractCallSite.java:113)
	at org.codehaus.groovy.runtime.callsite.AbstractCallSite.call(AbstractCallSite.java:117)
	at Script1542707040463.run(Script1542707040463.groovy:5)
	at com.kms.katalon.core.main.ScriptEngine.run(ScriptEngine.java:183)
	at com.kms.katalon.core.main.ScriptEngine.runScriptAsRawText(ScriptEngine.java:108)
	at com.kms.katalon.core.main.TestCaseExecutor.runScript(TestCaseExecutor.java:294)
	at com.kms.katalon.core.main.TestCaseExecutor.doExecute(TestCaseExecutor.java:285)
	at com.kms.katalon.core.main.TestCaseExecutor.processExecutionPhase(TestCaseExecutor.java:264)
	at com.kms.katalon.core.main.TestCaseExecutor.accessMainPhase(TestCaseExecutor.java:256)
	at com.kms.katalon.core.main.TestCaseExecutor.execute(TestCaseExecutor.java:200)
	at com.kms.katalon.core.main.TestSuiteExecutor.accessTestCaseMainPhase(TestSuiteExecutor.java:129)
	at com.kms.katalon.core.main.TestSuiteExecutor.accessTestSuiteMainPhase(TestSuiteExecutor.java:112)
	at com.kms.katalon.core.main.TestSuiteExecutor.execute(TestSuiteExecutor.java:81)
	at com.kms.katalon.core.main.TestCaseMain.startTestSuite(TestCaseMain.java:142)
	at com.kms.katalon.core.main.TestCaseMain$startTestSuite$0.call(Unknown Source)
	at org.codehaus.groovy.runtime.callsite.CallSiteArray.defaultCall(CallSiteArray.java:48)
	at org.codehaus.groovy.runtime.callsite.AbstractCallSite.call(AbstractCallSite.java:113)
	at org.codehaus.groovy.runtime.callsite.AbstractCallSite.call(AbstractCallSite.java:141)
	at TempTestSuite1542753231646.run(TempTestSuite1542753231646.groovy:36)
	at groovy.lang.GroovyShell.runScriptOrMainOrTestOrRunnable(GroovyShell.java:263)
	at groovy.lang.GroovyShell.run(GroovyShell.java:518)
	at groovy.lang.GroovyShell.run(GroovyShell.java:507)
	at groovy.ui.GroovyMain.processOnce(GroovyMain.java:653)
	at groovy.ui.GroovyMain.run(GroovyMain.java:384)
	at groovy.ui.GroovyMain.process(GroovyMain.java:370)
	at groovy.ui.GroovyMain.processArgs(GroovyMain.java:129)
	at groovy.ui.GroovyMain.main(GroovyMain.java:109)
	at sun.reflect.NativeMethodAccessorImpl.invoke0(Native Method)
	at sun.reflect.NativeMethodAccessorImpl.invoke(NativeMethodAccessorImpl.java:62)
	at sun.reflect.DelegatingMethodAccessorImpl.invoke(DelegatingMethodAccessorImpl.java:43)
	at java.lang.reflect.Method.invoke(Method.java:498)
	at org.codehaus.groovy.tools.GroovyStarter.rootLoader(GroovyStarter.java:109)
	at org.codehaus.groovy.tools.GroovyStarter.main(GroovyStarter.java:131)
)

2018-11-21 11:06:59 - [TEST_STEP][ERROR] - android.send_money_screen.tapPersonalInformation: android.send_money_screen

2018-11-21 11:06:59 - [MESSAGE][ERROR] - android.send_money_screen]]></system-out>
         <system-err><![CDATA[2018-11-21 11:06:59 - [TEST_CASE][ERROR] - Test Cases/android/Send Money Branch/SMB_04: Test Cases/android/Send Money Branch/SMB_04 FAILED because (of) (Stack trace: java.lang.ClassNotFoundException: android.send_money_screen
	at java.net.URLClassLoader.findClass(URLClassLoader.java:381)
	at java.lang.ClassLoader.loadClass(ClassLoader.java:424)
	at groovy.lang.GroovyClassLoader.loadClass(GroovyClassLoader.java:677)
	at groovy.lang.GroovyClassLoader.loadClass(GroovyClassLoader.java:787)
	at groovy.lang.GroovyClassLoader.loadClass(GroovyClassLoader.java:775)
	at com.kms.katalon.core.main.CustomKeywordDelegatingMetaClass.getCustomKeywordClassAndSetMetaClass(CustomKeywordDelegatingMetaClass.java:96)
	at com.kms.katalon.core.main.CustomKeywordDelegatingMetaClass.invokeStaticMethod(CustomKeywordDelegatingMetaClass.java:41)
	at org.codehaus.groovy.runtime.callsite.StaticMetaClassSite.call(StaticMetaClassSite.java:53)
	at org.codehaus.groovy.runtime.callsite.CallSiteArray.defaultCall(CallSiteArray.java:48)
	at org.codehaus.groovy.runtime.callsite.AbstractCallSite.call(AbstractCallSite.java:113)
	at org.codehaus.groovy.runtime.callsite.AbstractCallSite.call(AbstractCallSite.java:117)
	at Script1542707040463.run(Script1542707040463.groovy:5)
	at com.kms.katalon.core.main.ScriptEngine.run(ScriptEngine.java:183)
	at com.kms.katalon.core.main.ScriptEngine.runScriptAsRawText(ScriptEngine.java:108)
	at com.kms.katalon.core.main.TestCaseExecutor.runScript(TestCaseExecutor.java:294)
	at com.kms.katalon.core.main.TestCaseExecutor.doExecute(TestCaseExecutor.java:285)
	at com.kms.katalon.core.main.TestCaseExecutor.processExecutionPhase(TestCaseExecutor.java:264)
	at com.kms.katalon.core.main.TestCaseExecutor.accessMainPhase(TestCaseExecutor.java:256)
	at com.kms.katalon.core.main.TestCaseExecutor.execute(TestCaseExecutor.java:200)
	at com.kms.katalon.core.main.TestSuiteExecutor.accessTestCaseMainPhase(TestSuiteExecutor.java:129)
	at com.kms.katalon.core.main.TestSuiteExecutor.accessTestSuiteMainPhase(TestSuiteExecutor.java:112)
	at com.kms.katalon.core.main.TestSuiteExecutor.execute(TestSuiteExecutor.java:81)
	at com.kms.katalon.core.main.TestCaseMain.startTestSuite(TestCaseMain.java:142)
	at com.kms.katalon.core.main.TestCaseMain$startTestSuite$0.call(Unknown Source)
	at org.codehaus.groovy.runtime.callsite.CallSiteArray.defaultCall(CallSiteArray.java:48)
	at org.codehaus.groovy.runtime.callsite.AbstractCallSite.call(AbstractCallSite.java:113)
	at org.codehaus.groovy.runtime.callsite.AbstractCallSite.call(AbstractCallSite.java:141)
	at TempTestSuite1542753231646.run(TempTestSuite1542753231646.groovy:36)
	at groovy.lang.GroovyShell.runScriptOrMainOrTestOrRunnable(GroovyShell.java:263)
	at groovy.lang.GroovyShell.run(GroovyShell.java:518)
	at groovy.lang.GroovyShell.run(GroovyShell.java:507)
	at groovy.ui.GroovyMain.processOnce(GroovyMain.java:653)
	at groovy.ui.GroovyMain.run(GroovyMain.java:384)
	at groovy.ui.GroovyMain.process(GroovyMain.java:370)
	at groovy.ui.GroovyMain.processArgs(GroovyMain.java:129)
	at groovy.ui.GroovyMain.main(GroovyMain.java:109)
	at sun.reflect.NativeMethodAccessorImpl.invoke0(Native Method)
	at sun.reflect.NativeMethodAccessorImpl.invoke(NativeMethodAccessorImpl.java:62)
	at sun.reflect.DelegatingMethodAccessorImpl.invoke(DelegatingMethodAccessorImpl.java:43)
	at java.lang.reflect.Method.invoke(Method.java:498)
	at org.codehaus.groovy.tools.GroovyStarter.rootLoader(GroovyStarter.java:109)
	at org.codehaus.groovy.tools.GroovyStarter.main(GroovyStarter.java:131)
)]]></system-err>
      </testcase>
      <system-out><![CDATA[2018-11-21 06:33:53 - [TEST_SUITE][FAILED] - Android Test Suite: Test Cases/android/Login/LOG_10 FAILED because (of) (Stack trace: com.kms.katalon.core.exception.StepFailedException: Element 'Object Repository/android/Navigation menu/My Account Menu' is exist
	at com.kms.katalon.core.keyword.internal.KeywordMain.stepFailed(KeywordMain.groovy:32)
	at com.kms.katalon.core.mobile.keyword.internal.MobileKeywordMain.stepFailed(MobileKeywordMain.groovy:40)
	at com.kms.katalon.core.mobile.keyword.builtin.VerifyElementNotExistKeyword$_verifyElementNotExist_closure1.doCall(VerifyElementNotExistKeyword.groovy:74)
	at com.kms.katalon.core.mobile.keyword.builtin.VerifyElementNotExistKeyword$_verifyElementNotExist_closure1.call(VerifyElementNotExistKeyword.groovy)
	at com.kms.katalon.core.mobile.keyword.internal.MobileKeywordMain.runKeyword(MobileKeywordMain.groovy:21)
	at com.kms.katalon.core.mobile.keyword.builtin.VerifyElementNotExistKeyword.verifyElementNotExist(VerifyElementNotExistKeyword.groovy:80)
	at com.kms.katalon.core.mobile.keyword.builtin.VerifyElementNotExistKeyword.execute(VerifyElementNotExistKeyword.groovy:64)
	at com.kms.katalon.core.keyword.internal.KeywordExecutor.executeKeywordForPlatform(KeywordExecutor.groovy:53)
	at com.kms.katalon.core.mobile.keyword.MobileBuiltInKeywords.verifyElementNotExist(MobileBuiltInKeywords.groovy:638)
	at com.kms.katalon.core.mobile.keyword.MobileBuiltInKeywords$verifyElementNotExist$7.call(Unknown Source)
	at global.verify_element.notExist(verify_element.groovy:43)
	at sun.reflect.NativeMethodAccessorImpl.invoke0(Native Method)
	at sun.reflect.NativeMethodAccessorImpl.invoke(NativeMethodAccessorImpl.java:62)
	at sun.reflect.DelegatingMethodAccessorImpl.invoke(DelegatingMethodAccessorImpl.java:43)
	at java.lang.reflect.Method.invoke(Method.java:498)
	at org.codehaus.groovy.reflection.CachedMethod.invoke(CachedMethod.java:93)
	at groovy.lang.MetaMethod.doMethodInvoke(MetaMethod.java:325)
	at groovy.lang.MetaClassImpl.invokeMethod(MetaClassImpl.java:1215)
	at groovy.lang.MetaClassImpl.invokeMethod(MetaClassImpl.java:1024)
	at groovy.lang.MetaClassImpl.invokeMethod(MetaClassImpl.java:812)
	at groovy.lang.DelegatingMetaClass.invokeMethod(DelegatingMetaClass.java:144)
	at global.verify_element.invokeMethod(verify_element.groovy)
	at com.kms.katalon.core.main.CustomKeywordDelegatingMetaClass.invokeStaticMethod(CustomKeywordDelegatingMetaClass.java:46)
	at org.codehaus.groovy.runtime.callsite.StaticMetaClassSite.call(StaticMetaClassSite.java:53)
	at org.codehaus.groovy.runtime.callsite.CallSiteArray.defaultCall(CallSiteArray.java:48)
	at org.codehaus.groovy.runtime.callsite.AbstractCallSite.call(AbstractCallSite.java:113)
	at org.codehaus.groovy.runtime.callsite.AbstractCallSite.call(AbstractCallSite.java:125)
	at Script1542614523706.run(Script1542614523706.groovy:17)
	at com.kms.katalon.core.main.ScriptEngine.run(ScriptEngine.java:183)
	at com.kms.katalon.core.main.ScriptEngine.runScriptAsRawText(ScriptEngine.java:108)
	at com.kms.katalon.core.main.TestCaseExecutor.runScript(TestCaseExecutor.java:294)
	at com.kms.katalon.core.main.TestCaseExecutor.doExecute(TestCaseExecutor.java:285)
	at com.kms.katalon.core.main.TestCaseExecutor.processExecutionPhase(TestCaseExecutor.java:264)
	at com.kms.katalon.core.main.TestCaseExecutor.accessMainPhase(TestCaseExecutor.java:256)
	at com.kms.katalon.core.main.TestCaseExecutor.execute(TestCaseExecutor.java:200)
	at com.kms.katalon.core.main.TestSuiteExecutor.accessTestCaseMainPhase(TestSuiteExecutor.java:129)
	at com.kms.katalon.core.main.TestSuiteExecutor.accessTestSuiteMainPhase(TestSuiteExecutor.java:112)
	at com.kms.katalon.core.main.TestSuiteExecutor.execute(TestSuiteExecutor.java:81)
	at com.kms.katalon.core.main.TestCaseMain.startTestSuite(TestCaseMain.java:142)
	at com.kms.katalon.core.main.TestCaseMain$startTestSuite$0.call(Unknown Source)
	at org.codehaus.groovy.runtime.callsite.CallSiteArray.defaultCall(CallSiteArray.java:48)
	at org.codehaus.groovy.runtime.callsite.AbstractCallSite.call(AbstractCallSite.java:113)
	at org.codehaus.groovy.runtime.callsite.AbstractCallSite.call(AbstractCallSite.java:141)
	at TempTestSuite1542753231646.run(TempTestSuite1542753231646.groovy:36)
	at groovy.lang.GroovyShell.runScriptOrMainOrTestOrRunnable(GroovyShell.java:263)
	at groovy.lang.GroovyShell.run(GroovyShell.java:518)
	at groovy.lang.GroovyShell.run(GroovyShell.java:507)
	at groovy.ui.GroovyMain.processOnce(GroovyMain.java:653)
	at groovy.ui.GroovyMain.run(GroovyMain.java:384)
	at groovy.ui.GroovyMain.process(GroovyMain.java:370)
	at groovy.ui.GroovyMain.processArgs(GroovyMain.java:129)
	at groovy.ui.GroovyMain.main(GroovyMain.java:109)
	at sun.reflect.NativeMethodAccessorImpl.invoke0(Native Method)
	at sun.reflect.NativeMethodAccessorImpl.invoke(NativeMethodAccessorImpl.java:62)
	at sun.reflect.DelegatingMethodAccessorImpl.invoke(DelegatingMethodAccessorImpl.java:43)
	at java.lang.reflect.Method.invoke(Method.java:498)
	at org.codehaus.groovy.tools.GroovyStarter.rootLoader(GroovyStarter.java:109)
	at org.codehaus.groovy.tools.GroovyStarter.main(GroovyStarter.java:131)
)]]></system-out>
      <system-err><![CDATA[2018-11-21 06:33:53 - [TEST_SUITE][FAILED] - Android Test Suite: Test Cases/android/Login/LOG_10 FAILED because (of) (Stack trace: com.kms.katalon.core.exception.StepFailedException: Element 'Object Repository/android/Navigation menu/My Account Menu' is exist
	at com.kms.katalon.core.keyword.internal.KeywordMain.stepFailed(KeywordMain.groovy:32)
	at com.kms.katalon.core.mobile.keyword.internal.MobileKeywordMain.stepFailed(MobileKeywordMain.groovy:40)
	at com.kms.katalon.core.mobile.keyword.builtin.VerifyElementNotExistKeyword$_verifyElementNotExist_closure1.doCall(VerifyElementNotExistKeyword.groovy:74)
	at com.kms.katalon.core.mobile.keyword.builtin.VerifyElementNotExistKeyword$_verifyElementNotExist_closure1.call(VerifyElementNotExistKeyword.groovy)
	at com.kms.katalon.core.mobile.keyword.internal.MobileKeywordMain.runKeyword(MobileKeywordMain.groovy:21)
	at com.kms.katalon.core.mobile.keyword.builtin.VerifyElementNotExistKeyword.verifyElementNotExist(VerifyElementNotExistKeyword.groovy:80)
	at com.kms.katalon.core.mobile.keyword.builtin.VerifyElementNotExistKeyword.execute(VerifyElementNotExistKeyword.groovy:64)
	at com.kms.katalon.core.keyword.internal.KeywordExecutor.executeKeywordForPlatform(KeywordExecutor.groovy:53)
	at com.kms.katalon.core.mobile.keyword.MobileBuiltInKeywords.verifyElementNotExist(MobileBuiltInKeywords.groovy:638)
	at com.kms.katalon.core.mobile.keyword.MobileBuiltInKeywords$verifyElementNotExist$7.call(Unknown Source)
	at global.verify_element.notExist(verify_element.groovy:43)
	at sun.reflect.NativeMethodAccessorImpl.invoke0(Native Method)
	at sun.reflect.NativeMethodAccessorImpl.invoke(NativeMethodAccessorImpl.java:62)
	at sun.reflect.DelegatingMethodAccessorImpl.invoke(DelegatingMethodAccessorImpl.java:43)
	at java.lang.reflect.Method.invoke(Method.java:498)
	at org.codehaus.groovy.reflection.CachedMethod.invoke(CachedMethod.java:93)
	at groovy.lang.MetaMethod.doMethodInvoke(MetaMethod.java:325)
	at groovy.lang.MetaClassImpl.invokeMethod(MetaClassImpl.java:1215)
	at groovy.lang.MetaClassImpl.invokeMethod(MetaClassImpl.java:1024)
	at groovy.lang.MetaClassImpl.invokeMethod(MetaClassImpl.java:812)
	at groovy.lang.DelegatingMetaClass.invokeMethod(DelegatingMetaClass.java:144)
	at global.verify_element.invokeMethod(verify_element.groovy)
	at com.kms.katalon.core.main.CustomKeywordDelegatingMetaClass.invokeStaticMethod(CustomKeywordDelegatingMetaClass.java:46)
	at org.codehaus.groovy.runtime.callsite.StaticMetaClassSite.call(StaticMetaClassSite.java:53)
	at org.codehaus.groovy.runtime.callsite.CallSiteArray.defaultCall(CallSiteArray.java:48)
	at org.codehaus.groovy.runtime.callsite.AbstractCallSite.call(AbstractCallSite.java:113)
	at org.codehaus.groovy.runtime.callsite.AbstractCallSite.call(AbstractCallSite.java:125)
	at Script1542614523706.run(Script1542614523706.groovy:17)
	at com.kms.katalon.core.main.ScriptEngine.run(ScriptEngine.java:183)
	at com.kms.katalon.core.main.ScriptEngine.runScriptAsRawText(ScriptEngine.java:108)
	at com.kms.katalon.core.main.TestCaseExecutor.runScript(TestCaseExecutor.java:294)
	at com.kms.katalon.core.main.TestCaseExecutor.doExecute(TestCaseExecutor.java:285)
	at com.kms.katalon.core.main.TestCaseExecutor.processExecutionPhase(TestCaseExecutor.java:264)
	at com.kms.katalon.core.main.TestCaseExecutor.accessMainPhase(TestCaseExecutor.java:256)
	at com.kms.katalon.core.main.TestCaseExecutor.execute(TestCaseExecutor.java:200)
	at com.kms.katalon.core.main.TestSuiteExecutor.accessTestCaseMainPhase(TestSuiteExecutor.java:129)
	at com.kms.katalon.core.main.TestSuiteExecutor.accessTestSuiteMainPhase(TestSuiteExecutor.java:112)
	at com.kms.katalon.core.main.TestSuiteExecutor.execute(TestSuiteExecutor.java:81)
	at com.kms.katalon.core.main.TestCaseMain.startTestSuite(TestCaseMain.java:142)
	at com.kms.katalon.core.main.TestCaseMain$startTestSuite$0.call(Unknown Source)
	at org.codehaus.groovy.runtime.callsite.CallSiteArray.defaultCall(CallSiteArray.java:48)
	at org.codehaus.groovy.runtime.callsite.AbstractCallSite.call(AbstractCallSite.java:113)
	at org.codehaus.groovy.runtime.callsite.AbstractCallSite.call(AbstractCallSite.java:141)
	at TempTestSuite1542753231646.run(TempTestSuite1542753231646.groovy:36)
	at groovy.lang.GroovyShell.runScriptOrMainOrTestOrRunnable(GroovyShell.java:263)
	at groovy.lang.GroovyShell.run(GroovyShell.java:518)
	at groovy.lang.GroovyShell.run(GroovyShell.java:507)
	at groovy.ui.GroovyMain.processOnce(GroovyMain.java:653)
	at groovy.ui.GroovyMain.run(GroovyMain.java:384)
	at groovy.ui.GroovyMain.process(GroovyMain.java:370)
	at groovy.ui.GroovyMain.processArgs(GroovyMain.java:129)
	at groovy.ui.GroovyMain.main(GroovyMain.java:109)
	at sun.reflect.NativeMethodAccessorImpl.invoke0(Native Method)
	at sun.reflect.NativeMethodAccessorImpl.invoke(NativeMethodAccessorImpl.java:62)
	at sun.reflect.DelegatingMethodAccessorImpl.invoke(DelegatingMethodAccessorImpl.java:43)
	at java.lang.reflect.Method.invoke(Method.java:498)
	at org.codehaus.groovy.tools.GroovyStarter.rootLoader(GroovyStarter.java:109)
	at org.codehaus.groovy.tools.GroovyStarter.main(GroovyStarter.java:131)
)]]></system-err>
   </testsuite>
</testsuites>
